{"/Users/binvog/Documents/UNSW 2023T1/COMP1531/Indiv_projectbackend/iter4-project-backend/src/server.ts":{"path":"/Users/binvog/Documents/UNSW 2023T1/COMP1531/Indiv_projectbackend/iter4-project-backend/src/server.ts","statementMap":{"0":{"start":{"line":2,"column":22},"end":{"line":12,"column":3}},"1":{"start":{"line":3,"column":4},"end":{"line":3,"column":33}},"2":{"start":{"line":3,"column":26},"end":{"line":3,"column":33}},"3":{"start":{"line":4,"column":15},"end":{"line":4,"column":52}},"4":{"start":{"line":5,"column":4},"end":{"line":7,"column":5}},"5":{"start":{"line":6,"column":6},"end":{"line":6,"column":68}},"6":{"start":{"line":6,"column":51},"end":{"line":6,"column":63}},"7":{"start":{"line":8,"column":4},"end":{"line":8,"column":39}},"8":{"start":{"line":10,"column":4},"end":{"line":10,"column":33}},"9":{"start":{"line":10,"column":26},"end":{"line":10,"column":33}},"10":{"start":{"line":11,"column":4},"end":{"line":11,"column":17}},"11":{"start":{"line":13,"column":25},"end":{"line":17,"column":2}},"12":{"start":{"line":14,"column":4},"end":{"line":14,"column":72}},"13":{"start":{"line":16,"column":4},"end":{"line":16,"column":21}},"14":{"start":{"line":18,"column":19},"end":{"line":24,"column":1}},"15":{"start":{"line":19,"column":4},"end":{"line":19,"column":42}},"16":{"start":{"line":19,"column":31},"end":{"line":19,"column":42}},"17":{"start":{"line":20,"column":17},"end":{"line":20,"column":19}},"18":{"start":{"line":21,"column":4},"end":{"line":21,"column":141}},"19":{"start":{"line":21,"column":21},"end":{"line":21,"column":141}},"20":{"start":{"line":21,"column":40},"end":{"line":21,"column":141}},"21":{"start":{"line":21,"column":109},"end":{"line":21,"column":141}},"22":{"start":{"line":22,"column":4},"end":{"line":22,"column":36}},"23":{"start":{"line":23,"column":4},"end":{"line":23,"column":18}},"24":{"start":{"line":25,"column":22},"end":{"line":27,"column":1}},"25":{"start":{"line":26,"column":4},"end":{"line":26,"column":62}},"26":{"start":{"line":28,"column":0},"end":{"line":28,"column":62}},"27":{"start":{"line":29,"column":16},"end":{"line":29,"column":48}},"28":{"start":{"line":30,"column":13},"end":{"line":30,"column":30}},"29":{"start":{"line":31,"column":15},"end":{"line":31,"column":49}},"30":{"start":{"line":32,"column":20},"end":{"line":32,"column":61}},"31":{"start":{"line":33,"column":13},"end":{"line":33,"column":45}},"32":{"start":{"line":34,"column":31},"end":{"line":34,"column":81}},"33":{"start":{"line":35,"column":13},"end":{"line":35,"column":30}},"34":{"start":{"line":36,"column":17},"end":{"line":36,"column":38}},"35":{"start":{"line":37,"column":16},"end":{"line":37,"column":36}},"36":{"start":{"line":38,"column":16},"end":{"line":38,"column":36}},"37":{"start":{"line":39,"column":14},"end":{"line":39,"column":32}},"38":{"start":{"line":40,"column":11},"end":{"line":40,"column":26}},"39":{"start":{"line":42,"column":14},"end":{"line":42,"column":32}},"40":{"start":{"line":43,"column":16},"end":{"line":43,"column":36}},"41":{"start":{"line":44,"column":14},"end":{"line":44,"column":32}},"42":{"start":{"line":46,"column":10},"end":{"line":46,"column":34}},"43":{"start":{"line":48,"column":0},"end":{"line":48,"column":31}},"44":{"start":{"line":50,"column":0},"end":{"line":50,"column":31}},"45":{"start":{"line":52,"column":0},"end":{"line":52,"column":38}},"46":{"start":{"line":54,"column":0},"end":{"line":54,"column":49}},"47":{"start":{"line":55,"column":11},"end":{"line":55,"column":67}},"48":{"start":{"line":56,"column":11},"end":{"line":56,"column":40}},"49":{"start":{"line":58,"column":0},"end":{"line":61,"column":3}},"50":{"start":{"line":59,"column":15},"end":{"line":59,"column":29}},"51":{"start":{"line":60,"column":4},"end":{"line":60,"column":44}},"52":{"start":{"line":62,"column":0},"end":{"line":66,"column":3}},"53":{"start":{"line":63,"column":13},"end":{"line":63,"column":21}},"54":{"start":{"line":63,"column":31},"end":{"line":63,"column":39}},"55":{"start":{"line":63,"column":52},"end":{"line":63,"column":63}},"56":{"start":{"line":64,"column":17},"end":{"line":64,"column":57}},"57":{"start":{"line":65,"column":4},"end":{"line":65,"column":28}},"58":{"start":{"line":67,"column":0},"end":{"line":71,"column":3}},"59":{"start":{"line":68,"column":13},"end":{"line":68,"column":21}},"60":{"start":{"line":68,"column":31},"end":{"line":68,"column":39}},"61":{"start":{"line":68,"column":52},"end":{"line":68,"column":63}},"62":{"start":{"line":68,"column":77},"end":{"line":68,"column":89}},"63":{"start":{"line":68,"column":102},"end":{"line":68,"column":113}},"64":{"start":{"line":69,"column":17},"end":{"line":69,"column":81}},"65":{"start":{"line":70,"column":4},"end":{"line":70,"column":28}},"66":{"start":{"line":72,"column":0},"end":{"line":77,"column":3}},"67":{"start":{"line":73,"column":16},"end":{"line":73,"column":33}},"68":{"start":{"line":74,"column":13},"end":{"line":74,"column":21}},"69":{"start":{"line":74,"column":30},"end":{"line":74,"column":37}},"70":{"start":{"line":74,"column":50},"end":{"line":74,"column":61}},"71":{"start":{"line":75,"column":17},"end":{"line":75,"column":72}},"72":{"start":{"line":76,"column":4},"end":{"line":76,"column":28}},"73":{"start":{"line":78,"column":0},"end":{"line":82,"column":3}},"74":{"start":{"line":79,"column":16},"end":{"line":79,"column":33}},"75":{"start":{"line":80,"column":17},"end":{"line":80,"column":54}},"76":{"start":{"line":81,"column":4},"end":{"line":81,"column":28}},"77":{"start":{"line":83,"column":0},"end":{"line":87,"column":3}},"78":{"start":{"line":84,"column":16},"end":{"line":84,"column":33}},"79":{"start":{"line":85,"column":17},"end":{"line":85,"column":57}},"80":{"start":{"line":86,"column":4},"end":{"line":86,"column":28}},"81":{"start":{"line":88,"column":0},"end":{"line":93,"column":3}},"82":{"start":{"line":89,"column":16},"end":{"line":89,"column":33}},"83":{"start":{"line":90,"column":20},"end":{"line":90,"column":38}},"84":{"start":{"line":91,"column":17},"end":{"line":91,"column":63}},"85":{"start":{"line":92,"column":4},"end":{"line":92,"column":28}},"86":{"start":{"line":94,"column":0},"end":{"line":97,"column":3}},"87":{"start":{"line":95,"column":17},"end":{"line":95,"column":39}},"88":{"start":{"line":96,"column":4},"end":{"line":96,"column":28}},"89":{"start":{"line":98,"column":0},"end":{"line":104,"column":3}},"90":{"start":{"line":99,"column":16},"end":{"line":99,"column":33}},"91":{"start":{"line":100,"column":20},"end":{"line":100,"column":49}},"92":{"start":{"line":101,"column":16},"end":{"line":101,"column":41}},"93":{"start":{"line":102,"column":17},"end":{"line":102,"column":74}},"94":{"start":{"line":103,"column":4},"end":{"line":103,"column":28}},"95":{"start":{"line":105,"column":0},"end":{"line":110,"column":3}},"96":{"start":{"line":106,"column":16},"end":{"line":106,"column":33}},"97":{"start":{"line":107,"column":20},"end":{"line":107,"column":38}},"98":{"start":{"line":108,"column":17},"end":{"line":108,"column":64}},"99":{"start":{"line":109,"column":4},"end":{"line":109,"column":28}},"100":{"start":{"line":111,"column":0},"end":{"line":116,"column":3}},"101":{"start":{"line":112,"column":16},"end":{"line":112,"column":33}},"102":{"start":{"line":113,"column":13},"end":{"line":113,"column":21}},"103":{"start":{"line":113,"column":35},"end":{"line":113,"column":47}},"104":{"start":{"line":113,"column":55},"end":{"line":113,"column":61}},"105":{"start":{"line":114,"column":17},"end":{"line":114,"column":72}},"106":{"start":{"line":115,"column":4},"end":{"line":115,"column":28}},"107":{"start":{"line":117,"column":0},"end":{"line":122,"column":3}},"108":{"start":{"line":118,"column":16},"end":{"line":118,"column":33}},"109":{"start":{"line":119,"column":13},"end":{"line":119,"column":21}},"110":{"start":{"line":119,"column":35},"end":{"line":119,"column":47}},"111":{"start":{"line":119,"column":55},"end":{"line":119,"column":61}},"112":{"start":{"line":120,"column":17},"end":{"line":120,"column":75}},"113":{"start":{"line":121,"column":4},"end":{"line":121,"column":28}},"114":{"start":{"line":123,"column":0},"end":{"line":128,"column":3}},"115":{"start":{"line":124,"column":16},"end":{"line":124,"column":33}},"116":{"start":{"line":125,"column":20},"end":{"line":125,"column":49}},"117":{"start":{"line":126,"column":17},"end":{"line":126,"column":66}},"118":{"start":{"line":127,"column":4},"end":{"line":127,"column":28}},"119":{"start":{"line":129,"column":0},"end":{"line":134,"column":3}},"120":{"start":{"line":130,"column":16},"end":{"line":130,"column":33}},"121":{"start":{"line":131,"column":15},"end":{"line":131,"column":28}},"122":{"start":{"line":132,"column":17},"end":{"line":132,"column":50}},"123":{"start":{"line":133,"column":4},"end":{"line":133,"column":28}},"124":{"start":{"line":135,"column":0},"end":{"line":140,"column":3}},"125":{"start":{"line":136,"column":16},"end":{"line":136,"column":33}},"126":{"start":{"line":137,"column":15},"end":{"line":137,"column":28}},"127":{"start":{"line":138,"column":17},"end":{"line":138,"column":49}},"128":{"start":{"line":139,"column":4},"end":{"line":139,"column":28}},"129":{"start":{"line":141,"column":0},"end":{"line":147,"column":3}},"130":{"start":{"line":142,"column":16},"end":{"line":142,"column":33}},"131":{"start":{"line":143,"column":15},"end":{"line":143,"column":39}},"132":{"start":{"line":144,"column":16},"end":{"line":144,"column":41}},"133":{"start":{"line":145,"column":17},"end":{"line":145,"column":59}},"134":{"start":{"line":146,"column":4},"end":{"line":146,"column":28}},"135":{"start":{"line":148,"column":0},"end":{"line":152,"column":3}},"136":{"start":{"line":149,"column":16},"end":{"line":149,"column":33}},"137":{"start":{"line":150,"column":17},"end":{"line":150,"column":42}},"138":{"start":{"line":151,"column":4},"end":{"line":151,"column":28}},"139":{"start":{"line":153,"column":0},"end":{"line":158,"column":3}},"140":{"start":{"line":154,"column":16},"end":{"line":154,"column":33}},"141":{"start":{"line":155,"column":13},"end":{"line":155,"column":21}},"142":{"start":{"line":155,"column":35},"end":{"line":155,"column":47}},"143":{"start":{"line":155,"column":55},"end":{"line":155,"column":61}},"144":{"start":{"line":156,"column":17},"end":{"line":156,"column":70}},"145":{"start":{"line":157,"column":4},"end":{"line":157,"column":28}},"146":{"start":{"line":159,"column":0},"end":{"line":164,"column":3}},"147":{"start":{"line":160,"column":16},"end":{"line":160,"column":33}},"148":{"start":{"line":161,"column":20},"end":{"line":161,"column":49}},"149":{"start":{"line":162,"column":17},"end":{"line":162,"column":65}},"150":{"start":{"line":163,"column":4},"end":{"line":163,"column":28}},"151":{"start":{"line":165,"column":0},"end":{"line":169,"column":3}},"152":{"start":{"line":166,"column":16},"end":{"line":166,"column":33}},"153":{"start":{"line":167,"column":17},"end":{"line":167,"column":48}},"154":{"start":{"line":168,"column":4},"end":{"line":168,"column":28}},"155":{"start":{"line":170,"column":0},"end":{"line":175,"column":3}},"156":{"start":{"line":171,"column":16},"end":{"line":171,"column":33}},"157":{"start":{"line":172,"column":15},"end":{"line":172,"column":39}},"158":{"start":{"line":173,"column":17},"end":{"line":173,"column":51}},"159":{"start":{"line":174,"column":4},"end":{"line":174,"column":28}},"160":{"start":{"line":176,"column":0},"end":{"line":181,"column":3}},"161":{"start":{"line":177,"column":16},"end":{"line":177,"column":33}},"162":{"start":{"line":178,"column":13},"end":{"line":178,"column":21}},"163":{"start":{"line":178,"column":35},"end":{"line":178,"column":47}},"164":{"start":{"line":178,"column":59},"end":{"line":178,"column":69}},"165":{"start":{"line":179,"column":17},"end":{"line":179,"column":72}},"166":{"start":{"line":180,"column":4},"end":{"line":180,"column":28}},"167":{"start":{"line":182,"column":0},"end":{"line":187,"column":3}},"168":{"start":{"line":183,"column":16},"end":{"line":183,"column":33}},"169":{"start":{"line":184,"column":13},"end":{"line":184,"column":21}},"170":{"start":{"line":184,"column":35},"end":{"line":184,"column":47}},"171":{"start":{"line":184,"column":59},"end":{"line":184,"column":69}},"172":{"start":{"line":185,"column":17},"end":{"line":185,"column":72}},"173":{"start":{"line":186,"column":4},"end":{"line":186,"column":28}},"174":{"start":{"line":188,"column":0},"end":{"line":193,"column":3}},"175":{"start":{"line":189,"column":16},"end":{"line":189,"column":33}},"176":{"start":{"line":190,"column":20},"end":{"line":190,"column":38}},"177":{"start":{"line":191,"column":17},"end":{"line":191,"column":57}},"178":{"start":{"line":192,"column":4},"end":{"line":192,"column":28}},"179":{"start":{"line":194,"column":0},"end":{"line":199,"column":3}},"180":{"start":{"line":195,"column":16},"end":{"line":195,"column":33}},"181":{"start":{"line":196,"column":16},"end":{"line":196,"column":30}},"182":{"start":{"line":197,"column":17},"end":{"line":197,"column":52}},"183":{"start":{"line":198,"column":4},"end":{"line":198,"column":28}},"184":{"start":{"line":200,"column":0},"end":{"line":205,"column":3}},"185":{"start":{"line":201,"column":16},"end":{"line":201,"column":33}},"186":{"start":{"line":202,"column":13},"end":{"line":202,"column":21}},"187":{"start":{"line":202,"column":35},"end":{"line":202,"column":47}},"188":{"start":{"line":202,"column":60},"end":{"line":202,"column":71}},"189":{"start":{"line":203,"column":17},"end":{"line":203,"column":65}},"190":{"start":{"line":204,"column":4},"end":{"line":204,"column":28}},"191":{"start":{"line":206,"column":0},"end":{"line":210,"column":3}},"192":{"start":{"line":207,"column":16},"end":{"line":207,"column":33}},"193":{"start":{"line":208,"column":17},"end":{"line":208,"column":48}},"194":{"start":{"line":209,"column":4},"end":{"line":209,"column":28}},"195":{"start":{"line":211,"column":0},"end":{"line":216,"column":3}},"196":{"start":{"line":212,"column":16},"end":{"line":212,"column":33}},"197":{"start":{"line":213,"column":14},"end":{"line":213,"column":37}},"198":{"start":{"line":214,"column":17},"end":{"line":214,"column":55}},"199":{"start":{"line":215,"column":4},"end":{"line":215,"column":28}},"200":{"start":{"line":217,"column":0},"end":{"line":222,"column":3}},"201":{"start":{"line":218,"column":16},"end":{"line":218,"column":33}},"202":{"start":{"line":219,"column":20},"end":{"line":219,"column":38}},"203":{"start":{"line":220,"column":17},"end":{"line":220,"column":62}},"204":{"start":{"line":221,"column":4},"end":{"line":221,"column":28}},"205":{"start":{"line":223,"column":0},"end":{"line":228,"column":3}},"206":{"start":{"line":224,"column":16},"end":{"line":224,"column":33}},"207":{"start":{"line":225,"column":20},"end":{"line":225,"column":38}},"208":{"start":{"line":226,"column":17},"end":{"line":226,"column":64}},"209":{"start":{"line":227,"column":4},"end":{"line":227,"column":28}},"210":{"start":{"line":229,"column":0},"end":{"line":234,"column":3}},"211":{"start":{"line":230,"column":16},"end":{"line":230,"column":33}},"212":{"start":{"line":231,"column":19},"end":{"line":231,"column":37}},"213":{"start":{"line":232,"column":17},"end":{"line":232,"column":57}},"214":{"start":{"line":233,"column":4},"end":{"line":233,"column":28}},"215":{"start":{"line":235,"column":0},"end":{"line":239,"column":3}},"216":{"start":{"line":236,"column":16},"end":{"line":236,"column":33}},"217":{"start":{"line":237,"column":17},"end":{"line":237,"column":57}},"218":{"start":{"line":238,"column":4},"end":{"line":238,"column":28}},"219":{"start":{"line":240,"column":0},"end":{"line":245,"column":3}},"220":{"start":{"line":241,"column":16},"end":{"line":241,"column":33}},"221":{"start":{"line":242,"column":15},"end":{"line":242,"column":39}},"222":{"start":{"line":243,"column":17},"end":{"line":243,"column":50}},"223":{"start":{"line":244,"column":4},"end":{"line":244,"column":28}},"224":{"start":{"line":246,"column":0},"end":{"line":251,"column":3}},"225":{"start":{"line":247,"column":16},"end":{"line":247,"column":33}},"226":{"start":{"line":248,"column":13},"end":{"line":248,"column":21}},"227":{"start":{"line":248,"column":30},"end":{"line":248,"column":37}},"228":{"start":{"line":248,"column":49},"end":{"line":248,"column":59}},"229":{"start":{"line":249,"column":17},"end":{"line":249,"column":69}},"230":{"start":{"line":250,"column":4},"end":{"line":250,"column":28}},"231":{"start":{"line":252,"column":0},"end":{"line":257,"column":3}},"232":{"start":{"line":253,"column":16},"end":{"line":253,"column":33}},"233":{"start":{"line":254,"column":13},"end":{"line":254,"column":21}},"234":{"start":{"line":254,"column":35},"end":{"line":254,"column":47}},"235":{"start":{"line":254,"column":58},"end":{"line":254,"column":67}},"236":{"start":{"line":255,"column":17},"end":{"line":255,"column":72}},"237":{"start":{"line":256,"column":4},"end":{"line":256,"column":28}},"238":{"start":{"line":258,"column":0},"end":{"line":263,"column":3}},"239":{"start":{"line":259,"column":16},"end":{"line":259,"column":33}},"240":{"start":{"line":260,"column":20},"end":{"line":260,"column":49}},"241":{"start":{"line":261,"column":17},"end":{"line":261,"column":65}},"242":{"start":{"line":262,"column":4},"end":{"line":262,"column":28}},"243":{"start":{"line":264,"column":0},"end":{"line":269,"column":3}},"244":{"start":{"line":265,"column":16},"end":{"line":265,"column":33}},"245":{"start":{"line":266,"column":13},"end":{"line":266,"column":21}},"246":{"start":{"line":266,"column":35},"end":{"line":266,"column":47}},"247":{"start":{"line":266,"column":59},"end":{"line":266,"column":69}},"248":{"start":{"line":267,"column":17},"end":{"line":267,"column":72}},"249":{"start":{"line":268,"column":4},"end":{"line":268,"column":28}},"250":{"start":{"line":270,"column":0},"end":{"line":275,"column":3}},"251":{"start":{"line":271,"column":16},"end":{"line":271,"column":33}},"252":{"start":{"line":272,"column":13},"end":{"line":272,"column":21}},"253":{"start":{"line":272,"column":32},"end":{"line":272,"column":41}},"254":{"start":{"line":272,"column":52},"end":{"line":272,"column":61}},"255":{"start":{"line":272,"column":72},"end":{"line":272,"column":81}},"256":{"start":{"line":272,"column":90},"end":{"line":272,"column":97}},"257":{"start":{"line":272,"column":106},"end":{"line":272,"column":113}},"258":{"start":{"line":273,"column":17},"end":{"line":273,"column":97}},"259":{"start":{"line":274,"column":4},"end":{"line":274,"column":28}},"260":{"start":{"line":276,"column":0},"end":{"line":281,"column":3}},"261":{"start":{"line":277,"column":16},"end":{"line":277,"column":33}},"262":{"start":{"line":278,"column":13},"end":{"line":278,"column":21}},"263":{"start":{"line":278,"column":35},"end":{"line":278,"column":47}},"264":{"start":{"line":278,"column":59},"end":{"line":278,"column":69}},"265":{"start":{"line":278,"column":82},"end":{"line":278,"column":93}},"266":{"start":{"line":279,"column":17},"end":{"line":279,"column":87}},"267":{"start":{"line":280,"column":4},"end":{"line":280,"column":28}},"268":{"start":{"line":282,"column":0},"end":{"line":287,"column":3}},"269":{"start":{"line":283,"column":16},"end":{"line":283,"column":33}},"270":{"start":{"line":284,"column":13},"end":{"line":284,"column":21}},"271":{"start":{"line":284,"column":30},"end":{"line":284,"column":37}},"272":{"start":{"line":284,"column":49},"end":{"line":284,"column":59}},"273":{"start":{"line":284,"column":72},"end":{"line":284,"column":83}},"274":{"start":{"line":285,"column":17},"end":{"line":285,"column":84}},"275":{"start":{"line":286,"column":4},"end":{"line":286,"column":28}},"276":{"start":{"line":288,"column":0},"end":{"line":293,"column":3}},"277":{"start":{"line":289,"column":16},"end":{"line":289,"column":33}},"278":{"start":{"line":290,"column":13},"end":{"line":290,"column":21}},"279":{"start":{"line":290,"column":37},"end":{"line":290,"column":51}},"280":{"start":{"line":290,"column":63},"end":{"line":290,"column":73}},"281":{"start":{"line":290,"column":87},"end":{"line":290,"column":99}},"282":{"start":{"line":290,"column":108},"end":{"line":290,"column":115}},"283":{"start":{"line":291,"column":17},"end":{"line":291,"column":92}},"284":{"start":{"line":292,"column":4},"end":{"line":292,"column":28}},"285":{"start":{"line":294,"column":0},"end":{"line":299,"column":3}},"286":{"start":{"line":295,"column":16},"end":{"line":295,"column":33}},"287":{"start":{"line":296,"column":13},"end":{"line":296,"column":21}},"288":{"start":{"line":296,"column":29},"end":{"line":296,"column":35}},"289":{"start":{"line":296,"column":52},"end":{"line":296,"column":67}},"290":{"start":{"line":297,"column":17},"end":{"line":297,"column":83}},"291":{"start":{"line":298,"column":4},"end":{"line":298,"column":28}},"292":{"start":{"line":300,"column":0},"end":{"line":304,"column":3}},"293":{"start":{"line":301,"column":16},"end":{"line":301,"column":30}},"294":{"start":{"line":302,"column":17},"end":{"line":302,"column":58}},"295":{"start":{"line":303,"column":4},"end":{"line":303,"column":28}},"296":{"start":{"line":305,"column":0},"end":{"line":309,"column":3}},"297":{"start":{"line":306,"column":13},"end":{"line":306,"column":21}},"298":{"start":{"line":306,"column":35},"end":{"line":306,"column":47}},"299":{"start":{"line":306,"column":63},"end":{"line":306,"column":77}},"300":{"start":{"line":307,"column":17},"end":{"line":307,"column":68}},"301":{"start":{"line":308,"column":4},"end":{"line":308,"column":28}},"302":{"start":{"line":310,"column":0},"end":{"line":315,"column":3}},"303":{"start":{"line":311,"column":16},"end":{"line":311,"column":33}},"304":{"start":{"line":312,"column":14},"end":{"line":312,"column":37}},"305":{"start":{"line":313,"column":17},"end":{"line":313,"column":59}},"306":{"start":{"line":314,"column":4},"end":{"line":314,"column":28}},"307":{"start":{"line":316,"column":0},"end":{"line":321,"column":3}},"308":{"start":{"line":317,"column":16},"end":{"line":317,"column":33}},"309":{"start":{"line":318,"column":13},"end":{"line":318,"column":21}},"310":{"start":{"line":318,"column":35},"end":{"line":318,"column":47}},"311":{"start":{"line":318,"column":59},"end":{"line":318,"column":69}},"312":{"start":{"line":319,"column":17},"end":{"line":319,"column":73}},"313":{"start":{"line":320,"column":4},"end":{"line":320,"column":28}},"314":{"start":{"line":322,"column":0},"end":{"line":327,"column":3}},"315":{"start":{"line":323,"column":16},"end":{"line":323,"column":33}},"316":{"start":{"line":324,"column":13},"end":{"line":324,"column":21}},"317":{"start":{"line":324,"column":35},"end":{"line":324,"column":47}},"318":{"start":{"line":324,"column":59},"end":{"line":324,"column":69}},"319":{"start":{"line":325,"column":17},"end":{"line":325,"column":75}},"320":{"start":{"line":326,"column":4},"end":{"line":326,"column":28}},"321":{"start":{"line":328,"column":0},"end":{"line":332,"column":3}},"322":{"start":{"line":329,"column":16},"end":{"line":329,"column":33}},"323":{"start":{"line":330,"column":17},"end":{"line":330,"column":48}},"324":{"start":{"line":331,"column":4},"end":{"line":331,"column":28}},"325":{"start":{"line":333,"column":0},"end":{"line":337,"column":3}},"326":{"start":{"line":334,"column":16},"end":{"line":334,"column":33}},"327":{"start":{"line":335,"column":17},"end":{"line":335,"column":49}},"328":{"start":{"line":336,"column":4},"end":{"line":336,"column":28}},"329":{"start":{"line":340,"column":0},"end":{"line":340,"column":49}},"330":{"start":{"line":342,"column":13},"end":{"line":345,"column":2}},"331":{"start":{"line":344,"column":4},"end":{"line":344,"column":90}},"332":{"start":{"line":347,"column":0},"end":{"line":349,"column":3}},"333":{"start":{"line":348,"column":4},"end":{"line":348,"column":90}},"334":{"start":{"line":348,"column":31},"end":{"line":348,"column":86}}},"fnMap":{"0":{"name":"(anonymous_0)","decl":{"start":{"line":2,"column":74},"end":{"line":2,"column":75}},"loc":{"start":{"line":2,"column":96},"end":{"line":9,"column":1}},"line":2},"1":{"name":"(anonymous_1)","decl":{"start":{"line":6,"column":38},"end":{"line":6,"column":39}},"loc":{"start":{"line":6,"column":49},"end":{"line":6,"column":65}},"line":6},"2":{"name":"(anonymous_2)","decl":{"start":{"line":9,"column":6},"end":{"line":9,"column":7}},"loc":{"start":{"line":9,"column":28},"end":{"line":12,"column":1}},"line":9},"3":{"name":"(anonymous_3)","decl":{"start":{"line":13,"column":80},"end":{"line":13,"column":81}},"loc":{"start":{"line":13,"column":95},"end":{"line":15,"column":1}},"line":13},"4":{"name":"(anonymous_4)","decl":{"start":{"line":15,"column":5},"end":{"line":15,"column":6}},"loc":{"start":{"line":15,"column":20},"end":{"line":17,"column":1}},"line":15},"5":{"name":"(anonymous_5)","decl":{"start":{"line":18,"column":50},"end":{"line":18,"column":51}},"loc":{"start":{"line":18,"column":65},"end":{"line":24,"column":1}},"line":18},"6":{"name":"(anonymous_6)","decl":{"start":{"line":25,"column":56},"end":{"line":25,"column":57}},"loc":{"start":{"line":25,"column":71},"end":{"line":27,"column":1}},"line":25},"7":{"name":"(anonymous_7)","decl":{"start":{"line":58,"column":17},"end":{"line":58,"column":18}},"loc":{"start":{"line":58,"column":43},"end":{"line":61,"column":1}},"line":58},"8":{"name":"(anonymous_8)","decl":{"start":{"line":62,"column":27},"end":{"line":62,"column":28}},"loc":{"start":{"line":62,"column":53},"end":{"line":66,"column":1}},"line":62},"9":{"name":"(anonymous_9)","decl":{"start":{"line":67,"column":30},"end":{"line":67,"column":31}},"loc":{"start":{"line":67,"column":56},"end":{"line":71,"column":1}},"line":67},"10":{"name":"(anonymous_10)","decl":{"start":{"line":72,"column":32},"end":{"line":72,"column":33}},"loc":{"start":{"line":72,"column":58},"end":{"line":77,"column":1}},"line":72},"11":{"name":"(anonymous_11)","decl":{"start":{"line":78,"column":29},"end":{"line":78,"column":30}},"loc":{"start":{"line":78,"column":55},"end":{"line":82,"column":1}},"line":78},"12":{"name":"(anonymous_12)","decl":{"start":{"line":83,"column":32},"end":{"line":83,"column":33}},"loc":{"start":{"line":83,"column":58},"end":{"line":87,"column":1}},"line":83},"13":{"name":"(anonymous_13)","decl":{"start":{"line":88,"column":29},"end":{"line":88,"column":30}},"loc":{"start":{"line":88,"column":55},"end":{"line":93,"column":1}},"line":88},"14":{"name":"(anonymous_14)","decl":{"start":{"line":94,"column":24},"end":{"line":94,"column":25}},"loc":{"start":{"line":94,"column":50},"end":{"line":97,"column":1}},"line":94},"15":{"name":"(anonymous_15)","decl":{"start":{"line":98,"column":32},"end":{"line":98,"column":33}},"loc":{"start":{"line":98,"column":58},"end":{"line":104,"column":1}},"line":98},"16":{"name":"(anonymous_16)","decl":{"start":{"line":105,"column":30},"end":{"line":105,"column":31}},"loc":{"start":{"line":105,"column":56},"end":{"line":110,"column":1}},"line":105},"17":{"name":"(anonymous_17)","decl":{"start":{"line":111,"column":33},"end":{"line":111,"column":34}},"loc":{"start":{"line":111,"column":59},"end":{"line":116,"column":1}},"line":111},"18":{"name":"(anonymous_18)","decl":{"start":{"line":117,"column":36},"end":{"line":117,"column":37}},"loc":{"start":{"line":117,"column":62},"end":{"line":122,"column":1}},"line":117},"19":{"name":"(anonymous_19)","decl":{"start":{"line":123,"column":31},"end":{"line":123,"column":32}},"loc":{"start":{"line":123,"column":57},"end":{"line":128,"column":1}},"line":123},"20":{"name":"(anonymous_20)","decl":{"start":{"line":129,"column":26},"end":{"line":129,"column":27}},"loc":{"start":{"line":129,"column":52},"end":{"line":134,"column":1}},"line":129},"21":{"name":"(anonymous_21)","decl":{"start":{"line":135,"column":25},"end":{"line":135,"column":26}},"loc":{"start":{"line":135,"column":51},"end":{"line":140,"column":1}},"line":135},"22":{"name":"(anonymous_22)","decl":{"start":{"line":141,"column":27},"end":{"line":141,"column":28}},"loc":{"start":{"line":141,"column":53},"end":{"line":147,"column":1}},"line":141},"23":{"name":"(anonymous_23)","decl":{"start":{"line":148,"column":23},"end":{"line":148,"column":24}},"loc":{"start":{"line":148,"column":49},"end":{"line":152,"column":1}},"line":148},"24":{"name":"(anonymous_24)","decl":{"start":{"line":153,"column":31},"end":{"line":153,"column":32}},"loc":{"start":{"line":153,"column":57},"end":{"line":158,"column":1}},"line":153},"25":{"name":"(anonymous_25)","decl":{"start":{"line":159,"column":33},"end":{"line":159,"column":34}},"loc":{"start":{"line":159,"column":59},"end":{"line":164,"column":1}},"line":159},"26":{"name":"(anonymous_26)","decl":{"start":{"line":165,"column":28},"end":{"line":165,"column":29}},"loc":{"start":{"line":165,"column":54},"end":{"line":169,"column":1}},"line":165},"27":{"name":"(anonymous_27)","decl":{"start":{"line":170,"column":26},"end":{"line":170,"column":27}},"loc":{"start":{"line":170,"column":52},"end":{"line":175,"column":1}},"line":170},"28":{"name":"(anonymous_28)","decl":{"start":{"line":176,"column":28},"end":{"line":176,"column":29}},"loc":{"start":{"line":176,"column":54},"end":{"line":181,"column":1}},"line":176},"29":{"name":"(anonymous_29)","decl":{"start":{"line":182,"column":29},"end":{"line":182,"column":30}},"loc":{"start":{"line":182,"column":55},"end":{"line":187,"column":1}},"line":182},"30":{"name":"(anonymous_30)","decl":{"start":{"line":188,"column":38},"end":{"line":188,"column":39}},"loc":{"start":{"line":188,"column":64},"end":{"line":193,"column":1}},"line":188},"31":{"name":"(anonymous_31)","decl":{"start":{"line":194,"column":37},"end":{"line":194,"column":38}},"loc":{"start":{"line":194,"column":63},"end":{"line":199,"column":1}},"line":194},"32":{"name":"(anonymous_32)","decl":{"start":{"line":200,"column":36},"end":{"line":200,"column":37}},"loc":{"start":{"line":200,"column":62},"end":{"line":205,"column":1}},"line":200},"33":{"name":"(anonymous_33)","decl":{"start":{"line":206,"column":25},"end":{"line":206,"column":26}},"loc":{"start":{"line":206,"column":51},"end":{"line":210,"column":1}},"line":206},"34":{"name":"(anonymous_34)","decl":{"start":{"line":211,"column":28},"end":{"line":211,"column":29}},"loc":{"start":{"line":211,"column":54},"end":{"line":216,"column":1}},"line":211},"35":{"name":"(anonymous_35)","decl":{"start":{"line":217,"column":28},"end":{"line":217,"column":29}},"loc":{"start":{"line":217,"column":54},"end":{"line":222,"column":1}},"line":217},"36":{"name":"(anonymous_36)","decl":{"start":{"line":223,"column":30},"end":{"line":223,"column":31}},"loc":{"start":{"line":223,"column":56},"end":{"line":228,"column":1}},"line":223},"37":{"name":"(anonymous_37)","decl":{"start":{"line":229,"column":22},"end":{"line":229,"column":23}},"loc":{"start":{"line":229,"column":48},"end":{"line":234,"column":1}},"line":229},"38":{"name":"(anonymous_38)","decl":{"start":{"line":235,"column":33},"end":{"line":235,"column":34}},"loc":{"start":{"line":235,"column":59},"end":{"line":239,"column":1}},"line":235},"39":{"name":"(anonymous_39)","decl":{"start":{"line":240,"column":28},"end":{"line":240,"column":29}},"loc":{"start":{"line":240,"column":54},"end":{"line":245,"column":1}},"line":240},"40":{"name":"(anonymous_40)","decl":{"start":{"line":246,"column":31},"end":{"line":246,"column":32}},"loc":{"start":{"line":246,"column":57},"end":{"line":251,"column":1}},"line":246},"41":{"name":"(anonymous_41)","decl":{"start":{"line":252,"column":30},"end":{"line":252,"column":31}},"loc":{"start":{"line":252,"column":56},"end":{"line":257,"column":1}},"line":252},"42":{"name":"(anonymous_42)","decl":{"start":{"line":258,"column":30},"end":{"line":258,"column":31}},"loc":{"start":{"line":258,"column":56},"end":{"line":263,"column":1}},"line":258},"43":{"name":"(anonymous_43)","decl":{"start":{"line":264,"column":29},"end":{"line":264,"column":30}},"loc":{"start":{"line":264,"column":55},"end":{"line":269,"column":1}},"line":264},"44":{"name":"(anonymous_44)","decl":{"start":{"line":270,"column":41},"end":{"line":270,"column":42}},"loc":{"start":{"line":270,"column":67},"end":{"line":275,"column":1}},"line":270},"45":{"name":"(anonymous_45)","decl":{"start":{"line":276,"column":34},"end":{"line":276,"column":35}},"loc":{"start":{"line":276,"column":60},"end":{"line":281,"column":1}},"line":276},"46":{"name":"(anonymous_46)","decl":{"start":{"line":282,"column":36},"end":{"line":282,"column":37}},"loc":{"start":{"line":282,"column":62},"end":{"line":287,"column":1}},"line":282},"47":{"name":"(anonymous_47)","decl":{"start":{"line":288,"column":30},"end":{"line":288,"column":31}},"loc":{"start":{"line":288,"column":56},"end":{"line":293,"column":1}},"line":288},"48":{"name":"(anonymous_48)","decl":{"start":{"line":294,"column":44},"end":{"line":294,"column":45}},"loc":{"start":{"line":294,"column":70},"end":{"line":299,"column":1}},"line":294},"49":{"name":"(anonymous_49)","decl":{"start":{"line":300,"column":43},"end":{"line":300,"column":44}},"loc":{"start":{"line":300,"column":69},"end":{"line":304,"column":1}},"line":300},"50":{"name":"(anonymous_50)","decl":{"start":{"line":305,"column":41},"end":{"line":305,"column":42}},"loc":{"start":{"line":305,"column":67},"end":{"line":309,"column":1}},"line":305},"51":{"name":"(anonymous_51)","decl":{"start":{"line":310,"column":36},"end":{"line":310,"column":37}},"loc":{"start":{"line":310,"column":62},"end":{"line":315,"column":1}},"line":310},"52":{"name":"(anonymous_52)","decl":{"start":{"line":316,"column":30},"end":{"line":316,"column":31}},"loc":{"start":{"line":316,"column":56},"end":{"line":321,"column":1}},"line":316},"53":{"name":"(anonymous_53)","decl":{"start":{"line":322,"column":32},"end":{"line":322,"column":33}},"loc":{"start":{"line":322,"column":58},"end":{"line":327,"column":1}},"line":322},"54":{"name":"(anonymous_54)","decl":{"start":{"line":328,"column":26},"end":{"line":328,"column":27}},"loc":{"start":{"line":328,"column":52},"end":{"line":332,"column":1}},"line":328},"55":{"name":"(anonymous_55)","decl":{"start":{"line":333,"column":27},"end":{"line":333,"column":28}},"loc":{"start":{"line":333,"column":53},"end":{"line":337,"column":1}},"line":333},"56":{"name":"(anonymous_56)","decl":{"start":{"line":342,"column":36},"end":{"line":342,"column":37}},"loc":{"start":{"line":342,"column":48},"end":{"line":345,"column":1}},"line":342},"57":{"name":"(anonymous_57)","decl":{"start":{"line":347,"column":21},"end":{"line":347,"column":22}},"loc":{"start":{"line":347,"column":33},"end":{"line":349,"column":1}},"line":347},"58":{"name":"(anonymous_58)","decl":{"start":{"line":348,"column":17},"end":{"line":348,"column":18}},"loc":{"start":{"line":348,"column":29},"end":{"line":348,"column":88}},"line":348}},"branchMap":{"0":{"loc":{"start":{"line":2,"column":22},"end":{"line":12,"column":3}},"type":"binary-expr","locations":[{"start":{"line":2,"column":23},"end":{"line":2,"column":27}},{"start":{"line":2,"column":31},"end":{"line":2,"column":51}},{"start":{"line":2,"column":57},"end":{"line":12,"column":2}}],"line":2},"1":{"loc":{"start":{"line":2,"column":57},"end":{"line":12,"column":2}},"type":"cond-expr","locations":[{"start":{"line":2,"column":74},"end":{"line":9,"column":1}},{"start":{"line":9,"column":6},"end":{"line":12,"column":1}}],"line":2},"2":{"loc":{"start":{"line":3,"column":4},"end":{"line":3,"column":33}},"type":"if","locations":[{"start":{"line":3,"column":4},"end":{"line":3,"column":33}},{"start":{"line":3,"column":4},"end":{"line":3,"column":33}}],"line":3},"3":{"loc":{"start":{"line":5,"column":4},"end":{"line":7,"column":5}},"type":"if","locations":[{"start":{"line":5,"column":4},"end":{"line":7,"column":5}},{"start":{"line":5,"column":4},"end":{"line":7,"column":5}}],"line":5},"4":{"loc":{"start":{"line":5,"column":8},"end":{"line":5,"column":85}},"type":"binary-expr","locations":[{"start":{"line":5,"column":8},"end":{"line":5,"column":13}},{"start":{"line":5,"column":18},"end":{"line":5,"column":84}}],"line":5},"5":{"loc":{"start":{"line":5,"column":18},"end":{"line":5,"column":84}},"type":"cond-expr","locations":[{"start":{"line":5,"column":34},"end":{"line":5,"column":47}},{"start":{"line":5,"column":50},"end":{"line":5,"column":84}}],"line":5},"6":{"loc":{"start":{"line":5,"column":50},"end":{"line":5,"column":84}},"type":"binary-expr","locations":[{"start":{"line":5,"column":50},"end":{"line":5,"column":63}},{"start":{"line":5,"column":67},"end":{"line":5,"column":84}}],"line":5},"7":{"loc":{"start":{"line":10,"column":4},"end":{"line":10,"column":33}},"type":"if","locations":[{"start":{"line":10,"column":4},"end":{"line":10,"column":33}},{"start":{"line":10,"column":4},"end":{"line":10,"column":33}}],"line":10},"8":{"loc":{"start":{"line":13,"column":25},"end":{"line":17,"column":2}},"type":"binary-expr","locations":[{"start":{"line":13,"column":26},"end":{"line":13,"column":30}},{"start":{"line":13,"column":34},"end":{"line":13,"column":57}},{"start":{"line":13,"column":63},"end":{"line":17,"column":1}}],"line":13},"9":{"loc":{"start":{"line":13,"column":63},"end":{"line":17,"column":1}},"type":"cond-expr","locations":[{"start":{"line":13,"column":80},"end":{"line":15,"column":1}},{"start":{"line":15,"column":5},"end":{"line":17,"column":1}}],"line":13},"10":{"loc":{"start":{"line":18,"column":19},"end":{"line":24,"column":1}},"type":"binary-expr","locations":[{"start":{"line":18,"column":20},"end":{"line":18,"column":24}},{"start":{"line":18,"column":28},"end":{"line":18,"column":45}},{"start":{"line":18,"column":50},"end":{"line":24,"column":1}}],"line":18},"11":{"loc":{"start":{"line":19,"column":4},"end":{"line":19,"column":42}},"type":"if","locations":[{"start":{"line":19,"column":4},"end":{"line":19,"column":42}},{"start":{"line":19,"column":4},"end":{"line":19,"column":42}}],"line":19},"12":{"loc":{"start":{"line":19,"column":8},"end":{"line":19,"column":29}},"type":"binary-expr","locations":[{"start":{"line":19,"column":8},"end":{"line":19,"column":11}},{"start":{"line":19,"column":15},"end":{"line":19,"column":29}}],"line":19},"13":{"loc":{"start":{"line":21,"column":4},"end":{"line":21,"column":141}},"type":"if","locations":[{"start":{"line":21,"column":4},"end":{"line":21,"column":141}},{"start":{"line":21,"column":4},"end":{"line":21,"column":141}}],"line":21},"14":{"loc":{"start":{"line":21,"column":40},"end":{"line":21,"column":141}},"type":"if","locations":[{"start":{"line":21,"column":40},"end":{"line":21,"column":141}},{"start":{"line":21,"column":40},"end":{"line":21,"column":141}}],"line":21},"15":{"loc":{"start":{"line":21,"column":44},"end":{"line":21,"column":107}},"type":"binary-expr","locations":[{"start":{"line":21,"column":44},"end":{"line":21,"column":59}},{"start":{"line":21,"column":63},"end":{"line":21,"column":107}}],"line":21},"16":{"loc":{"start":{"line":25,"column":22},"end":{"line":27,"column":1}},"type":"binary-expr","locations":[{"start":{"line":25,"column":23},"end":{"line":25,"column":27}},{"start":{"line":25,"column":31},"end":{"line":25,"column":51}},{"start":{"line":25,"column":56},"end":{"line":27,"column":1}}],"line":25},"17":{"loc":{"start":{"line":26,"column":11},"end":{"line":26,"column":61}},"type":"cond-expr","locations":[{"start":{"line":26,"column":37},"end":{"line":26,"column":40}},{"start":{"line":26,"column":43},"end":{"line":26,"column":61}}],"line":26},"18":{"loc":{"start":{"line":26,"column":12},"end":{"line":26,"column":33}},"type":"binary-expr","locations":[{"start":{"line":26,"column":12},"end":{"line":26,"column":15}},{"start":{"line":26,"column":19},"end":{"line":26,"column":33}}],"line":26},"19":{"loc":{"start":{"line":55,"column":20},"end":{"line":55,"column":66}},"type":"binary-expr","locations":[{"start":{"line":55,"column":20},"end":{"line":55,"column":36}},{"start":{"line":55,"column":40},"end":{"line":55,"column":66}}],"line":55},"20":{"loc":{"start":{"line":56,"column":11},"end":{"line":56,"column":40}},"type":"binary-expr","locations":[{"start":{"line":56,"column":11},"end":{"line":56,"column":25}},{"start":{"line":56,"column":29},"end":{"line":56,"column":40}}],"line":56}},"s":{"0":1,"1":11,"2":11,"3":11,"4":11,"5":11,"6":1,"7":11,"8":0,"9":0,"10":0,"11":1,"12":1,"13":0,"14":1,"15":1,"16":0,"17":1,"18":1,"19":1,"20":11,"21":11,"22":1,"23":1,"24":1,"25":4,"26":1,"27":1,"28":1,"29":1,"30":1,"31":1,"32":1,"33":1,"34":1,"35":1,"36":1,"37":1,"38":1,"39":1,"40":1,"41":1,"42":1,"43":1,"44":1,"45":1,"46":1,"47":1,"48":1,"49":1,"50":2,"51":2,"52":1,"53":7,"54":7,"55":7,"56":7,"57":5,"58":1,"59":715,"60":715,"61":715,"62":715,"63":715,"64":715,"65":704,"66":1,"67":391,"68":391,"69":391,"70":391,"71":391,"72":388,"73":1,"74":4,"75":4,"76":3,"77":1,"78":4,"79":4,"80":3,"81":1,"82":76,"83":76,"84":76,"85":67,"86":1,"87":663,"88":663,"89":1,"90":25,"91":25,"92":25,"93":25,"94":21,"95":1,"96":15,"97":15,"98":15,"99":8,"100":1,"101":19,"102":19,"103":19,"104":19,"105":19,"106":6,"107":1,"108":18,"109":18,"110":18,"111":18,"112":18,"113":2,"114":1,"115":22,"116":22,"117":22,"118":17,"119":1,"120":193,"121":193,"122":193,"123":187,"124":1,"125":7,"126":7,"127":7,"128":4,"129":1,"130":29,"131":29,"132":29,"133":29,"134":25,"135":1,"136":6,"137":6,"138":5,"139":1,"140":16,"141":16,"142":16,"143":16,"144":16,"145":5,"146":1,"147":16,"148":16,"149":16,"150":8,"151":1,"152":8,"153":8,"154":5,"155":1,"156":8,"157":8,"158":8,"159":5,"160":1,"161":19,"162":19,"163":19,"164":19,"165":19,"166":10,"167":1,"168":285,"169":285,"170":285,"171":285,"172":285,"173":280,"174":1,"175":6,"176":6,"177":6,"178":1,"179":1,"180":4,"181":4,"182":4,"183":1,"184":1,"185":3,"186":3,"187":3,"188":3,"189":3,"190":1,"191":1,"192":2,"193":2,"194":1,"195":1,"196":14,"197":14,"198":14,"199":12,"200":1,"201":20,"202":20,"203":20,"204":12,"205":1,"206":11,"207":11,"208":11,"209":4,"210":1,"211":5,"212":5,"213":5,"214":2,"215":1,"216":19,"217":19,"218":18,"219":1,"220":6,"221":6,"222":6,"223":3,"224":1,"225":145,"226":145,"227":145,"228":145,"229":145,"230":140,"231":1,"232":9,"233":9,"234":9,"235":9,"236":9,"237":4,"238":1,"239":7,"240":7,"241":7,"242":4,"243":1,"244":12,"245":12,"246":12,"247":12,"248":12,"249":6,"250":1,"251":10,"252":10,"253":10,"254":10,"255":10,"256":10,"257":10,"258":10,"259":2,"260":1,"261":10,"262":10,"263":10,"264":10,"265":10,"266":10,"267":4,"268":1,"269":10,"270":10,"271":10,"272":10,"273":10,"274":10,"275":4,"276":1,"277":13,"278":13,"279":13,"280":13,"281":13,"282":13,"283":13,"284":4,"285":1,"286":17,"287":17,"288":17,"289":17,"290":17,"291":5,"292":1,"293":6,"294":6,"295":6,"296":1,"297":4,"298":4,"299":4,"300":4,"301":2,"302":1,"303":8,"304":8,"305":8,"306":1,"307":1,"308":22,"309":22,"310":22,"311":22,"312":22,"313":15,"314":1,"315":13,"316":13,"317":13,"318":13,"319":13,"320":4,"321":1,"322":16,"323":16,"324":15,"325":1,"326":14,"327":14,"328":13,"329":1,"330":1,"331":1,"332":1,"333":1,"334":1},"f":{"0":11,"1":1,"2":0,"3":1,"4":0,"5":1,"6":4,"7":2,"8":7,"9":715,"10":391,"11":4,"12":4,"13":76,"14":663,"15":25,"16":15,"17":19,"18":18,"19":22,"20":193,"21":7,"22":29,"23":6,"24":16,"25":16,"26":8,"27":8,"28":19,"29":285,"30":6,"31":4,"32":3,"33":2,"34":14,"35":20,"36":11,"37":5,"38":19,"39":6,"40":145,"41":9,"42":7,"43":12,"44":10,"45":10,"46":10,"47":13,"48":17,"49":6,"50":4,"51":8,"52":22,"53":13,"54":16,"55":14,"56":1,"57":1,"58":1},"b":{"0":[1,1,1],"1":[1,0],"2":[11,0],"3":[11,0],"4":[11,11],"5":[0,11],"6":[11,0],"7":[0,0],"8":[1,1,1],"9":[1,0],"10":[1,1,1],"11":[0,1],"12":[1,1],"13":[1,0],"14":[11,0],"15":[11,11],"16":[1,1,1],"17":[0,4],"18":[4,4],"19":[1,1],"20":[1,1]},"inputSourceMap":{"version":3,"file":"/Users/binvog/Documents/UNSW 2023T1/COMP1531/Indiv_projectbackend/iter4-project-backend/src/server.ts","sources":["/Users/binvog/Documents/UNSW 2023T1/COMP1531/Indiv_projectbackend/iter4-project-backend/src/server.ts"],"names":[],"mappings":";;;;;;;;;;;;;;;;;;;;;;;;;;;;AAAA,iDAA2D;AAC3D,+BAA8B;AAC9B,kDAA4B;AAC5B,8DAAmC;AACnC,8CAAwB;AACxB,kFAAkD;AAClD,+BAMgB;AAEhB,uCAIoB;AAEpB,qCAQmB;AACnB,qCAcmB;AACnB,iCASiB;AACjB,2BAOc;AACd,2CAA2C;AAC3C,iCAAkC;AAClC,qCAA2E;AAC3E,iCAAyE;AAEzE,iBAAiB;AACjB,IAAM,GAAG,GAAG,IAAA,iBAAO,GAAE,CAAC;AACtB,oEAAoE;AACpE,GAAG,CAAC,GAAG,CAAC,IAAA,cAAI,GAAE,CAAC,CAAC;AAChB,2DAA2D;AAC3D,GAAG,CAAC,GAAG,CAAC,IAAA,cAAI,GAAE,CAAC,CAAC;AAChB,yCAAyC;AACzC,GAAG,CAAC,GAAG,CAAC,IAAA,gBAAM,EAAC,KAAK,CAAC,CAAC,CAAC;AACvB,gBAAgB;AAChB,GAAG,CAAC,GAAG,CAAC,MAAM,EAAE,iBAAO,CAAC,MAAM,CAAC,KAAK,CAAC,CAAC,CAAC;AAEvC,IAAM,IAAI,GAAW,QAAQ,CAAC,OAAO,CAAC,GAAG,CAAC,IAAI,IAAI,qBAAM,CAAC,IAAI,CAAC,CAAC;AAC/D,IAAM,IAAI,GAAW,OAAO,CAAC,GAAG,CAAC,EAAE,IAAI,WAAW,CAAC;AAEnD,sBAAsB;AACtB,GAAG,CAAC,GAAG,CAAC,OAAO,EAAE,UAAC,GAAY,EAAE,GAAa,EAAE,IAAI;IACjD,IAAM,IAAI,GAAG,GAAG,CAAC,KAAK,CAAC,IAAc,CAAC;IACtC,OAAO,GAAG,CAAC,IAAI,CAAC,IAAA,WAAI,EAAC,IAAI,CAAC,CAAC,CAAC;AAC9B,CAAC,CAAC,CAAC;AAEH,GAAG,CAAC,IAAI,CAAC,gBAAgB,EAAE,UAAC,GAAY,EAAE,GAAa,EAAE,IAAI;IACrD,IAAA,KAAsB,GAAG,CAAC,IAAI,EAA5B,KAAK,WAAA,EAAE,QAAQ,cAAa,CAAC;IACrC,IAAM,MAAM,GAAG,IAAA,kBAAW,EAAC,KAAK,EAAE,QAAQ,CAAC,CAAC;IAC5C,OAAO,GAAG,CAAC,IAAI,CAAC,MAAM,CAAC,CAAC;AAC1B,CAAC,CAAC,CAAC;AAEH,GAAG,CAAC,IAAI,CAAC,mBAAmB,EAAE,UAAC,GAAY,EAAE,GAAa,EAAE,IAAI;IACxD,IAAA,KAA2C,GAAG,CAAC,IAAI,EAAjD,KAAK,WAAA,EAAE,QAAQ,cAAA,EAAE,SAAS,eAAA,EAAE,QAAQ,cAAa,CAAC;IAC1D,IAAM,MAAM,GAAG,IAAA,qBAAc,EAAC,KAAK,EAAE,QAAQ,EAAE,SAAS,EAAE,QAAQ,CAAC,CAAC;IACpE,OAAO,GAAG,CAAC,IAAI,CAAC,MAAM,CAAC,CAAC;AAC1B,CAAC,CAAC,CAAC;AAEH,GAAG,CAAC,IAAI,CAAC,qBAAqB,EAAE,UAAC,GAAY,EAAE,GAAa,EAAE,IAAI;IAChE,IAAM,KAAK,GAAG,GAAG,CAAC,OAAO,CAAC,KAAe,CAAC;IACpC,IAAA,KAAqB,GAAG,CAAC,IAAI,EAA3B,IAAI,UAAA,EAAE,QAAQ,cAAa,CAAC;IACpC,IAAM,MAAM,GAAG,IAAA,2BAAgB,EAAC,KAAK,EAAE,IAAI,EAAE,QAAQ,CAAC,CAAC;IACvD,OAAO,GAAG,CAAC,IAAI,CAAC,MAAM,CAAC,CAAC;AAC1B,CAAC,CAAC,CAAC;AAEH,GAAG,CAAC,GAAG,CAAC,mBAAmB,EAAE,UAAC,GAAY,EAAE,GAAa,EAAE,IAAI;IAC7D,IAAM,KAAK,GAAG,GAAG,CAAC,OAAO,CAAC,KAAe,CAAC;IAC1C,IAAM,MAAM,GAAG,IAAA,yBAAc,EAAC,KAAK,CAAC,CAAC;IACrC,OAAO,GAAG,CAAC,IAAI,CAAC,MAAM,CAAC,CAAC;AAC1B,CAAC,CAAC,CAAC;AAEH,GAAG,CAAC,GAAG,CAAC,sBAAsB,EAAE,UAAC,GAAY,EAAE,GAAa,EAAE,IAAI;IAChE,IAAM,KAAK,GAAG,GAAG,CAAC,OAAO,CAAC,KAAe,CAAC;IAC1C,IAAM,MAAM,GAAG,IAAA,4BAAiB,EAAC,KAAK,CAAC,CAAC;IACxC,OAAO,GAAG,CAAC,IAAI,CAAC,MAAM,CAAC,CAAC;AAC1B,CAAC,CAAC,CAAC;AAEH,GAAG,CAAC,IAAI,CAAC,kBAAkB,EAAE,UAAC,GAAY,EAAE,GAAa,EAAE,IAAI;IAC7D,IAAM,KAAK,GAAG,GAAG,CAAC,OAAO,CAAC,KAAe,CAAC;IAClC,IAAA,SAAS,GAAK,GAAG,CAAC,IAAI,UAAb,CAAc;IAC/B,IAAM,MAAM,GAAG,IAAA,uBAAa,EAAC,KAAK,EAAE,SAAS,CAAC,CAAC;IAC/C,OAAO,GAAG,CAAC,IAAI,CAAC,MAAM,CAAC,CAAC;AAC1B,CAAC,CAAC,CAAC;AAEH,GAAG,CAAC,MAAM,CAAC,WAAW,EAAE,UAAC,GAAY,EAAE,GAAa,EAAE,IAAI;IACxD,IAAM,MAAM,GAAG,IAAA,eAAO,GAAE,CAAC;IACzB,OAAO,GAAG,CAAC,IAAI,CAAC,MAAM,CAAC,CAAC;AAC1B,CAAC,CAAC,CAAC;AAEH,GAAG,CAAC,GAAG,CAAC,sBAAsB,EAAE,UAAC,GAAY,EAAE,GAAa,EAAE,IAAI;IAChE,IAAM,KAAK,GAAG,GAAG,CAAC,OAAO,CAAC,KAAe,CAAC;IAC1C,IAAM,SAAS,GAAG,QAAQ,CAAC,GAAG,CAAC,KAAK,CAAC,SAAmB,CAAC,CAAC;IAC1D,IAAM,KAAK,GAAG,QAAQ,CAAC,GAAG,CAAC,KAAK,CAAC,KAAe,CAAC,CAAC;IAClD,IAAM,MAAM,GAAG,IAAA,2BAAiB,EAAC,KAAK,EAAE,SAAS,EAAE,KAAK,CAAC,CAAC;IAC1D,OAAO,GAAG,CAAC,IAAI,CAAC,MAAM,CAAC,CAAC;AAC1B,CAAC,CAAC,CAAC;AAEH,GAAG,CAAC,IAAI,CAAC,mBAAmB,EAAE,UAAC,GAAY,EAAE,GAAa,EAAE,IAAI;IAC9D,IAAM,KAAK,GAAG,GAAG,CAAC,OAAO,CAAC,KAAe,CAAC;IAClC,IAAA,SAAS,GAAK,GAAG,CAAC,IAAI,UAAb,CAAc;IAC/B,IAAM,MAAM,GAAG,IAAA,wBAAc,EAAC,KAAK,EAAE,SAAS,CAAC,CAAC;IAChD,OAAO,GAAG,CAAC,IAAI,CAAC,MAAM,CAAC,CAAC;AAC1B,CAAC,CAAC,CAAC;AAEH,GAAG,CAAC,IAAI,CAAC,sBAAsB,EAAE,UAAC,GAAY,EAAE,GAAa,EAAE,IAAI;IACjE,IAAM,KAAK,GAAG,GAAG,CAAC,OAAO,CAAC,KAAe,CAAC;IACpC,IAAA,KAAqB,GAAG,CAAC,IAAI,EAA3B,SAAS,eAAA,EAAE,GAAG,SAAa,CAAC;IACpC,IAAM,MAAM,GAAG,IAAA,2BAAiB,EAAC,KAAK,EAAE,SAAS,EAAE,GAAG,CAAC,CAAC;IACxD,OAAO,GAAG,CAAC,IAAI,CAAC,MAAM,CAAC,CAAC;AAC1B,CAAC,CAAC,CAAC;AAEH,GAAG,CAAC,IAAI,CAAC,yBAAyB,EAAE,UAAC,GAAY,EAAE,GAAa,EAAE,IAAI;IACpE,IAAM,KAAK,GAAG,GAAG,CAAC,OAAO,CAAC,KAAe,CAAC;IACpC,IAAA,KAAqB,GAAG,CAAC,IAAI,EAA3B,SAAS,eAAA,EAAE,GAAG,SAAa,CAAC;IACpC,IAAM,MAAM,GAAG,IAAA,8BAAoB,EAAC,KAAK,EAAE,SAAS,EAAE,GAAG,CAAC,CAAC;IAC3D,OAAO,GAAG,CAAC,IAAI,CAAC,MAAM,CAAC,CAAC;AAC1B,CAAC,CAAC,CAAC;AAEH,GAAG,CAAC,GAAG,CAAC,qBAAqB,EAAE,UAAC,GAAY,EAAE,GAAa,EAAE,IAAI;IAC/D,IAAM,KAAK,GAAG,GAAG,CAAC,OAAO,CAAC,KAAe,CAAC;IAC1C,IAAM,SAAS,GAAG,QAAQ,CAAC,GAAG,CAAC,KAAK,CAAC,SAAmB,CAAC,CAAC;IAC1D,IAAM,MAAM,GAAG,IAAA,0BAAgB,EAAC,KAAK,EAAE,SAAS,CAAC,CAAC;IAClD,OAAO,GAAG,CAAC,IAAI,CAAC,MAAM,CAAC,CAAC;AAC1B,CAAC,CAAC,CAAC;AAEH,GAAG,CAAC,IAAI,CAAC,eAAe,EAAE,UAAC,GAAY,EAAE,GAAa,EAAE,IAAI;IAC1D,IAAM,KAAK,GAAG,GAAG,CAAC,OAAO,CAAC,KAAe,CAAC;IAClC,IAAA,IAAI,GAAK,GAAG,CAAC,IAAI,KAAb,CAAc;IAC1B,IAAM,MAAM,GAAG,IAAA,eAAU,EAAC,KAAK,EAAE,IAAI,CAAC,CAAC;IACvC,OAAO,GAAG,CAAC,IAAI,CAAC,MAAM,CAAC,CAAC;AAC1B,CAAC,CAAC,CAAC;AAEH,GAAG,CAAC,IAAI,CAAC,cAAc,EAAE,UAAC,GAAY,EAAE,GAAa,EAAE,IAAI;IACzD,IAAM,KAAK,GAAG,GAAG,CAAC,OAAO,CAAC,KAAe,CAAC;IAClC,IAAA,IAAI,GAAK,GAAG,CAAC,IAAI,KAAb,CAAc;IAC1B,IAAM,MAAM,GAAG,IAAA,cAAS,EAAC,KAAK,EAAE,IAAI,CAAC,CAAC;IACtC,OAAO,GAAG,CAAC,IAAI,CAAC,MAAM,CAAC,CAAC;AAC1B,CAAC,CAAC,CAAC;AAEH,GAAG,CAAC,GAAG,CAAC,iBAAiB,EAAE,UAAC,GAAY,EAAE,GAAa,EAAE,IAAI;IAC3D,IAAM,KAAK,GAAG,GAAG,CAAC,OAAO,CAAC,KAAe,CAAC;IAC1C,IAAM,IAAI,GAAG,QAAQ,CAAC,GAAG,CAAC,KAAK,CAAC,IAAc,CAAC,CAAC;IAChD,IAAM,KAAK,GAAG,QAAQ,CAAC,GAAG,CAAC,KAAK,CAAC,KAAe,CAAC,CAAC;IAClD,IAAM,MAAM,GAAG,IAAA,iBAAY,EAAC,KAAK,EAAE,IAAI,EAAE,KAAK,CAAC,CAAC;IAChD,OAAO,GAAG,CAAC,IAAI,CAAC,MAAM,CAAC,CAAC;AAC1B,CAAC,CAAC,CAAC;AACH,GAAG,CAAC,GAAG,CAAC,aAAa,EAAE,UAAC,GAAY,EAAE,GAAa,EAAE,IAAI;IACvD,IAAM,KAAK,GAAG,GAAG,CAAC,OAAO,CAAC,KAAe,CAAC;IAC1C,IAAM,MAAM,GAAG,IAAA,aAAQ,EAAC,KAAK,CAAC,CAAC;IAC/B,OAAO,GAAG,CAAC,IAAI,CAAC,MAAM,CAAC,CAAC;AAC1B,CAAC,CAAC,CAAC;AAEH,GAAG,CAAC,IAAI,CAAC,oBAAoB,EAAE,UAAC,GAAY,EAAE,GAAa,EAAE,IAAI;IAC/D,IAAM,KAAK,GAAG,GAAG,CAAC,OAAO,CAAC,KAAe,CAAC;IACpC,IAAA,KAAqB,GAAG,CAAC,IAAI,EAA3B,SAAS,eAAA,EAAE,GAAG,SAAa,CAAC;IACpC,IAAM,MAAM,GAAG,IAAA,yBAAe,EAAC,KAAK,EAAE,SAAS,EAAE,GAAG,CAAC,CAAC;IACtD,OAAO,GAAG,CAAC,IAAI,CAAC,MAAM,CAAC,CAAC;AAC1B,CAAC,CAAC,CAAC;AAEH,GAAG,CAAC,MAAM,CAAC,oBAAoB,EAAE,UAAC,GAAY,EAAE,GAAa,EAAE,IAAI;IACjE,IAAM,KAAK,GAAG,GAAG,CAAC,OAAO,CAAC,KAAe,CAAC;IAC1C,IAAM,SAAS,GAAG,QAAQ,CAAC,GAAG,CAAC,KAAK,CAAC,SAAmB,CAAC,CAAC;IAC1D,IAAM,MAAM,GAAG,IAAA,yBAAe,EAAC,KAAK,EAAE,SAAS,CAAC,CAAC;IACjD,OAAO,GAAG,CAAC,IAAI,CAAC,MAAM,CAAC,CAAC;AAC1B,CAAC,CAAC,CAAC;AAEH,GAAG,CAAC,IAAI,CAAC,iBAAiB,EAAE,UAAC,GAAY,EAAE,GAAa,EAAE,IAAI;IAC5D,IAAM,KAAK,GAAG,GAAG,CAAC,OAAO,CAAC,KAAe,CAAC;IAC1C,IAAM,MAAM,GAAG,IAAA,mBAAY,EAAC,KAAK,CAAC,CAAC;IACnC,OAAO,GAAG,CAAC,IAAI,CAAC,MAAM,CAAC,CAAC;AAC1B,CAAC,CAAC,CAAC;AAEH,GAAG,CAAC,GAAG,CAAC,gBAAgB,EAAE,UAAC,GAAY,EAAE,GAAa,EAAE,IAAI;IAC1D,IAAM,KAAK,GAAG,GAAG,CAAC,OAAO,CAAC,KAAe,CAAC;IAC1C,IAAM,IAAI,GAAG,QAAQ,CAAC,GAAG,CAAC,KAAK,CAAC,IAAc,CAAC,CAAC;IAChD,IAAM,MAAM,GAAG,IAAA,gBAAW,EAAC,KAAK,EAAE,IAAI,CAAC,CAAC;IACxC,OAAO,GAAG,CAAC,IAAI,CAAC,MAAM,CAAC,CAAC;AAC1B,CAAC,CAAC,CAAC;AAEH,GAAG,CAAC,GAAG,CAAC,kBAAkB,EAAE,UAAC,GAAY,EAAE,GAAa,EAAE,IAAI;IAC5D,IAAM,KAAK,GAAG,GAAG,CAAC,OAAO,CAAC,KAAe,CAAC;IACpC,IAAA,KAAyB,GAAG,CAAC,IAAI,EAA/B,SAAS,eAAA,EAAE,OAAO,aAAa,CAAC;IACxC,IAAM,MAAM,GAAG,IAAA,uBAAa,EAAC,KAAK,EAAE,SAAS,EAAE,OAAO,CAAC,CAAC;IACxD,OAAO,GAAG,CAAC,IAAI,CAAC,MAAM,CAAC,CAAC;AAC1B,CAAC,CAAC,CAAC;AACH,GAAG,CAAC,IAAI,CAAC,kBAAkB,EAAE,UAAC,GAAY,EAAE,GAAa,EAAE,IAAI;IAC7D,IAAM,KAAK,GAAG,GAAG,CAAC,OAAO,CAAC,KAAe,CAAC;IACpC,IAAA,KAAyB,GAAG,CAAC,IAAI,EAA/B,SAAS,eAAA,EAAE,OAAO,aAAa,CAAC;IACxC,IAAM,MAAM,GAAG,IAAA,uBAAa,EAAC,KAAK,EAAE,SAAS,EAAE,OAAO,CAAC,CAAC;IACxD,OAAO,GAAG,CAAC,IAAI,CAAC,MAAM,CAAC,CAAC;AAC1B,CAAC,CAAC,CAAC;AAEH,GAAG,CAAC,GAAG,CAAC,4BAA4B,EAAE,UAAC,GAAY,EAAE,GAAa,EAAE,IAAI;IACtE,IAAM,KAAK,GAAG,GAAG,CAAC,OAAO,CAAC,KAAe,CAAC;IAClC,IAAA,SAAS,GAAK,GAAG,CAAC,IAAI,UAAb,CAAc;IAC/B,IAAM,MAAM,GAAG,IAAA,iBAAS,EAAC,KAAK,EAAE,SAAS,CAAC,CAAC;IAC3C,OAAO,GAAG,CAAC,IAAI,CAAC,MAAM,CAAC,CAAC;AAC1B,CAAC,CAAC,CAAC;AAEH,GAAG,CAAC,GAAG,CAAC,2BAA2B,EAAE,UAAC,GAAY,EAAE,GAAa,EAAE,IAAI;IACrE,IAAM,KAAK,GAAG,GAAG,CAAC,OAAO,CAAC,KAAe,CAAC;IAClC,IAAA,KAAK,GAAK,GAAG,CAAC,IAAI,MAAb,CAAc;IAC3B,IAAM,MAAM,GAAG,IAAA,gBAAQ,EAAC,KAAK,EAAE,KAAK,CAAC,CAAC;IACtC,OAAO,GAAG,CAAC,IAAI,CAAC,MAAM,CAAC,CAAC;AAC1B,CAAC,CAAC,CAAC;AAEH,GAAG,CAAC,GAAG,CAAC,0BAA0B,EAAE,UAAC,GAAY,EAAE,GAAa,EAAE,IAAI;IACpE,IAAM,KAAK,GAAG,GAAG,CAAC,OAAO,CAAC,KAAe,CAAC;IACpC,IAAA,KAA0B,GAAG,CAAC,IAAI,EAAhC,SAAS,eAAA,EAAE,QAAQ,cAAa,CAAC;IACzC,IAAM,MAAM,GAAG,IAAA,eAAO,EAAC,KAAK,EAAE,SAAS,EAAE,QAAQ,CAAC,CAAC;IACnD,OAAO,GAAG,CAAC,IAAI,CAAC,MAAM,CAAC,CAAC;AAC1B,CAAC,CAAC,CAAC;AAEH,GAAG,CAAC,GAAG,CAAC,eAAe,EAAE,UAAC,GAAY,EAAE,GAAa,EAAE,IAAI;IACzD,IAAM,KAAK,GAAG,GAAG,CAAC,OAAO,CAAC,KAAe,CAAC;IAC1C,IAAM,MAAM,GAAG,IAAA,mBAAW,EAAC,KAAK,CAAC,CAAC;IAClC,OAAO,GAAG,CAAC,IAAI,CAAC,MAAM,CAAC,CAAC;AAC1B,CAAC,CAAC,CAAC;AAEH,GAAG,CAAC,GAAG,CAAC,kBAAkB,EAAE,UAAC,GAAY,EAAE,GAAa,EAAE,IAAI;IAC5D,IAAM,KAAK,GAAG,GAAG,CAAC,OAAO,CAAC,KAAe,CAAC;IAC1C,IAAM,GAAG,GAAG,QAAQ,CAAC,GAAG,CAAC,KAAK,CAAC,GAAa,CAAC,CAAC;IAC9C,IAAM,MAAM,GAAG,IAAA,qBAAa,EAAC,KAAK,EAAE,GAAG,CAAC,CAAC;IACzC,OAAO,GAAG,CAAC,IAAI,CAAC,MAAM,CAAC,CAAC;AAC1B,CAAC,CAAC,CAAC;AAEH,GAAG,CAAC,IAAI,CAAC,iBAAiB,EAAE,UAAC,GAAY,EAAE,GAAa,EAAE,IAAI;IAC5D,IAAM,KAAK,GAAG,GAAG,CAAC,OAAO,CAAC,KAAe,CAAC;IAClC,IAAA,SAAS,GAAK,GAAG,CAAC,IAAI,UAAb,CAAc;IAC/B,IAAM,MAAM,GAAG,IAAA,sBAAY,EAAC,KAAK,EAAE,SAAS,CAAC,CAAC;IAC9C,OAAO,GAAG,CAAC,IAAI,CAAC,MAAM,CAAC,CAAC;AAC1B,CAAC,CAAC,CAAC;AAEH,GAAG,CAAC,IAAI,CAAC,mBAAmB,EAAE,UAAC,GAAY,EAAE,GAAa,EAAE,IAAI;IAC9D,IAAM,KAAK,GAAG,GAAG,CAAC,OAAO,CAAC,KAAe,CAAC;IAClC,IAAA,SAAS,GAAK,GAAG,CAAC,IAAI,UAAb,CAAc;IAC/B,IAAM,MAAM,GAAG,IAAA,wBAAc,EAAC,KAAK,EAAE,SAAS,CAAC,CAAC;IAChD,OAAO,GAAG,CAAC,IAAI,CAAC,MAAM,CAAC,CAAC;AAC1B,CAAC,CAAC,CAAC;AAEH,GAAG,CAAC,GAAG,CAAC,YAAY,EAAE,UAAC,GAAY,EAAE,GAAa,EAAE,IAAI;IACtD,IAAM,KAAK,GAAG,GAAG,CAAC,OAAO,CAAC,KAAe,CAAC;IAC1C,IAAM,QAAQ,GAAG,GAAG,CAAC,KAAK,CAAC,QAAkB,CAAC;IAC9C,IAAM,MAAM,GAAG,IAAA,kBAAQ,EAAC,KAAK,EAAE,QAAQ,CAAC,CAAC;IACzC,OAAO,GAAG,CAAC,IAAI,CAAC,MAAM,CAAC,CAAC;AAC1B,CAAC,CAAC,CAAC;AAEH,GAAG,CAAC,GAAG,CAAC,uBAAuB,EAAE,UAAC,GAAY,EAAE,GAAa,EAAE,IAAI;IACjE,IAAM,KAAK,GAAG,GAAG,CAAC,OAAO,CAAC,KAAe,CAAC;IAC1C,IAAM,MAAM,GAAG,IAAA,4BAAkB,EAAC,KAAK,CAAC,CAAC;IACzC,OAAO,GAAG,CAAC,IAAI,CAAC,MAAM,CAAC,CAAC;AAC1B,CAAC,CAAC,CAAC;AAEH,GAAG,CAAC,MAAM,CAAC,eAAe,EAAE,UAAC,GAAY,EAAE,GAAa,EAAE,IAAI;IAC5D,IAAM,KAAK,GAAG,GAAG,CAAC,OAAO,CAAC,KAAe,CAAC;IAC1C,IAAM,IAAI,GAAG,QAAQ,CAAC,GAAG,CAAC,KAAK,CAAC,IAAc,CAAC,CAAC;IAChD,IAAM,MAAM,GAAG,IAAA,eAAU,EAAC,KAAK,EAAE,IAAI,CAAC,CAAC;IACvC,OAAO,GAAG,CAAC,IAAI,CAAC,MAAM,CAAC,CAAC;AAC1B,CAAC,CAAC,CAAC;AAEH,GAAG,CAAC,IAAI,CAAC,oBAAoB,EAAE,UAAC,GAAY,EAAE,GAAa,EAAE,IAAI;IAC/D,IAAM,KAAK,GAAG,GAAG,CAAC,OAAO,CAAC,KAAe,CAAC;IACpC,IAAA,KAAoB,GAAG,CAAC,IAAI,EAA1B,IAAI,UAAA,EAAE,OAAO,aAAa,CAAC;IACnC,IAAM,MAAM,GAAG,IAAA,yBAAe,EAAC,KAAK,EAAE,IAAI,EAAE,OAAO,CAAC,CAAC;IACrD,OAAO,GAAG,CAAC,IAAI,CAAC,MAAM,CAAC,CAAC;AAC1B,CAAC,CAAC,CAAC;AAEH,GAAG,CAAC,IAAI,CAAC,mBAAmB,EAAE,UAAC,GAAY,EAAE,GAAa,EAAE,IAAI;IAC9D,IAAM,KAAK,GAAG,GAAG,CAAC,OAAO,CAAC,KAAe,CAAC;IACpC,IAAA,KAAwB,GAAG,CAAC,IAAI,EAA9B,SAAS,eAAA,EAAE,MAAM,YAAa,CAAC;IACvC,IAAM,MAAM,GAAG,IAAA,wBAAc,EAAC,KAAK,EAAE,SAAS,EAAE,MAAM,CAAC,CAAC;IACxD,OAAO,GAAG,CAAC,IAAI,CAAC,MAAM,CAAC,CAAC;AAC1B,CAAC,CAAC,CAAC;AAEH,GAAG,CAAC,GAAG,CAAC,oBAAoB,EAAE,UAAC,GAAY,EAAE,GAAa,EAAE,IAAI;IAC9D,IAAM,KAAK,GAAG,GAAG,CAAC,OAAO,CAAC,KAAe,CAAC;IAC1C,IAAM,SAAS,GAAG,QAAQ,CAAC,GAAG,CAAC,KAAK,CAAC,SAAmB,CAAC,CAAC;IAC1D,IAAM,MAAM,GAAG,IAAA,yBAAe,EAAC,KAAK,EAAE,SAAS,CAAC,CAAC;IACjD,OAAO,GAAG,CAAC,IAAI,CAAC,MAAM,CAAC,CAAC;AAC1B,CAAC,CAAC,CAAC;AAEH,GAAG,CAAC,IAAI,CAAC,kBAAkB,EAAE,UAAC,GAAY,EAAE,GAAa,EAAE,IAAI;IAC7D,IAAM,KAAK,GAAG,GAAG,CAAC,OAAO,CAAC,KAAe,CAAC;IACpC,IAAA,KAAyB,GAAG,CAAC,IAAI,EAA/B,SAAS,eAAA,EAAE,OAAO,aAAa,CAAC;IACxC,IAAM,MAAM,GAAG,IAAA,uBAAa,EAAC,KAAK,EAAE,SAAS,EAAE,OAAO,CAAC,CAAC;IACxD,OAAO,GAAG,CAAC,IAAI,CAAC,MAAM,CAAC,CAAC;AAC1B,CAAC,CAAC,CAAC;AAEH,GAAG,CAAC,IAAI,CACN,8BAA8B,EAC9B,UAAC,GAAY,EAAE,GAAa,EAAE,IAAI;IAChC,IAAM,KAAK,GAAG,GAAG,CAAC,OAAO,CAAC,KAAe,CAAC;IACpC,IAAA,KAAyC,GAAG,CAAC,IAAI,EAA/C,MAAM,YAAA,EAAE,MAAM,YAAA,EAAE,MAAM,YAAA,EAAE,IAAI,UAAA,EAAE,IAAI,UAAa,CAAC;IACxD,IAAM,MAAM,GAAG,IAAA,gCAAwB,EACrC,KAAK,EACL,MAAM,EACN,MAAM,EACN,MAAM,EACN,IAAI,EACJ,IAAI,CACL,CAAC;IACF,OAAO,GAAG,CAAC,IAAI,CAAC,MAAM,CAAC,CAAC;AAC1B,CAAC,CACF,CAAC;AACF,GAAG,CAAC,IAAI,CAAC,uBAAuB,EAAE,UAAC,GAAY,EAAE,GAAa,EAAE,IAAI;IAClE,IAAM,KAAK,GAAG,GAAG,CAAC,OAAO,CAAC,KAAe,CAAC;IACpC,IAAA,KAAmC,GAAG,CAAC,IAAI,EAAzC,SAAS,eAAA,EAAE,OAAO,aAAA,EAAE,QAAQ,cAAa,CAAC;IAClD,IAAM,MAAM,GAAG,IAAA,4BAAkB,EAAC,KAAK,EAAE,SAAS,EAAE,OAAO,EAAE,QAAQ,CAAC,CAAC;IACvE,OAAO,GAAG,CAAC,IAAI,CAAC,MAAM,CAAC,CAAC;AAC1B,CAAC,CAAC,CAAC;AAEH,GAAG,CAAC,IAAI,CAAC,yBAAyB,EAAE,UAAC,GAAY,EAAE,GAAa,EAAE,IAAI;IACpE,IAAM,KAAK,GAAG,GAAG,CAAC,OAAO,CAAC,KAAe,CAAC;IACpC,IAAA,KAA8B,GAAG,CAAC,IAAI,EAApC,IAAI,UAAA,EAAE,OAAO,aAAA,EAAE,QAAQ,cAAa,CAAC;IAC7C,IAAM,MAAM,GAAG,IAAA,8BAAoB,EAAC,KAAK,EAAE,IAAI,EAAE,OAAO,EAAE,QAAQ,CAAC,CAAC;IACpE,OAAO,GAAG,CAAC,IAAI,CAAC,MAAM,CAAC,CAAC;AAC1B,CAAC,CAAC,CAAC;AAEH,GAAG,CAAC,IAAI,CAAC,mBAAmB,EAAE,UAAC,GAAY,EAAE,GAAa,EAAE,IAAI;IAC9D,IAAM,KAAK,GAAG,GAAG,CAAC,OAAO,CAAC,KAAe,CAAC;IACpC,IAAA,KAA4C,GAAG,CAAC,IAAI,EAAlD,WAAW,iBAAA,EAAE,OAAO,aAAA,EAAE,SAAS,eAAA,EAAE,IAAI,UAAa,CAAC;IAC3D,IAAM,MAAM,GAAG,IAAA,wBAAc,EAAC,KAAK,EAAE,WAAW,EAAE,OAAO,EAAE,SAAS,EAAE,IAAI,CAAC,CAAC;IAC5E,OAAO,GAAG,CAAC,IAAI,CAAC,MAAM,CAAC,CAAC;AAC1B,CAAC,CAAC,CAAC;AAEH,GAAG,CAAC,IAAI,CACN,iCAAiC,EACjC,UAAC,GAAY,EAAE,GAAa,EAAE,IAAI;IAChC,IAAM,KAAK,GAAG,GAAG,CAAC,OAAO,CAAC,KAAe,CAAC;IACpC,IAAA,KAAwB,GAAG,CAAC,IAAI,EAA9B,GAAG,SAAA,EAAE,YAAY,kBAAa,CAAC;IACvC,IAAM,MAAM,GAAG,IAAA,mCAA2B,EAAC,KAAK,EAAE,GAAG,EAAE,YAAY,CAAC,CAAC;IACrE,OAAO,GAAG,CAAC,IAAI,CAAC,MAAM,CAAC,CAAC;AAC1B,CAAC,CACF,CAAC;AAEF,GAAG,CAAC,IAAI,CACN,gCAAgC,EAChC,UAAC,GAAY,EAAE,GAAa,EAAE,IAAI;IACxB,IAAA,KAAK,GAAK,GAAG,CAAC,IAAI,MAAb,CAAc;IAC3B,IAAM,MAAM,GAAG,IAAA,6BAAsB,EAAC,KAAK,CAAC,CAAC;IAC7C,OAAO,GAAG,CAAC,IAAI,CAAC,MAAM,CAAC,CAAC;AAC1B,CAAC,CACF,CAAC;AAEF,GAAG,CAAC,IAAI,CACN,8BAA8B,EAC9B,UAAC,GAAY,EAAE,GAAa,EAAE,IAAI;IAC1B,IAAA,KAA6B,GAAG,CAAC,IAAI,EAAnC,SAAS,eAAA,EAAE,WAAW,iBAAa,CAAC;IAC5C,IAAM,MAAM,GAAG,IAAA,sBAAe,EAAC,SAAS,EAAE,WAAW,CAAC,CAAC;IACvD,OAAO,GAAG,CAAC,IAAI,CAAC,MAAM,CAAC,CAAC;AAC1B,CAAC,CACF,CAAC;AAEF,GAAG,CAAC,MAAM,CAAC,uBAAuB,EAAE,UAAC,GAAY,EAAE,GAAa,EAAE,IAAI;IACpE,IAAM,KAAK,GAAG,GAAG,CAAC,OAAO,CAAC,KAAe,CAAC;IAC1C,IAAM,GAAG,GAAG,QAAQ,CAAC,GAAG,CAAC,KAAK,CAAC,GAAa,CAAC,CAAC;IAC9C,IAAM,MAAM,GAAG,IAAA,yBAAiB,EAAC,KAAK,EAAE,GAAG,CAAC,CAAC;IAC7C,OAAO,GAAG,CAAC,IAAI,CAAC,MAAM,CAAC,CAAC;AAC1B,CAAC,CAAC,CAAC;AAEH,GAAG,CAAC,IAAI,CAAC,mBAAmB,EAAE,UAAC,GAAY,EAAE,GAAa,EAAE,IAAI;IAC9D,IAAM,KAAK,GAAG,GAAG,CAAC,OAAO,CAAC,KAAe,CAAC;IACpC,IAAA,KAAyB,GAAG,CAAC,IAAI,EAA/B,SAAS,eAAA,EAAE,OAAO,aAAa,CAAC;IACxC,IAAM,MAAM,GAAG,IAAA,wBAAc,EAAC,KAAK,EAAE,SAAS,EAAE,OAAO,CAAC,CAAC;IACzD,OAAO,GAAG,CAAC,IAAI,CAAC,MAAM,CAAC,CAAC;AAC1B,CAAC,CAAC,CAAC;AAEH,GAAG,CAAC,IAAI,CAAC,qBAAqB,EAAE,UAAC,GAAY,EAAE,GAAa,EAAE,IAAI;IAChE,IAAM,KAAK,GAAG,GAAG,CAAC,OAAO,CAAC,KAAe,CAAC;IACpC,IAAA,KAAyB,GAAG,CAAC,IAAI,EAA/B,SAAS,eAAA,EAAE,OAAO,aAAa,CAAC;IACxC,IAAM,MAAM,GAAG,IAAA,0BAAgB,EAAC,KAAK,EAAE,SAAS,EAAE,OAAO,CAAC,CAAC;IAC3D,OAAO,GAAG,CAAC,IAAI,CAAC,MAAM,CAAC,CAAC;AAC1B,CAAC,CAAC,CAAC;AAEH,GAAG,CAAC,GAAG,CAAC,gBAAgB,EAAE,UAAC,GAAY,EAAE,GAAa,EAAE,IAAI;IAC1D,IAAM,KAAK,GAAG,GAAG,CAAC,OAAO,CAAC,KAAe,CAAC;IAC1C,IAAM,MAAM,GAAG,IAAA,mBAAW,EAAC,KAAK,CAAC,CAAC;IAClC,OAAO,GAAG,CAAC,IAAI,CAAC,MAAM,CAAC,CAAC;AAC1B,CAAC,CAAC,CAAC;AAEH,GAAG,CAAC,GAAG,CAAC,iBAAiB,EAAE,UAAC,GAAY,EAAE,GAAa,EAAE,IAAI;IAC3D,IAAM,KAAK,GAAG,GAAG,CAAC,OAAO,CAAC,KAAe,CAAC;IAC1C,IAAM,MAAM,GAAG,IAAA,oBAAY,EAAC,KAAK,CAAC,CAAC;IACnC,OAAO,GAAG,CAAC,IAAI,CAAC,MAAM,CAAC,CAAC;AAC1B,CAAC,CAAC,CAAC;AAEH,sCAAsC;AACtC,wBAAwB;AACxB,GAAG,CAAC,GAAG,CAAC,IAAA,gCAAY,GAAE,CAAC,CAAC;AACxB,eAAe;AACf,IAAM,MAAM,GAAG,GAAG,CAAC,MAAM,CAAC,IAAI,EAAE,IAAI,EAAE;IACpC,0BAA0B;IAC1B,OAAO,CAAC,GAAG,CAAC,8CAA6B,IAAI,iBAAO,IAAI,CAAE,CAAC,CAAC;AAC9D,CAAC,CAAC,CAAC;AAEH,yCAAyC;AACzC,OAAO,CAAC,EAAE,CAAC,QAAQ,EAAE;IACnB,MAAM,CAAC,KAAK,CAAC,cAAM,OAAA,OAAO,CAAC,GAAG,CAAC,kCAAkC,CAAC,EAA/C,CAA+C,CAAC,CAAC;AACtE,CAAC,CAAC,CAAC","sourcesContent":["import express, { json, Request, Response } from 'express';\nimport { echo } from './echo';\nimport morgan from 'morgan';\nimport config from './config.json';\nimport cors from 'cors';\nimport errorHandler from 'middleware-http-errors';\nimport {\n  authRegisterV1,\n  authLoginV1,\n  authLogoutV1,\n  passwordResetRequestV1,\n  passwordResetV1,\n} from './auth';\n\nimport {\n  channelsCreateV1,\n  channelsListV1,\n  channelsListAllV1,\n} from './channels';\n\nimport {\n  channelMessagesV1,\n  channelDetailsV1,\n  channelLeaveV1,\n  channelJoinV1,\n  channelInviteV1,\n  channelAddOwnerV1,\n  channelRemoveOwnerV1,\n} from './channel';\nimport {\n  messageRemoveV1,\n  messageSendV1,\n  messageEditV1,\n  messageSendDmV1,\n  messageSendLaterV1,\n  messagePinV1,\n  messageUnpinV1,\n  searchV1,\n  notificationsGetV1,\n  messageSendLaterDmV1,\n  messageShareV1,\n  messageReactV1,\n  messageUnreactV1,\n} from './message';\nimport {\n  setEmail,\n  setName,\n  setHandle,\n  getAllUsers,\n  userProfileV2,\n  userProfileUploadPhotoV1,\n  userStatsV1,\n  usersStatsV1,\n} from './users';\nimport {\n  dmCreateV1,\n  dmDetailsV1,\n  dmListV1,\n  dmMessagesV1,\n  dmRemoveV1,\n  dmLeaveV1,\n} from './dm';\n// import { userProfileV1 } from './users';\nimport { clearV1 } from './other';\nimport { standupActiveV1, standupSendV1, standupStartV1 } from './standup';\nimport { adminuserPermissionChangeV1, adminuserRemoveV1 } from './admin';\n\n// Set up web app\nconst app = express();\n// Use middleware that allows us to access the JSON body of requests\napp.use(json());\n// Use middleware that allows for access from other domains\napp.use(cors());\n// for logging errors (print to terminal)\napp.use(morgan('dev'));\n// for image use\napp.use('/img', express.static('img'));\n\nconst PORT: number = parseInt(process.env.PORT || config.port);\nconst HOST: string = process.env.IP || 'localhost';\n\n// Example get request\napp.get('/echo', (req: Request, res: Response, next) => {\n  const data = req.query.echo as string;\n  return res.json(echo(data));\n});\n\napp.post('/auth/login/v3', (req: Request, res: Response, next) => {\n  const { email, password } = req.body;\n  const result = authLoginV1(email, password);\n  return res.json(result);\n});\n\napp.post('/auth/register/v3', (req: Request, res: Response, next) => {\n  const { email, password, nameFirst, nameLast } = req.body;\n  const result = authRegisterV1(email, password, nameFirst, nameLast);\n  return res.json(result);\n});\n\napp.post('/channels/create/v3', (req: Request, res: Response, next) => {\n  const token = req.headers.token as string;\n  const { name, isPublic } = req.body;\n  const result = channelsCreateV1(token, name, isPublic);\n  return res.json(result);\n});\n\napp.get('/channels/list/v3', (req: Request, res: Response, next) => {\n  const token = req.headers.token as string;\n  const result = channelsListV1(token);\n  return res.json(result);\n});\n\napp.get('/channels/listall/v3', (req: Request, res: Response, next) => {\n  const token = req.headers.token as string;\n  const result = channelsListAllV1(token);\n  return res.json(result);\n});\n\napp.post('/channel/join/v3', (req: Request, res: Response, next) => {\n  const token = req.headers.token as string;\n  const { channelId } = req.body;\n  const result = channelJoinV1(token, channelId);\n  return res.json(result);\n});\n\napp.delete('/clear/v1', (req: Request, res: Response, next) => {\n  const result = clearV1();\n  return res.json(result);\n});\n\napp.get('/channel/messages/v3', (req: Request, res: Response, next) => {\n  const token = req.headers.token as string;\n  const channelId = parseInt(req.query.channelId as string);\n  const start = parseInt(req.query.start as string);\n  const result = channelMessagesV1(token, channelId, start);\n  return res.json(result);\n});\n\napp.post('/channel/leave/v2', (req: Request, res: Response, next) => {\n  const token = req.headers.token as string;\n  const { channelId } = req.body;\n  const result = channelLeaveV1(token, channelId);\n  return res.json(result);\n});\n\napp.post('/channel/addowner/v2', (req: Request, res: Response, next) => {\n  const token = req.headers.token as string;\n  const { channelId, uId } = req.body;\n  const result = channelAddOwnerV1(token, channelId, uId);\n  return res.json(result);\n});\n\napp.post('/channel/removeowner/v2', (req: Request, res: Response, next) => {\n  const token = req.headers.token as string;\n  const { channelId, uId } = req.body;\n  const result = channelRemoveOwnerV1(token, channelId, uId);\n  return res.json(result);\n});\n\napp.get('/channel/details/v3', (req: Request, res: Response, next) => {\n  const token = req.headers.token as string;\n  const channelId = parseInt(req.query.channelId as string);\n  const result = channelDetailsV1(token, channelId);\n  return res.json(result);\n});\n\napp.post('/dm/create/v2', (req: Request, res: Response, next) => {\n  const token = req.headers.token as string;\n  const { uIds } = req.body;\n  const result = dmCreateV1(token, uIds);\n  return res.json(result);\n});\n\napp.post('/dm/leave/v2', (req: Request, res: Response, next) => {\n  const token = req.headers.token as string;\n  const { dmId } = req.body;\n  const result = dmLeaveV1(token, dmId);\n  return res.json(result);\n});\n\napp.get('/dm/messages/v2', (req: Request, res: Response, next) => {\n  const token = req.headers.token as string;\n  const dmId = parseInt(req.query.dmId as string);\n  const start = parseInt(req.query.start as string);\n  const result = dmMessagesV1(token, dmId, start);\n  return res.json(result);\n});\napp.get('/dm/list/v2', (req: Request, res: Response, next) => {\n  const token = req.headers.token as string;\n  const result = dmListV1(token);\n  return res.json(result);\n});\n\napp.post('/channel/invite/v3', (req: Request, res: Response, next) => {\n  const token = req.headers.token as string;\n  const { channelId, uId } = req.body;\n  const result = channelInviteV1(token, channelId, uId);\n  return res.json(result);\n});\n\napp.delete('/message/remove/v2', (req: Request, res: Response, next) => {\n  const token = req.headers.token as string;\n  const messageId = parseInt(req.query.messageId as string);\n  const result = messageRemoveV1(token, messageId);\n  return res.json(result);\n});\n\napp.post('/auth/logout/v2', (req: Request, res: Response, next) => {\n  const token = req.headers.token as string;\n  const result = authLogoutV1(token);\n  return res.json(result);\n});\n\napp.get('/dm/details/v2', (req: Request, res: Response, next) => {\n  const token = req.headers.token as string;\n  const dmId = parseInt(req.query.dmId as string);\n  const result = dmDetailsV1(token, dmId);\n  return res.json(result);\n});\n\napp.put('/message/edit/v2', (req: Request, res: Response, next) => {\n  const token = req.headers.token as string;\n  const { messageId, message } = req.body;\n  const result = messageEditV1(token, messageId, message);\n  return res.json(result);\n});\napp.post('/message/send/v2', (req: Request, res: Response, next) => {\n  const token = req.headers.token as string;\n  const { channelId, message } = req.body;\n  const result = messageSendV1(token, channelId, message);\n  return res.json(result);\n});\n\napp.put('/user/profile/sethandle/v2', (req: Request, res: Response, next) => {\n  const token = req.headers.token as string;\n  const { handleStr } = req.body;\n  const result = setHandle(token, handleStr);\n  return res.json(result);\n});\n\napp.put('/user/profile/setemail/v2', (req: Request, res: Response, next) => {\n  const token = req.headers.token as string;\n  const { email } = req.body;\n  const result = setEmail(token, email);\n  return res.json(result);\n});\n\napp.put('/user/profile/setname/v2', (req: Request, res: Response, next) => {\n  const token = req.headers.token as string;\n  const { nameFirst, nameLast } = req.body;\n  const result = setName(token, nameFirst, nameLast);\n  return res.json(result);\n});\n\napp.get('/users/all/v2', (req: Request, res: Response, next) => {\n  const token = req.headers.token as string;\n  const result = getAllUsers(token);\n  return res.json(result);\n});\n\napp.get('/user/profile/v3', (req: Request, res: Response, next) => {\n  const token = req.headers.token as string;\n  const uId = parseInt(req.query.uId as string);\n  const result = userProfileV2(token, uId);\n  return res.json(result);\n});\n\napp.post('/message/pin/v1', (req: Request, res: Response, next) => {\n  const token = req.headers.token as string;\n  const { messageId } = req.body;\n  const result = messagePinV1(token, messageId);\n  return res.json(result);\n});\n\napp.post('/message/unpin/v1', (req: Request, res: Response, next) => {\n  const token = req.headers.token as string;\n  const { messageId } = req.body;\n  const result = messageUnpinV1(token, messageId);\n  return res.json(result);\n});\n\napp.get('/search/v1', (req: Request, res: Response, next) => {\n  const token = req.headers.token as string;\n  const queryStr = req.query.queryStr as string;\n  const result = searchV1(token, queryStr);\n  return res.json(result);\n});\n\napp.get('/notifications/get/v1', (req: Request, res: Response, next) => {\n  const token = req.headers.token as string;\n  const result = notificationsGetV1(token);\n  return res.json(result);\n});\n\napp.delete('/dm/remove/v2', (req: Request, res: Response, next) => {\n  const token = req.headers.token as string;\n  const dmId = parseInt(req.query.dmId as string);\n  const result = dmRemoveV1(token, dmId);\n  return res.json(result);\n});\n\napp.post('/message/senddm/v2', (req: Request, res: Response, next) => {\n  const token = req.headers.token as string;\n  const { dmId, message } = req.body;\n  const result = messageSendDmV1(token, dmId, message);\n  return res.json(result);\n});\n\napp.post('/standup/start/v1', (req: Request, res: Response, next) => {\n  const token = req.headers.token as string;\n  const { channelId, length } = req.body;\n  const result = standupStartV1(token, channelId, length);\n  return res.json(result);\n});\n\napp.get('/standup/active/v1', (req: Request, res: Response, next) => {\n  const token = req.headers.token as string;\n  const channelId = parseInt(req.query.channelId as string);\n  const result = standupActiveV1(token, channelId);\n  return res.json(result);\n});\n\napp.post('/standup/send/v1', (req: Request, res: Response, next) => {\n  const token = req.headers.token as string;\n  const { channelId, message } = req.body;\n  const result = standupSendV1(token, channelId, message);\n  return res.json(result);\n});\n\napp.post(\n  '/user/profile/uploadphoto/v1',\n  (req: Request, res: Response, next) => {\n    const token = req.headers.token as string;\n    const { imgUrl, xStart, yStart, xEnd, yEnd } = req.body;\n    const result = userProfileUploadPhotoV1(\n      token,\n      imgUrl,\n      xStart,\n      yStart,\n      xEnd,\n      yEnd\n    );\n    return res.json(result);\n  }\n);\napp.post('/message/sendlater/v1', (req: Request, res: Response, next) => {\n  const token = req.headers.token as string;\n  const { channelId, message, timeSent } = req.body;\n  const result = messageSendLaterV1(token, channelId, message, timeSent);\n  return res.json(result);\n});\n\napp.post('/message/sendlaterdm/v1', (req: Request, res: Response, next) => {\n  const token = req.headers.token as string;\n  const { dmId, message, timeSent } = req.body;\n  const result = messageSendLaterDmV1(token, dmId, message, timeSent);\n  return res.json(result);\n});\n\napp.post('/message/share/v1', (req: Request, res: Response, next) => {\n  const token = req.headers.token as string;\n  const { ogMessageId, message, channelId, dmId } = req.body;\n  const result = messageShareV1(token, ogMessageId, message, channelId, dmId);\n  return res.json(result);\n});\n\napp.post(\n  '/admin/userpermission/change/v1',\n  (req: Request, res: Response, next) => {\n    const token = req.headers.token as string;\n    const { uId, permissionId } = req.body;\n    const result = adminuserPermissionChangeV1(token, uId, permissionId);\n    return res.json(result);\n  }\n);\n\napp.post(\n  '/auth/passwordreset/request/v1',\n  (req: Request, res: Response, next) => {\n    const { email } = req.body;\n    const result = passwordResetRequestV1(email);\n    return res.json(result);\n  }\n);\n\napp.post(\n  '/auth/passwordreset/reset/v1',\n  (req: Request, res: Response, next) => {\n    const { resetCode, newPassword } = req.body;\n    const result = passwordResetV1(resetCode, newPassword);\n    return res.json(result);\n  }\n);\n\napp.delete('/admin/user/remove/v1', (req: Request, res: Response, next) => {\n  const token = req.headers.token as string;\n  const uId = parseInt(req.query.uId as string);\n  const result = adminuserRemoveV1(token, uId);\n  return res.json(result);\n});\n\napp.post('/message/react/v1', (req: Request, res: Response, next) => {\n  const token = req.headers.token as string;\n  const { messageId, reactId } = req.body;\n  const result = messageReactV1(token, messageId, reactId);\n  return res.json(result);\n});\n\napp.post('/message/unreact/v1', (req: Request, res: Response, next) => {\n  const token = req.headers.token as string;\n  const { messageId, reactId } = req.body;\n  const result = messageUnreactV1(token, messageId, reactId);\n  return res.json(result);\n});\n\napp.get('/user/stats/v1', (req: Request, res: Response, next) => {\n  const token = req.headers.token as string;\n  const result = userStatsV1(token);\n  return res.json(result);\n});\n\napp.get('/users/stats/v1', (req: Request, res: Response, next) => {\n  const token = req.headers.token as string;\n  const result = usersStatsV1(token);\n  return res.json(result);\n});\n\n// Keep this BENEATH route definitions\n// handles errors nicely\napp.use(errorHandler());\n// start server\nconst server = app.listen(PORT, HOST, () => {\n  // DO NOT CHANGE THIS LINE\n  console.log(`⚡️ Server started on port ${PORT} at ${HOST}`);\n});\n\n// For coverage, handle Ctrl+C gracefully\nprocess.on('SIGINT', () => {\n  server.close(() => console.log('Shutting down server gracefully.'));\n});\n"]},"_coverageSchema":"1a1c01bbd47fc00a2c39e90264f33305004495a9","hash":"a87c050fa95c5debbd78983097b82ca23355c482","contentHash":"ec6ad67dcea35d672adcc15af3372d3c6566af4fa82d41f116df742d4738a288"},"/Users/binvog/Documents/UNSW 2023T1/COMP1531/Indiv_projectbackend/iter4-project-backend/src/echo.ts":{"path":"/Users/binvog/Documents/UNSW 2023T1/COMP1531/Indiv_projectbackend/iter4-project-backend/src/echo.ts","statementMap":{"0":{"start":{"line":2,"column":22},"end":{"line":4,"column":1}},"1":{"start":{"line":3,"column":4},"end":{"line":3,"column":62}},"2":{"start":{"line":5,"column":0},"end":{"line":5,"column":62}},"3":{"start":{"line":6,"column":0},"end":{"line":6,"column":22}},"4":{"start":{"line":7,"column":20},"end":{"line":7,"column":59}},"5":{"start":{"line":9,"column":4},"end":{"line":14,"column":5}},"6":{"start":{"line":11,"column":8},"end":{"line":11,"column":68}},"7":{"start":{"line":15,"column":4},"end":{"line":15,"column":17}},"8":{"start":{"line":17,"column":0},"end":{"line":17,"column":20}}},"fnMap":{"0":{"name":"(anonymous_0)","decl":{"start":{"line":2,"column":56},"end":{"line":2,"column":57}},"loc":{"start":{"line":2,"column":71},"end":{"line":4,"column":1}},"line":2},"1":{"name":"echo","decl":{"start":{"line":8,"column":9},"end":{"line":8,"column":13}},"loc":{"start":{"line":8,"column":21},"end":{"line":16,"column":1}},"line":8}},"branchMap":{"0":{"loc":{"start":{"line":2,"column":22},"end":{"line":4,"column":1}},"type":"binary-expr","locations":[{"start":{"line":2,"column":23},"end":{"line":2,"column":27}},{"start":{"line":2,"column":31},"end":{"line":2,"column":51}},{"start":{"line":2,"column":56},"end":{"line":4,"column":1}}],"line":2},"1":{"loc":{"start":{"line":3,"column":11},"end":{"line":3,"column":61}},"type":"cond-expr","locations":[{"start":{"line":3,"column":37},"end":{"line":3,"column":40}},{"start":{"line":3,"column":43},"end":{"line":3,"column":61}}],"line":3},"2":{"loc":{"start":{"line":3,"column":12},"end":{"line":3,"column":33}},"type":"binary-expr","locations":[{"start":{"line":3,"column":12},"end":{"line":3,"column":15}},{"start":{"line":3,"column":19},"end":{"line":3,"column":33}}],"line":3},"3":{"loc":{"start":{"line":9,"column":4},"end":{"line":14,"column":5}},"type":"if","locations":[{"start":{"line":9,"column":4},"end":{"line":14,"column":5}},{"start":{"line":9,"column":4},"end":{"line":14,"column":5}}],"line":9}},"s":{"0":1,"1":1,"2":1,"3":1,"4":1,"5":2,"6":1,"7":1,"8":1},"f":{"0":1,"1":2},"b":{"0":[1,1,1],"1":[0,1],"2":[1,1],"3":[1,1]},"inputSourceMap":{"version":3,"file":"/Users/binvog/Documents/UNSW 2023T1/COMP1531/Indiv_projectbackend/iter4-project-backend/src/echo.ts","sources":["/Users/binvog/Documents/UNSW 2023T1/COMP1531/Indiv_projectbackend/iter4-project-backend/src/echo.ts"],"names":[],"mappings":";;;;;;AAAA,4DAAoC;AAEpC,SAAS,IAAI,CAAC,KAAa;IACzB,IAAI,KAAK,KAAK,MAAM,EAAE;QACpB,kBAAkB;QAClB,MAAM,IAAA,qBAAS,EAAC,GAAG,EAAE,oBAAoB,CAAC,CAAC;QAC3C,kBAAkB;QAClB,6BAA6B;KAC9B;IACD,OAAO,KAAK,CAAC;AACf,CAAC;AAEQ,oBAAI","sourcesContent":["import HTTPError from 'http-errors';\n\nfunction echo(value: string) {\n  if (value === 'echo') {\n    // NEW Iteration 3\n    throw HTTPError(400, 'Cannot echo \"echo\"');\n    // OLD Iteration 2\n    // return { error: 'error' };\n  }\n  return value;\n}\n\nexport { echo };\n"]},"_coverageSchema":"1a1c01bbd47fc00a2c39e90264f33305004495a9","hash":"7337223a8dc9d1f6b9f43570bd4b8fa1a7534ed7","contentHash":"bd996234eff7c3621ae0cd47a4a16a8a31af2bb4d51125d0f44aa9dbc4fbefb5"},"/Users/binvog/Documents/UNSW 2023T1/COMP1531/Indiv_projectbackend/iter4-project-backend/src/auth.ts":{"path":"/Users/binvog/Documents/UNSW 2023T1/COMP1531/Indiv_projectbackend/iter4-project-backend/src/auth.ts","statementMap":{"0":{"start":{"line":2,"column":22},"end":{"line":4,"column":1}},"1":{"start":{"line":3,"column":4},"end":{"line":3,"column":62}},"2":{"start":{"line":5,"column":0},"end":{"line":5,"column":62}},"3":{"start":{"line":6,"column":0},"end":{"line":6,"column":136}},"4":{"start":{"line":7,"column":18},"end":{"line":7,"column":55}},"5":{"start":{"line":8,"column":20},"end":{"line":8,"column":59}},"6":{"start":{"line":9,"column":20},"end":{"line":9,"column":44}},"7":{"start":{"line":10,"column":23},"end":{"line":10,"column":50}},"8":{"start":{"line":11,"column":18},"end":{"line":11,"column":40}},"9":{"start":{"line":12,"column":17},"end":{"line":12,"column":38}},"10":{"start":{"line":21,"column":20},"end":{"line":21,"column":46}},"11":{"start":{"line":23,"column":28},"end":{"line":23,"column":73}},"12":{"start":{"line":24,"column":4},"end":{"line":32,"column":5}},"13":{"start":{"line":24,"column":18},"end":{"line":24,"column":19}},"14":{"start":{"line":24,"column":26},"end":{"line":24,"column":41}},"15":{"start":{"line":25,"column":19},"end":{"line":25,"column":25}},"16":{"start":{"line":26,"column":8},"end":{"line":31,"column":9}},"17":{"start":{"line":27,"column":12},"end":{"line":27,"column":31}},"18":{"start":{"line":29,"column":13},"end":{"line":31,"column":9}},"19":{"start":{"line":30,"column":12},"end":{"line":30,"column":77}},"20":{"start":{"line":33,"column":4},"end":{"line":35,"column":5}},"21":{"start":{"line":34,"column":8},"end":{"line":34,"column":87}},"22":{"start":{"line":36,"column":20},"end":{"line":36,"column":117}},"23":{"start":{"line":36,"column":64},"end":{"line":36,"column":114}},"24":{"start":{"line":37,"column":16},"end":{"line":37,"column":86}},"25":{"start":{"line":38,"column":4},"end":{"line":38,"column":60}},"26":{"start":{"line":39,"column":4},"end":{"line":39,"column":40}},"27":{"start":{"line":40,"column":4},"end":{"line":40,"column":64}},"28":{"start":{"line":42,"column":0},"end":{"line":42,"column":34}},"29":{"start":{"line":53,"column":20},"end":{"line":53,"column":46}},"30":{"start":{"line":54,"column":4},"end":{"line":56,"column":5}},"31":{"start":{"line":55,"column":8},"end":{"line":55,"column":68}},"32":{"start":{"line":57,"column":21},"end":{"line":57,"column":91}},"33":{"start":{"line":57,"column":60},"end":{"line":57,"column":88}},"34":{"start":{"line":58,"column":4},"end":{"line":60,"column":5}},"35":{"start":{
[...]
n":79},"end":{"line":139,"column":105}},"77":{"start":{"line":141,"column":4},"end":{"line":144,"column":7}},"78":{"start":{"line":142,"column":8},"end":{"line":142,"column":95}},"79":{"start":{"line":142,"column":65},"end":{"line":142,"column":91}},"80":{"start":{"line":143,"column":8},"end":{"line":143,"column":99}},"81":{"start":{"line":143,"column":69},"end":{"line":143,"column":95}},"82":{"start":{"line":145,"column":4},"end":{"line":145,"column":16}}},"fnMap":{"0":{"name":"(anonymous_0)","decl":{"start":{"line":2,"column":56},"end":{"line":2,"column":57}},"loc":{"start":{"line":2,"column":71},"end":{"line":4,"column":1}},"line":2},"1":{"name":"adminuserPermissionChangeV1","decl":{"start":{"line":19,"column":9},"end":{"line":19,"column":36}},"loc":{"start":{"line":19,"column":63},"end":{"line":60,"column":1}},"line":19},"2":{"name":"(anonymous_2)","decl":{"start":{"line":22,"column":35},"end":{"line":22,"column":36}},"loc":{"start":{"line":22,"column":51},"end":{"line":22,"column":86}},"line":22},"3":{"name":"(anonymous_3)","decl":{"start":{"line":34,"column":43},"end":{"line":34,"column":44}},"loc":{"start":{"line":34,"column":63},"end":{"line":41,"column":5}},"line":34},"4":{"name":"adminuserRemoveV1","decl":{"start":{"line":69,"column":9},"end":{"line":69,"column":26}},"loc":{"start":{"line":69,"column":39},"end":{"line":101,"column":1}},"line":69},"5":{"name":"(anonymous_5)","decl":{"start":{"line":73,"column":35},"end":{"line":73,"column":36}},"loc":{"start":{"line":73,"column":51},"end":{"line":73,"column":86}},"line":73},"6":{"name":"(anonymous_6)","decl":{"start":{"line":85,"column":43},"end":{"line":85,"column":44}},"loc":{"start":{"line":85,"column":63},"end":{"line":92,"column":5}},"line":85},"7":{"name":"replaceMessage","decl":{"start":{"line":103,"column":9},"end":{"line":103,"column":23}},"loc":{"start":{"line":103,"column":35},"end":{"line":120,"column":1}},"line":103},"8":{"name":"(anonymous_8)","decl":{"start":{"line":105,"column":26},"end":{"line":105,"column":27}},"loc":{"start":{"line":105,"column":45},"end":{"line":111,"column":5}},"line":105},"9":{"name":"(anonymous_9)","decl":{"start":{"line":106,"column":33},"end":{"line":106,"column":34}},"loc":{"start":{"line":106,"column":52},"end":{"line":110,"column":9}},"line":106},"10":{"name":"(anonymous_10)","decl":{"start":{"line":112,"column":20},"end":{"line":112,"column":21}},"loc":{"start":{"line":112,"column":34},"end":{"line":118,"column":5}},"line":112},"11":{"name":"(anonymous_11)","decl":{"start":{"line":113,"column":28},"end":{"line":113,"column":29}},"loc":{"start":{"line":113,"column":47},"end":{"line":117,"column":9}},"line":113},"12":{"name":"editProfile","decl":{"start":{"line":121,"column":9},"end":{"line":121,"column":20}},"loc":{"start":{"line":121,"column":32},"end":{"line":131,"column":1}},"line":121},"13":{"name":"(anonymous_13)","decl":{"start":{"line":122,"column":37},"end":{"line":122,"column":38}},"loc":{"start":{"line":122,"column":53},"end":{"line":122,"column":88}},"line":122},"14":{"name":"hideChannelDm","decl":{"start":{"line":132,"column":9},"end":{"line":132,"column":22}},"loc":{"start":{"line":132,"column":34},"end":{"line":146,"column":1}},"line":132},"15":{"name":"(anonymous_15)","decl":{"start":{"line":137,"column":26},"end":{"line":137,"column":27}},"loc":{"start":{"line":137,"column":45},"end":{"line":140,"column":5}},"line":137},"16":{"name":"(anonymous_16)","decl":{"start":{"line":138,"column":55},"end":{"line":138,"column":56}},"loc":{"start":{"line":138,"column":73},"end":{"line":138,"column":103}},"line":138},"17":{"name":"(anonymous_17)","decl":{"start":{"line":139,"column":59},"end":{"line":139,"column":60}},"loc":{"start":{"line":139,"column":77},"end":{"line":139,"column":107}},"line":139},"18":{"name":"(anonymous_18)","decl":{"start":{"line":141,"column":20},"end":{"line":141,"column":21}},"loc":{"start":{"line":141,"column":34},"end":{"line":144,"column":5}},"line":141},"19":{"name":"(anonymous_19)","decl":{"start":{"line":142,"column":45},"end":{"line":142,"column":46}},"loc":{"start":{"line":142,"column":63},"end":{"line":142,"column":93}},"line":142},"20":{"name":"(anonymous_20)","decl":{"start":{"line":143,"column":49},"end":{"line":143,"column":50}},"loc":{"start":{"line":143,"column":67},"end":{"line":143,"column":97}},"line":143}},"branchMap":{"0":{"loc":{"start":{"line":2,"column":22},"end":{"line":4,"column":1}},"type":"binary-expr","locations":[{"start":{"line":2,"column":23},"end":{"line":2,"column":27}},{"start":{"line":2,"column":31},"end":{"line":2,"column":51}},{"start":{"line":2,"column":56},"end":{"line":4,"column":1}}],"line":2},"1":{"loc":{"start":{"line":3,"column":11},"end":{"line":3,"column":61}},"type":"cond-expr","locations":[{"start":{"line":3,"column":37},"end":{"line":3,"column":40}},{"start":{"line":3,"column":43},"end":{"line":3,"column":61}}],"line":3},"2":{"loc":{"start":{"line":3,"column":12},"end":{"line":3,"column":33}},"type":"binary-expr","locations":[{"start":{"line":3,"column":12},"end":{"line":3,"column":15}},{"start":{"line":3,"column":19},"end":{"line":3,"column":33}}],"line":3},"3":{"loc":{"start":{"line":23,"column":4},"end":{"line":25,"column":5}},"type":"if","locations":[{"start":{"line":23,"column":4},"end":{"line":25,"column":5}},{"start":{"line":23,"column":4},"end":{"line":25,"column":5}}],"line":23},"4":{"loc":{"start":{"line":26,"column":4},"end":{"line":28,"column":5}},"type":"if","locations":[{"start":{"line":26,"column":4},"end":{"line":28,"column":5}},{"start":{"line":26,"column":4},"end":{"line":28,"column":5}}],"line":26},"5":{"loc":{"start":{"line":30,"column":4},"end":{"line":32,"column":5}},"type":"if","locations":[{"start":{"line":30,"column":4},"end":{"line":32,"column":5}},{"start":{"line":30,"column":4},"end":{"line":32,"column":5}}],"line":30},"6":{"loc":{"start":{"line":35,"column":8},"end":{"line":40,"column":9}},"type":"if","locations":[{"start":{"line":35,"column":8},"end":{"line":40,"column":9}},{"start":{"line":35,"column":8},"end":{"line":40,"column":9}}],"line":35},"7":{"loc":{"start":{"line":42,"column":4},"end":{"line":46,"column":5}},"type":"if","locations":[{"start":{"line":42,"column":4},"end":{"line":46,"column":5}},{"start":{"line":42,"column":4},"end":{"line":46,"column":5}}],"line":42},"8":{"loc":{"start":{"line":42,"column":8},"end":{"line":44,"column":36}},"type":"binary-expr","locations":[{"start":{"line":42,"column":8},"end":{"line":42,"column":28}},{"start":{"line":43,"column":8},"end":{"line":43,"column":26}},{"start":{"line":44,"column":8},"end":{"line":44,"column":36}}],"line":42},"9":{"loc":{"start":{"line":47,"column":4},"end":{"line":49,"column":5}},"type":"if","locations":[{"start":{"line":47,"column":4},"end":{"line":49,"column":5}},{"start":{"line":47,"column":4},"end":{"line":49,"column":5}}],"line":47},"10":{"loc":{"start":{"line":47,"column":8},"end":{"line":47,"column":48}},"type":"binary-expr","locations":[{"start":{"line":47,"column":8},"end":{"line":47,"column":26}},{"start":{"line":47,"column":30},"end":{"line":47,"column":48}}],"line":47},"11":{"loc":{"start":{"line":50,"column":4},"end":{"line":52,"column":5}},"type":"if","locations":[{"start":{"line":50,"column":4},"end":{"line":52,"column":5}},{"start":{"line":50,"column":4},"end":{"line":52,"column":5}}],"line":50},"12":{"loc":{"start":{"line":74,"column":4},"end":{"line":76,"column":5}},"type":"if","locations":[{"start":{"line":74,"column":4},"end":{"line":76,"column":5}},{"start":{"line":74,"column":4},"end":{"line":76,"column":5}}],"line":74},"13":{"loc":{"start":{"line":77,"column":4},"end":{"line":79,"column":5}},"type":"if","locations":[{"start":{"line":77,"column":4},"end":{"line":79,"column":5}},{"start":{"line":77,"column":4},"end":{"line":79,"column":5}}],"line":77},"14":{"loc":{"start":{"line":81,"column":4},"end":{"line":83,"column":5}},"type":"if","locations":[{"start":{"line":81,"column":4},"end":{"line":83,"column":5}},{"start":{"line":81,"column":4},"end":{"line":83,"column":5}}],"line":81},"15":{"loc":{"start":{"line":86,"column":8},"end":{"line":91,"column":9}},"type":"if","locations":[{"start":{"line":86,"column":8},"end":{"line":91,"column":9}},{"start":{"line":86,"column":8},"end":{"line":91,"column":9}}],"line":86},"16":{"loc":{"start":{"line":93,"column":4},"end":{"line":95,"column":5}},"type":"if","locations":[{"start":{"line":93,"column":4},"end":{"line":95,"column":5}},{"start":{"line":93,"column":4},"end":{"line":95,"column":5}}],"line":93},"17":{"loc":{"start":{"line":93,"column":8},"end":{"line":93,"column":60}},"type":"binary-expr","locations":[{"start":{"line":93,"column":8},"end":{"line":93,"column":28}},{"start":{"line":93,"column":32},"end":{"line":93,"column":60}}],"line":93},"18":{"loc":{"start":{"line":107,"column":12},"end":{"line":109,"column":13}},"type":"if","locations":[{"start":{"line":107,"column":12},"end":{"line":109,"column":13}},{"start":{"line":107,"column":12},"end":{"line":109,"column":13}}],"line":107},"19":{"loc":{"start":{"line":114,"column":12},"end":{"line":116,"column":13}},"type":"if","locations":[{"start":{"line":114,"column":12},"end":{"line":116,"column":13}},{"start":{"line":114,"column":12},"end":{"line":116,"column":13}}],"line":114}},"s":{"0":1,"1":1,"2":1,"3":1,"4":1,"5":1,"6":1,"7":17,"8":17,"9":17,"10":37,"11":17,"12":2,"13":15,"14":2,"15":13,"16":3,"17":10,"18":30,"19":13,"20":17,"21":10,"22":1,"23":9,"24":2,"25":7,"26":2,"27":5,"28":5,"29":5,"30":1,"31":8,"32":8,"33":8,"34":16,"35":8,"36":2,"37":6,"38":2,"39":4,"40":2,"41":2,"42":6,"43":3,"44":3,"45":2,"46":1,"47":1,"48":1,"49":1,"50":1,"51":1,"52":1,"53":1,"54":1,"55":1,"56":3,"57":2,"58":1,"59":1,"60":3,"61":2,"62":1,"63":1,"64":1,"65":1,"66":1,"67":1,"68":1,"69":1,"70":1,"71":1,"72":1,"73":1,"74":2,"75":1,"76":1,"77":1,"78":1,"79":2,"80":1,"81":1,"82":1},"f":{"0":1,"1":17,"2":37,"3":30,"4":8,"5":16,"6":6,"7":1,"8":1,"9":3,"10":1,"11":3,"12":1,"13":1,"14":1,"15":1,"16":2,"17":1,"18":1,"19":2,"20":1},"b":{"0":[1,1,1],"1":[0,1],"2":[1,1],"3":[2,15],"4":[2,13],"5":[3,10],"6":[13,17],"7":[1,9],"8":[10,8,3],"9":[2,7],"10":[9,5],"11":[2,5],"12":[2,6],"13":[2,4],"14":[2,2],"15":[3,3],"16":[1,1],"17":[2,1],"18":[2,1],"19":[2,1]},"inputSourceMap":{"version":3,"file":"/Users/binvog/Documents/UNSW 2023T1/COMP1531/Indiv_projectbackend/iter4-project-backend/src/admin.ts","sources":["/Users/binvog/Documents/UNSW 2023T1/COMP1531/Indiv_projectbackend/iter4-project-backend/src/admin.ts"],"names":[],"mappings":";;;;;;AAAA,4DAAoC;AACpC,yCAA+C;AAC/C,mDAAkD;AAGlD;;;;;;;GAOG;AAEH,gEAAgE;AAChE,SAAgB,2BAA2B,CACzC,KAAa,EACb,GAAW,EACX,YAAoB;IAEpB,IAAM,IAAI,GAAG,IAAA,mBAAO,GAAE,CAAC;IACvB,IAAM,UAAU,GAAG,IAAA,+BAAc,EAAC,KAAK,CAAC,CAAC;IACzC,IAAM,QAAQ,GAAG,IAAI,CAAC,KAAK,CAAC,IAAI,CAAC,UAAC,IAAI,IAAK,OAAA,IAAI,CAAC,UAAU,KAAK,GAAG,EAAvB,CAAuB,CAAC,CAAC;IAEpE,IAAI,UAAU,KAAK,SAAS,EAAE;QAC5B,MAAM,IAAA,qBAAS,EAAC,GAAG,EAAE,oBAAoB,CAAC,CAAC;KAC5C;IAED,IAAI,QAAQ,KAAK,SAAS,EAAE;QAC1B,MAAM,IAAA,qBAAS,EAAC,GAAG,EAAE,aAAa,CAAC,CAAC;KACrC;IAED,0CAA0C;IAC1C,IAAI,UAAU,CAAC,aAAa,KAAK,CAAC,EAAE;QAClC,MAAM,IAAA,qBAAS,EAAC,GAAG,EAAE,UAAU,CAAC,UAAU,GAAG,oBAAoB,CAAC,CAAC;KACpE;IAED,gDAAgD;IAChD,IAAM,cAAc,GAAG,IAAI,CAAC,KAAK,CAAC,MAAM,CAAC,UAAC,GAAG,EAAE,GAAG;QAChD,IAAI,GAAG,CAAC,aAAa,KAAK,CAAC,EAAE;YAC3B,OAAO,GAAG,GAAG,GAAG,CAAC,aAAa,CAAC;SAChC;aAAM;YACL,OAAO,GAAG,CAAC;SACZ;IACH,CAAC,EAAE,CAAC,CAAC,CAAC;IAEN,IACE,cAAc,KAAK,CAAC;QACpB,YAAY,KAAK,CAAC;QAClB,QAAQ,CAAC,aAAa,KAAK,CAAC,EAC5B;QACA,MAAM,IAAA,qBAAS,EAAC,GAAG,EAAE,gCAAgC,CAAC,CAAC;KACxD;IAED,IAAI,YAAY,KAAK,CAAC,IAAI,YAAY,KAAK,CAAC,EAAE;QAC5C,MAAM,IAAA,qBAAS,EAAC,GAAG,EAAE,sBAAsB,CAAC,CAAC;KAC9C;IACD,IAAI,QAAQ,CAAC,aAAa,KAAK,YAAY,EAAE;QAC3C,MAAM,IAAA,qBAAS,EAAC,GAAG,EAAE,kCAAkC,CAAC,CAAC;KAC1D;IAED,wDAAwD;IACxD,EAAE;IACF,kEAAkE;IAClE,yCAAyC;IACzC,QAAQ,CAAC,aAAa,GAAG,YAAY,CAAC;IACtC,IAAA,mBAAO,EAAC,IAAI,CAAC,CAAC;IACd,OAAO,EAAE,CAAC;AACZ,CAAC;AArDD,kEAqDC;AAED;;;;;;GAMG;AACH,SAAgB,iBAAiB,CAAC,KAAa,EAAE,GAAW;IAC1D,SAAS;IACT,IAAI,IAAI,GAAG,IAAA,mBAAO,GAAE,CAAC;IACrB,IAAM,UAAU,GAAG,IAAA,+BAAc,EAAC,KAAK,CAAC,CAAC;IACzC,IAAM,QAAQ,GAAG,IAAI,CAAC,KAAK,CAAC,IAAI,CAAC,UAAC,IAAI,IAAK,OAAA,IAAI,CAAC,UAAU,KAAK,GAAG,EAAvB,CAAuB,CAAC,CAAC;IAEpE,IAAI,UAAU,KAAK,SAAS,EAAE;QAC5B,MAAM,IAAA,qBAAS,EAAC,GAAG,EAAE,oBAAoB,CAAC,CAAC;KAC5C;IAED,IAAI,QAAQ,KAAK,SAAS,EAAE;QAC1B,MAAM,IAAA,qBAAS,EAAC,GAAG,EAAE,aAAa,CAAC,CAAC;KACrC;IAED,4CAA4C;IAC5C,IAAI,UAAU,CAAC,aAAa,KAAK,CAAC,EAAE;QAClC,MAAM,IAAA,qBAAS,EAAC,GAAG,EAAE,UAAU,CAAC,UAAU,GAAG,mBAAmB,CAAC,CAAC;KACnE;IAED,gDAAgD;IAChD,IAAM,cAAc,GAAG,IAAI,CAAC,KAAK,CAAC,MAAM,CAAC,UAAC,GAAG,EAAE,GAAG;QAChD,IAAI,GAAG,CAAC,aAAa,KAAK,CAAC,EAAE;YAC3B,OAAO,GAAG,GAAG,GAAG,CAAC,aAAa,CAAC;SAChC;aAAM;YACL,OAAO,GAAG,CAAC;SACZ;IACH,CAAC,EAAE,CAAC,CAAC,CAAC;IAEN,IAAI,cAAc,KAAK,CAAC,IAAI,QAAQ,CAAC,aAAa,KAAK,CAAC,EAAE;QACxD,MAAM,IAAA,qBAAS,EACb,GAAG,EACH,+DAA+D,CAChE,CAAC;KACH;IACD,IAAI,GAAG,WAAW,CAAC,GAAG,EAAE,IAAI,CAAC,CAAC;IAC9B,IAAI,GAAG,cAAc,CAAC,GAAG,EAAE,IAAI,CAAC,CAAC;IACjC,IAAI,GAAG,aAAa,CAAC,GAAG,EAAE,IAAI,CAAC,CAAC;IAEhC,IAAA,mBAAO,EAAC,IAAI,CAAC,CAAC;IACd,OAAO,EAAE,CAAC;AACZ,CAAC;AAxCD,8CAwCC;AAED,SAAS,cAAc,CAAC,GAAW,EAAE,IAAa;IAChD,IAAM,aAAa,GAAG,cAAc,CAAC;IAErC,IAAI,CAAC,QAAQ,CAAC,OAAO,CAAC,UAAC,OAAO;QAC5B,OAAO,CAAC,QAAQ,CAAC,OAAO,CAAC,UAAC,OAAO;YAC/B,IAAI,OAAO,CAAC,GAAG,KAAK,GAAG,EAAE;gBACvB,OAAO,CAAC,OAAO,GAAG,aAAa,CAAC;aACjC;QACH,CAAC,CAAC,CAAC;IACL,CAAC,CAAC,CAAC;IAEH,IAAI,CAAC,EAAE,CAAC,OAAO,CAAC,UAAC,EAAE;QACjB,EAAE,CAAC,QAAQ,CAAC,OAAO,CAAC,UAAC,OAAO;YAC1B,IAAI,OAAO,CAAC,GAAG,KAAK,GAAG,EAAE;gBACvB,OAAO,CAAC,OAAO,GAAG,aAAa,CAAC;aACjC;QACH,CAAC,CAAC,CAAC;IACL,CAAC,CAAC,CAAC;IACH,OAAO,IAAI,CAAC;AACd,CAAC;AAED,SAAS,WAAW,CAAC,GAAW,EAAE,IAAa;IAC7C,IAAM,UAAU,GAAG,IAAI,CAAC,KAAK,CAAC,IAAI,CAAC,UAAC,IAAI,IAAK,OAAA,IAAI,CAAC,UAAU,KAAK,GAAG,EAAvB,CAAuB,CAAC,CAAC;IACtE,UAAU,CAAC,SAAS,GAAG,SAAS,CAAC;IACjC,UAAU,CAAC,QAAQ,GAAG,MAAM,CAAC;IAC7B,UAAU,CAAC,KAAK,GAAG,EAAE,CAAC;IACtB,UAAU,CAAC,SAAS,GAAG,EAAE,CAAC;IAC1B,UAAU,CAAC,aAAa,GAAG,CAAC,CAAC;IAC7B,cAAc;IACd,UAAU,CAAC,KAAK,GAAG,CAAC,EAAE,KAAK,EAAE,EAAE,EAAE,CAAC,CAAC;IACnC,OAAO,IAAI,CAAC;AACd,CAAC;AAED,SAAS,aAAa,CAAC,GAAW,EAAE,IAAa;IAC/C,0CAA0C;IAC1C,aAAa;IACb,iFAAiF;IACjF,0BAA0B;IAC1B,IAAI,CAAC,QAAQ,CAAC,OAAO,CAAC,UAAC,OAAO;QAC5B,OAAO,CAAC,UAAU,GAAG,OAAO,CAAC,UAAU,CAAC,MAAM,CAC5C,UAAC,MAAM,IAAK,OAAA,MAAM,CAAC,GAAG,KAAK,GAAG,EAAlB,CAAkB,CAC/B,CAAC;QACF,OAAO,CAAC,YAAY,GAAG,OAAO,CAAC,YAAY,CAAC,MAAM,CAChD,UAAC,MAAM,IAAK,OAAA,MAAM,CAAC,GAAG,KAAK,GAAG,EAAlB,CAAkB,CAC/B,CAAC;IACJ,CAAC,CAAC,CAAC;IAEH,IAAI,CAAC,EAAE,CAAC,OAAO,CAAC,UAAC,EAAE;QACjB,EAAE,CAAC,UAAU,GAAG,EAAE,CAAC,UAAU,CAAC,MAAM,CAAC,UAAC,MAAM,IAAK,OAAA,MAAM,CAAC,GAAG,KAAK,GAAG,EAAlB,CAAkB,CAAC,CAAC;QACrE,EAAE,CAAC,YAAY,GAAG,EAAE,CAAC,YAAY,CAAC,MAAM,CAAC,UAAC,MAAM,IAAK,OAAA,MAAM,CAAC,GAAG,KAAK,GAAG,EAAlB,CAAkB,CAAC,CAAC;IAC3E,CAAC,CAAC,CAAC;IACH,OAAO,IAAI,CAAC;AACd,CAAC","sourcesContent":["import HTTPError from 'http-errors';\nimport { getData, setData } from './dataStore';\nimport { getUserByToken } from './functionHelper';\nimport { newData } from './interfaces';\n\n/**\n * User with permissionId == 1 can change the user with uId\n * @param {string} token\n * @param {number} uId - user Id\n * @param {number} permissionId - permissionId\n * @returns { error : string } error - different error strings for different situations\n * @returns {} - returns {} when successful\n */\n\n// the global owner value should be set as what permissionId set\nexport function adminuserPermissionChangeV1(\n  token: string,\n  uId: number,\n  permissionId: number\n) {\n  const data = getData();\n  const tokenFound = getUserByToken(token);\n  const uIdfound = data.users.find((user) => user.authUserId === uId);\n\n  if (tokenFound === undefined) {\n    throw HTTPError(403, 'Invalid user token');\n  }\n\n  if (uIdfound === undefined) {\n    throw HTTPError(400, 'Invalid uId');\n  }\n\n  // user with the token is not global owner\n  if (tokenFound.isGlobalOwner !== 1) {\n    throw HTTPError(403, tokenFound.authUserId + ' is not authorised');\n  }\n\n  // user with uId is the only global, and Uid ===\n  const globalOwnernum = data.users.reduce((acc, obj) => {\n    if (obj.isGlobalOwner === 1) {\n      return acc + obj.isGlobalOwner;\n    } else {\n      return acc;\n    }\n  }, 0);\n\n  if (\n    globalOwnernum === 1 &&\n    permissionId === 2 &&\n    uIdfound.isGlobalOwner === 1\n  ) {\n    throw HTTPError(400, 'You are the only global owner!');\n  }\n\n  if (permissionId !== 1 && permissionId !== 2) {\n    throw HTTPError(400, 'Invalid permissionId');\n  }\n  if (uIdfound.isGlobalOwner === permissionId) {\n    throw HTTPError(400, 'User already in permission level');\n  }\n\n  // set the globalowner property same as the permissionId\n  //\n  // const userfound = data.users.find((a) => a.authUserId === uId);\n  // uIdfound.isGlobalOwner = permissionId;\n  uIdfound.isGlobalOwner = permissionId;\n  setData(data);\n  return {};\n}\n\n/**\n * remove the user with uId from all channels and DMs, also will not be included in user array\n * @param {string} token\n * @param {number} uId - user Id\n * @returns { error : string } error - different error strings for different situations\n * @returns {} - returns {} when successful\n */\nexport function adminuserRemoveV1(token: string, uId: number) {\n  // errors\n  let data = getData();\n  const tokenFound = getUserByToken(token);\n  const uIdfound = data.users.find((user) => user.authUserId === uId);\n\n  if (tokenFound === undefined) {\n    throw HTTPError(403, 'Invalid user token');\n  }\n\n  if (uIdfound === undefined) {\n    throw HTTPError(400, 'Invalid uId');\n  }\n\n  // user with the token is not a global owner\n  if (tokenFound.isGlobalOwner !== 1) {\n    throw HTTPError(403, tokenFound.authUserId + 'is not authorised');\n  }\n\n  // user with uId is the only global, and Uid ===\n  const globalOwnernum = data.users.reduce((acc, obj) => {\n    if (obj.isGlobalOwner === 1) {\n      return acc + obj.isGlobalOwner;\n    } else {\n      return acc;\n    }\n  }, 0);\n\n  if (globalOwnernum === 1 && uIdfound.isGlobalOwner === 1) {\n    throw HTTPError(\n      400,\n      'The person you are trying to remove is the only Global Owner!'\n    );\n  }\n  data = editProfile(uId, data);\n  data = replaceMessage(uId, data);\n  data = hideChannelDm(uId, data);\n\n  setData(data);\n  return {};\n}\n\nfunction replaceMessage(uId: number, data: newData) {\n  const removedString = 'Removed user';\n\n  data.channels.forEach((channel) => {\n    channel.messages.forEach((message) => {\n      if (message.uId === uId) {\n        message.message = removedString;\n      }\n    });\n  });\n\n  data.dm.forEach((dm) => {\n    dm.messages.forEach((message) => {\n      if (message.uId === uId) {\n        message.message = removedString;\n      }\n    });\n  });\n  return data;\n}\n\nfunction editProfile(uId: number, data: newData) {\n  const removeUser = data.users.find((user) => user.authUserId === uId);\n  removeUser.nameFirst = 'Removed';\n  removeUser.nameLast = 'user';\n  removeUser.email = '';\n  removeUser.handleStr = '';\n  removeUser.isGlobalOwner = 2;\n  // clear token\n  removeUser.token = [{ token: '' }];\n  return data;\n}\n\nfunction hideChannelDm(uId: number, data: newData) {\n  // hide the element in all DM and channels\n  // map.filter\n  // isremoved boolean, put the boolean to true if this user is going to be removed\n  // const data = getData();\n  data.channels.forEach((channel) => {\n    channel.allMembers = channel.allMembers.filter(\n      (member) => member.uId !== uId\n    );\n    channel.ownerMembers = channel.ownerMembers.filter(\n      (member) => member.uId !== uId\n    );\n  });\n\n  data.dm.forEach((dm) => {\n    dm.allMembers = dm.allMembers.filter((member) => member.uId !== uId);\n    dm.ownerMembers = dm.ownerMembers.filter((member) => member.uId !== uId);\n  });\n  return data;\n}\n"]},"_coverageSchema":"1a1c01bbd47fc00a2c39e90264f33305004495a9","hash":"e33410cd9d4322aff34fd8542660f8d4679885e9","contentHash":"c93d82ab6fdf5f26df0f6645913a117a919577b4af285c3fcb61e3435814575e"}}