TN:
SF:src/admin.ts
FN:16,adminuserPermissionChangeV1
FN:23,(anonymous_2)
FN:39,(anonymous_3)
FN:78,adminuserRemoveV1
FN:82,(anonymous_5)
FN:98,(anonymous_6)
FN:120,replaceMessage
FN:123,(anonymous_8)
FN:124,(anonymous_9)
FN:131,(anonymous_10)
FN:132,(anonymous_11)
FN:141,editProfile
FN:142,(anonymous_13)
FN:153,hideChannelDm
FN:158,(anonymous_15)
FN:160,(anonymous_16)
FN:163,(anonymous_17)
FN:167,(anonymous_18)
FN:168,(anonymous_19)
FN:169,(anonymous_20)
FNF:20
FNH:20
FNDA:17,adminuserPermissionChangeV1
FNDA:37,(anonymous_2)
FNDA:30,(anonymous_3)
FNDA:8,adminuserRemoveV1
FNDA:16,(anonymous_5)
FNDA:6,(anonymous_6)
FNDA:1,replaceMessage
FNDA:1,(anonymous_8)
FNDA:3,(anonymous_9)
FNDA:1,(anonymous_10)
FNDA:3,(anonymous_11)
FNDA:1,editProfile
FNDA:1,(anonymous_13)
FNDA:1,hideChannelDm
FNDA:1,(anonymous_15)
FNDA:2,(anonymous_16)
FNDA:1,(anonymous_17)
FNDA:1,(anonymous_18)
FNDA:2,(anonymous_19)
FNDA:1,(anonymous_20)
DA:1,1
DA:2,1
DA:3,1
DA:16,1
DA:21,17
DA:22,17
DA:23,37
DA:25,17
DA:26,2
DA:29,15
DA:30,2
DA:34,13
DA:35,3
DA:39,10
DA:40,30
DA:41,13
DA:43,17
DA:47,10
DA:52,1
DA:55,9
DA:56,2
DA:58,7
DA:59,2
DA:66,5
DA:67,5
DA:68,5
DA:78,1
DA:80,8
DA:81,8
DA:82,16
DA:84,8
DA:85,2
DA:88,6
DA:89,2
DA:93,4
DA:94,2
DA:98,2
DA:99,6
DA:100,3
DA:102,3
DA:106,2
DA:107,1
DA:112,1
DA:113,1
DA:114,1
DA:116,1
DA:117,1
DA:121,1
DA:123,1
DA:124,1
DA:125,3
DA:126,2
DA:131,1
DA:132,1
DA:133,3
DA:134,2
DA:138,1
DA:142,1
DA:143,1
DA:144,1
DA:145,1
DA:146,1
DA:147,1
DA:149,1
DA:150,1
DA:158,1
DA:159,1
DA:160,2
DA:162,1
DA:163,1
DA:167,1
DA:168,2
DA:169,1
DA:171,1
LF:74
LH:74
BRDA:25,0,0,2
BRDA:25,0,1,15
BRDA:29,1,0,2
BRDA:29,1,1,13
BRDA:34,2,0,3
BRDA:34,2,1,10
BRDA:40,3,0,13
BRDA:40,3,1,17
BRDA:47,4,0,1
BRDA:47,4,1,9
BRDA:48,5,0,10
BRDA:48,5,1,8
BRDA:48,5,2,3
BRDA:55,6,0,2
BRDA:55,6,1,7
BRDA:55,7,0,9
BRDA:55,7,1,5
BRDA:58,8,0,2
BRDA:58,8,1,5
BRDA:84,9,0,2
BRDA:84,9,1,6
BRDA:88,10,0,2
BRDA:88,10,1,4
BRDA:93,11,0,2
BRDA:93,11,1,2
BRDA:99,12,0,3
BRDA:99,12,1,3
BRDA:106,13,0,1
BRDA:106,13,1,1
BRDA:106,14,0,2
BRDA:106,14,1,1
BRDA:125,15,0,2
BRDA:125,15,1,1
BRDA:133,16,0,2
BRDA:133,16,1,1
BRF:35
BRH:35
end_of_record
TN:
SF:src/auth.ts
FN:26,authLoginV1
FN:45,(anonymous_2)
FN:64,authRegisterV1
FN:76,(anonymous_4)
FN:115,(anonymous_5)
FN:197,authLogoutV1
FN:215,passwordResetRequestV1
FN:241,(anonymous_8)
FN:251,(anonymous_9)
FN:278,passwordResetV1
FN:282,(anonymous_11)
FNF:11
FNH:11
FNDA:7,authLoginV1
FNDA:5,(anonymous_2)
FNDA:715,authRegisterV1
FNDA:501,(anonymous_4)
FNDA:499,(anonymous_5)
FNDA:8,authLogoutV1
FNDA:6,passwordResetRequestV1
FNDA:5,(anonymous_8)
FNDA:1,(anonymous_9)
FNDA:4,passwordResetV1
FNDA:3,(anonymous_11)
DA:1,1
DA:2,1
DA:3,1
DA:4,1
DA:16,1
DA:17,1
DA:26,1
DA:30,7
DA:33,7
DA:34,7
DA:35,7
DA:36,5
DA:37,2
DA:38,1
DA:41,6
DA:42,1
DA:44,5
DA:45,5
DA:48,5
DA:50,5
DA:51,5
DA:52,5
DA:64,1
DA:70,715
DA:72,715
DA:73,3
DA:76,712
DA:77,712
DA:78,2
DA:81,710
DA:82,2
DA:85,708
DA:86,1
DA:87,707
DA:88,1
DA:91,706
DA:92,1
DA:93,705
DA:94,1
DA:97,704
DA:100,704
DA:103,704
DA:105,704
DA:107,704
DA:108,704
DA:109,704
DA:111,704
DA:112,4
DA:115,704
DA:116,704
DA:117,704
DA:118,5
DA:121,704
DA:123,704
DA:124,704
DA:125,334
DA:126,334
DA:149,704
DA:151,704
DA:152,704
DA:154,704
DA:188,704
DA:190,704
DA:197,1
DA:198,8
DA:199,8
DA:200,8
DA:201,8
DA:202,3
DA:205,5
DA:206,5
DA:207,5
DA:208,5
DA:215,1
DA:216,6
DA:217,6
DA:219,6
DA:220,1
DA:223,5
DA:225,5
DA:233,5
DA:241,5
DA:243,5
DA:246,5
DA:250,5
DA:251,1
DA:256,5
DA:257,4
DA:262,1
DA:266,5
DA:267,5
DA:269,5
DA:270,5
DA:278,1
DA:279,4
DA:281,4
DA:282,3
DA:285,4
DA:286,1
DA:289,3
DA:290,1
DA:293,2
DA:294,2
DA:296,2
DA:298,2
DA:299,2
DA:300,2
LF:107
LH:107
BRDA:35,0,0,5
BRDA:35,0,1,2
BRDA:35,1,0,7
BRDA:35,1,1,6
BRDA:37,2,0,1
BRDA:37,2,1,1
BRDA:37,3,0,2
BRDA:37,3,1,1
BRDA:41,4,0,1
BRDA:41,4,1,5
BRDA:72,5,0,3
BRDA:72,5,1,712
BRDA:77,6,0,2
BRDA:77,6,1,710
BRDA:81,7,0,2
BRDA:81,7,1,708
BRDA:85,8,0,1
BRDA:85,8,1,707
BRDA:87,9,0,1
BRDA:87,9,1,706
BRDA:91,10,0,1
BRDA:91,10,1,705
BRDA:93,11,0,1
BRDA:93,11,1,704
BRDA:111,12,0,4
BRDA:111,12,1,700
BRDA:124,13,0,334
BRDA:124,13,1,370
BRDA:151,14,0,704
BRDA:151,14,1,704
BRDA:152,15,0,704
BRDA:152,15,1,704
BRDA:201,16,0,3
BRDA:201,16,1,5
BRDA:219,17,0,1
BRDA:219,17,1,5
BRDA:243,18,0,5
BRDA:256,19,0,4
BRDA:256,19,1,1
BRDA:285,20,0,1
BRDA:285,20,1,3
BRDA:289,21,0,1
BRDA:289,21,1,2
BRF:43
BRH:43
end_of_record
TN:
SF:src/channel.ts
FN:33,channelMessagesV1
FN:105,channelJoinV1
FN:168,channelInviteV1
FN:245,channelDetailsV1
FN:284,channelLeaveV1
FN:307,(anonymous_6)
FN:310,(anonymous_7)
FN:313,(anonymous_8)
FN:334,channelAddOwnerV1
FN:373,(anonymous_10)
FN:393,channelRemoveOwnerV1
FN:401,(anonymous_12)
FNF:12
FNH:12
FNDA:25,channelMessagesV1
FNDA:76,channelJoinV1
FNDA:16,channelInviteV1
FNDA:22,channelDetailsV1
FNDA:15,channelLeaveV1
FNDA:11,(anonymous_6)
FNDA:8,(anonymous_7)
FNDA:10,(anonymous_8)
FNDA:19,channelAddOwnerV1
FNDA:12,(anonymous_10)
FNDA:18,channelRemoveOwnerV1
FNDA:39,(anonymous_12)
DA:1,1
DA:2,1
DA:17,1
DA:18,1
DA:33,1
DA:38,25
DA:40,25
DA:42,25
DA:44,25
DA:45,1
DA:48,24
DA:49,1
DA:51,23
DA:52,23
DA:54,23
DA:55,1
DA:58,22
DA:59,1
DA:62,314
DA:63,314
DA:64,3
DA:65,2
DA:67,1
DA:72,21
DA:74,21
DA:75,19
DA:81,2
DA:105,1
DA:109,76
DA:111,76
DA:114,76
DA:116,76
DA:118,76
DA:119,2
DA:122,74
DA:123,2
DA:126,72
DA:128,72
DA:129,2
DA:133,70
DA:134,3
DA:136,67
DA:138,67
DA:147,67
DA:150,67
DA:152,67
DA:168,1
DA:169,16
DA:172,16
DA:173,16
DA:174,3
DA:176,13
DA:177,2
DA:179,11
DA:180,2
DA:182,9
DA:185,9
DA:187,9
DA:188,2
DA:191,7
DA:195,2
DA:198,5
DA:199,5
DA:202,5
DA:212,5
DA:218,5
DA:219,5
DA:221,5
DA:224,5
DA:225,5
DA:245,1
DA:250,22
DA:251,22
DA:252,1
DA:253,21
DA:255,1
DA:258,20
DA:259,3
DA:261,17
DA:262,17
DA:284,1
DA:285,15
DA:286,15
DA:287,15
DA:288,2
DA:290,13
DA:291,2
DA:294,11
DA:295,2
DA:299,9
DA:300,9
DA:301,9
DA:302,9
DA:303,1
DA:306,8
DA:307,11
DA:309,8
DA:310,8
DA:312,8
DA:313,10
DA:315,8
DA:316,6
DA:319,8
DA:321,8
DA:324,8
DA:325,8
DA:334,1
DA:339,19
DA:340,19
DA:341,19
DA:344,19
DA:345,2
DA:348,17
DA:349,2
DA:352,15
DA:353,2
DA:356,13
DA:357,2
DA:360,11
DA:361,1
DA:364,10
DA:365,2
DA:368,8
DA:369,2
DA:373,12
DA:374,6
DA:382,6
DA:383,6
DA:393,1
DA:398,18
DA:399,18
DA:400,18
DA:401,39
DA:403,18
DA:404,2
DA:407,16
DA:408,2
DA:411,14
DA:412,2
DA:416,12
DA:417,2
DA:421,10
DA:422,3
DA:426,7
DA:427,1
DA:431,6
DA:432,1
DA:435,5
DA:436,3
DA:440,2
DA:442,2
DA:443,2
DA:444,2
LF:153
LH:153
BRDA:44,0,0,1
BRDA:44,0,1,24
BRDA:48,1,0,1
BRDA:48,1,1,23
BRDA:54,2,0,1
BRDA:54,2,1,22
BRDA:58,3,0,1
BRDA:58,3,1,21
BRDA:63,4,0,3
BRDA:63,4,1,311
BRDA:64,5,0,2
BRDA:64,5,1,1
BRDA:74,6,0,19
BRDA:74,6,1,2
BRDA:118,7,0,2
BRDA:118,7,1,74
BRDA:122,8,0,2
BRDA:122,8,1,72
BRDA:128,9,0,2
BRDA:128,9,1,70
BRDA:133,10,0,3
BRDA:133,10,1,67
BRDA:133,11,0,70
BRDA:133,11,1,7
BRDA:173,12,0,3
BRDA:173,12,1,13
BRDA:176,13,0,2
BRDA:176,13,1,11
BRDA:179,14,0,2
BRDA:179,14,1,9
BRDA:187,15,0,2
BRDA:187,15,1,7
BRDA:191,16,0,2
BRDA:191,16,1,5
BRDA:192,17,0,7
BRDA:192,17,1,7
BRDA:251,18,0,1
BRDA:251,18,1,21
BRDA:253,19,0,1
BRDA:253,19,1,20
BRDA:258,20,0,3
BRDA:258,20,1,17
BRDA:287,21,0,2
BRDA:287,21,1,13
BRDA:290,22,0,2
BRDA:290,22,1,11
BRDA:294,23,0,2
BRDA:294,23,1,9
BRDA:302,24,0,1
BRDA:302,24,1,8
BRDA:302,25,0,9
BRDA:302,25,1,1
BRDA:315,26,0,6
BRDA:315,26,1,2
BRDA:344,27,0,2
BRDA:344,27,1,17
BRDA:348,28,0,2
BRDA:348,28,1,15
BRDA:352,29,0,2
BRDA:352,29,1,13
BRDA:356,30,0,2
BRDA:356,30,1,11
BRDA:360,31,0,1
BRDA:360,31,1,10
BRDA:364,32,0,2
BRDA:364,32,1,8
BRDA:368,33,0,2
BRDA:368,33,1,6
BRDA:368,34,0,8
BRDA:368,34,1,3
BRDA:403,35,0,2
BRDA:403,35,1,16
BRDA:407,36,0,2
BRDA:407,36,1,14
BRDA:411,37,0,2
BRDA:411,37,1,12
BRDA:416,38,0,2
BRDA:416,38,1,10
BRDA:421,39,0,3
BRDA:421,39,1,7
BRDA:426,40,0,1
BRDA:426,40,1,6
BRDA:431,41,0,1
BRDA:431,41,1,5
BRDA:431,42,0,6
BRDA:431,42,1,3
BRDA:435,43,0,3
BRDA:435,43,1,2
BRF:88
BRH:88
end_of_record
TN:
SF:src/channels.ts
FN:27,channelsCreateV1
FN:108,channelsListV1
FN:121,(anonymous_3)
FN:123,(anonymous_4)
FN:141,channelsListAllV1
FN:151,(anonymous_6)
FNF:6
FNH:6
FNDA:391,channelsCreateV1
FNDA:4,channelsListV1
FNDA:6,(anonymous_3)
FNDA:6,(anonymous_4)
FNDA:4,channelsListAllV1
FNDA:3,(anonymous_6)
DA:1,1
DA:2,1
DA:12,1
DA:27,1
DA:33,391
DA:35,391
DA:36,2
DA:38,389
DA:40,389
DA:41,1
DA:43,388
DA:46,388
DA:81,388
DA:86,388
DA:89,388
DA:90,388
DA:108,1
DA:111,4
DA:112,4
DA:113,4
DA:114,1
DA:118,3
DA:119,3
DA:121,3
DA:122,6
DA:123,6
DA:125,6
DA:126,3
DA:132,3
DA:141,1
DA:144,4
DA:146,4
DA:147,4
DA:148,1
DA:150,3
DA:151,3
LF:36
LH:36
BRDA:35,0,0,2
BRDA:35,0,1,389
BRDA:35,1,0,391
BRDA:35,1,1,390
BRDA:40,2,0,1
BRDA:40,2,1,388
BRDA:113,3,0,1
BRDA:113,3,1,3
BRDA:125,4,0,3
BRDA:125,4,1,3
BRDA:147,5,0,1
BRDA:147,5,1,3
BRF:12
BRH:12
end_of_record
TN:
SF:src/dataStore.ts
FN:49,getData
FN:59,setData
FNF:2
FNH:2
FNDA:12568,getData
FNDA:5649,setData
DA:1,1
DA:11,1
DA:49,1
DA:50,12568
DA:51,12568
DA:52,12568
DA:59,1
DA:60,5649
DA:61,5649
LF:9
LH:9
BRF:0
BRH:0
end_of_record
TN:
SF:src/dm.ts
FN:29,dmCreateV1
FN:149,dmMessagesV1
FN:162,(anonymous_3)
FN:216,dmDetailsV1
FN:248,dmListV1
FN:259,(anonymous_6)
FN:260,(anonymous_7)
FN:262,(anonymous_8)
FN:277,dmRemoveV1
FN:287,(anonymous_10)
FN:296,(anonymous_11)
FN:323,dmLeaveV1
FN:337,(anonymous_13)
FN:340,(anonymous_14)
FN:344,(anonymous_15)
FNF:15
FNH:15
FNDA:193,dmCreateV1
FNDA:29,dmMessagesV1
FNDA:28,(anonymous_3)
FNDA:8,dmDetailsV1
FNDA:6,dmListV1
FNDA:4,(anonymous_6)
FNDA:7,(anonymous_7)
FNDA:4,(anonymous_8)
FNDA:6,dmRemoveV1
FNDA:4,(anonymous_10)
FNDA:3,(anonymous_11)
FNDA:7,dmLeaveV1
FNDA:8,(anonymous_13)
FNDA:4,(anonymous_14)
FNDA:5,(anonymous_15)
DA:1,1
DA:2,1
DA:19,1
DA:29,1
DA:33,193
DA:34,193
DA:36,193
DA:37,1
DA:41,192
DA:42,1
DA:46,191
DA:47,191
DA:48,2
DA:51,189
DA:52,378
DA:53,208
DA:54,208
DA:55,2
DA:57,206
DA:62,187
DA:63,393
DA:64,393
DA:66,187
DA:67,187
DA:70,187
DA:71,393
DA:72,393
DA:83,187
DA:84,187
DA:105,374
DA:106,206
DA:107,206
DA:115,187
DA:119,187
DA:121,393
DA:122,393
DA:125,187
DA:149,1
DA:150,29
DA:151,29
DA:153,29
DA:154,1
DA:156,28
DA:157,1
DA:159,27
DA:160,1
DA:162,28
DA:163,26
DA:164,26
DA:165,1
DA:171,25
DA:173,315
DA:174,315
DA:175,3
DA:176,2
DA:178,1
DA:183,25
DA:185,25
DA:186,23
DA:192,2
DA:216,1
DA:217,8
DA:219,8
DA:220,1
DA:222,7
DA:223,1
DA:225,6
DA:226,1
DA:229,5
DA:230,5
DA:248,1
DA:249,6
DA:250,6
DA:252,6
DA:253,1
DA:256,5
DA:257,5
DA:260,7
DA:262,4
DA:264,5
DA:277,1
DA:278,6
DA:279,6
DA:281,6
DA:282,1
DA:284,5
DA:285,1
DA:287,4
DA:288,1
DA:291,7
DA:292,7
DA:295,3
DA:296,3
DA:297,3
DA:298,3
DA:303,3
DA:305,3
DA:323,1
DA:324,7
DA:325,7
DA:327,7
DA:328,1
DA:330,6
DA:331,1
DA:333,5
DA:334,1
DA:337,8
DA:339,4
DA:340,4
DA:343,4
DA:344,5
DA:347,4
DA:348,3
DA:351,4
DA:352,4
DA:355,4
DA:356,4
LF:117
LH:117
BRDA:36,0,0,1
BRDA:36,0,1,192
BRDA:41,1,0,1
BRDA:41,1,1,191
BRDA:47,2,0,2
BRDA:47,2,1,189
BRDA:54,3,0,2
BRDA:54,3,1,206
BRDA:153,4,0,1
BRDA:153,4,1,28
BRDA:156,5,0,1
BRDA:156,5,1,27
BRDA:159,6,0,1
BRDA:159,6,1,26
BRDA:164,7,0,1
BRDA:164,7,1,25
BRDA:174,8,0,3
BRDA:174,8,1,312
BRDA:175,9,0,2
BRDA:175,9,1,1
BRDA:185,10,0,23
BRDA:185,10,1,2
BRDA:219,11,0,1
BRDA:219,11,1,7
BRDA:222,12,0,1
BRDA:222,12,1,6
BRDA:225,13,0,1
BRDA:225,13,1,5
BRDA:252,14,0,1
BRDA:252,14,1,5
BRDA:281,15,0,1
BRDA:281,15,1,5
BRDA:284,16,0,1
BRDA:284,16,1,4
BRDA:287,17,0,1
BRDA:287,17,1,3
BRDA:327,18,0,1
BRDA:327,18,1,6
BRDA:330,19,0,1
BRDA:330,19,1,5
BRDA:333,20,0,1
BRDA:333,20,1,4
BRDA:347,21,0,3
BRDA:347,21,1,1
BRF:44
BRH:44
end_of_record
TN:
SF:src/echo.ts
FN:3,echo
FNF:1
FNH:1
FNDA:2,echo
DA:1,1
DA:4,2
DA:6,1
DA:10,1
DA:13,1
LF:5
LH:5
BRDA:4,0,0,1
BRDA:4,0,1,1
BRF:2
BRH:2
end_of_record
TN:
SF:src/functionHelper.ts
FN:18,isChannel
FN:20,(anonymous_2)
FN:31,findChannel
FN:33,(anonymous_4)
FN:46,isUser
FN:48,(anonymous_6)
FN:59,findUser
FN:61,(anonymous_8)
FN:70,getAllMemberIds
FN:74,(anonymous_10)
FN:86,getChannelIndex
FN:88,(anonymous_12)
FN:96,getDmIndex
FN:98,(anonymous_14)
FN:107,isChannelMember
FN:117,makeToken
FN:128,getUserByToken
FN:130,(anonymous_18)
FN:131,(anonymous_19)
FN:136,getUserIndexByToken
FN:138,(anonymous_21)
FN:139,(anonymous_22)
FN:149,findChannelByMessageId
FN:153,(anonymous_24)
FN:154,(anonymous_25)
FN:159,findDMbyMessageId
FN:161,(anonymous_27)
FN:162,(anonymous_28)
FN:167,isChannelOwner
FN:169,(anonymous_30)
FN:173,getAllOwnerIds
FN:174,(anonymous_32)
FN:177,findTokenIndex
FN:178,(anonymous_34)
FN:181,findOwnerIndex
FN:183,(anonymous_36)
FN:186,findMessageIndexInChannel
FN:190,(anonymous_38)
FN:193,findMessageIndexInDM
FN:194,(anonymous_40)
FN:197,findDMbyId
FN:199,(anonymous_42)
FN:202,findUserIndex
FN:204,(anonymous_44)
FN:207,HashingString
FN:216,findUserbyEmail
FN:218,(anonymous_47)
FN:221,downloadImage
FN:250,updateAllData
FN:257,(anonymous_50)
FN:258,(anonymous_51)
FN:263,(anonymous_52)
FN:270,(anonymous_53)
FN:271,(anonymous_54)
FN:276,(anonymous_55)
FN:296,isDm
FN:298,(anonymous_57)
FN:312,isDmMember
FN:326,findDm
FN:328,(anonymous_60)
FN:331,getCurrentTime
FN:340,updateChannelInfo
FN:374,updateDmInfo
FN:407,incrementMessageStat
FN:443,updateInvolvement
FN:483,updateUtilization
FN:489,(anonymous_67)
FN:511,sendNotifDm
FN:525,(anonymous_69)
FN:527,(anonymous_70)
FN:554,sendNotifChannel
FN:568,(anonymous_72)
FN:570,(anonymous_73)
FNF:73
FNH:73
FNDA:94,isChannel
FNDA:160,(anonymous_2)
FNDA:590,findChannel
FNDA:782,(anonymous_4)
FNDA:24,isUser
FNDA:43,(anonymous_6)
FNDA:256,findUser
FNDA:477,(anonymous_8)
FNDA:826,getAllMemberIds
FNDA:1304,(anonymous_10)
FNDA:452,getChannelIndex
FNDA:534,(anonymous_12)
FNDA:194,getDmIndex
FNDA:211,(anonymous_14)
FNDA:77,isChannelMember
FNDA:709,makeToken
FNDA:1580,getUserByToken
FNDA:2221,(anonymous_18)
FNDA:2217,(anonymous_19)
FNDA:8,getUserIndexByToken
FNDA:8,(anonymous_21)
FNDA:6,(anonymous_22)
FNDA:114,findChannelByMessageId
FNDA:110,(anonymous_24)
FNDA:98,(anonymous_25)
FNDA:114,findDMbyMessageId
FNDA:83,(anonymous_27)
FNDA:58,(anonymous_28)
FNDA:31,isChannelOwner
FNDA:37,(anonymous_30)
FNDA:55,getAllOwnerIds
FNDA:55,(anonymous_32)
FNDA:5,findTokenIndex
FNDA:5,(anonymous_34)
FNDA:2,findOwnerIndex
FNDA:3,(anonymous_36)
FNDA:55,findMessageIndexInChannel
FNDA:56,(anonymous_38)
FNDA:39,findMessageIndexInDM
FNDA:39,(anonymous_40)
FNDA:155,findDMbyId
FNDA:164,(anonymous_42)
FNDA:2891,findUserIndex
FNDA:4244,(anonymous_44)
FNDA:1427,HashingString
FNDA:6,findUserbyEmail
FNDA:6,(anonymous_47)
FNDA:711,downloadImage
FNDA:6,updateAllData
FNDA:1,(anonymous_50)
FNDA:2,(anonymous_51)
FNDA:2,(anonymous_52)
FNDA:2,(anonymous_53)
FNDA:2,(anonymous_54)
FNDA:4,(anonymous_55)
FNDA:41,isDm
FNDA:59,(anonymous_57)
FNDA:38,isDmMember
FNDA:74,findDm
FNDA:93,(anonymous_60)
FNDA:2588,getCurrentTime
FNDA:468,updateChannelInfo
FNDA:404,updateDmInfo
FNDA:434,incrementMessageStat
FNDA:1321,updateInvolvement
FNDA:13,updateUtilization
FNDA:18,(anonymous_67)
FNDA:148,sendNotifDm
FNDA:8,(anonymous_69)
FNDA:13,(anonymous_70)
FNDA:291,sendNotifChannel
FNDA:16,(anonymous_72)
FNDA:25,(anonymous_73)
DA:1,1
DA:2,1
DA:4,1
DA:5,1
DA:18,1
DA:19,94
DA:20,160
DA:31,1
DA:32,590
DA:33,782
DA:46,1
DA:47,24
DA:48,43
DA:59,1
DA:60,256
DA:61,477
DA:70,1
DA:73,826
DA:74,1304
DA:76,10
DA:86,1
DA:87,452
DA:88,534
DA:96,1
DA:97,194
DA:98,211
DA:107,1
DA:108,77
DA:109,77
DA:110,77
DA:117,1
DA:118,709
DA:119,709
DA:120,709
DA:128,1
DA:129,1580
DA:130,1580
DA:131,2221
DA:133,1580
DA:136,1
DA:137,8
DA:138,8
DA:139,8
DA:141,8
DA:149,1
DA:152,114
DA:153,114
DA:154,110
DA:156,114
DA:159,1
DA:160,114
DA:161,114
DA:162,83
DA:164,114
DA:167,1
DA:168,31
DA:169,37
DA:170,31
DA:173,1
DA:174,55
DA:177,1
DA:178,5
DA:181,1
DA:182,2
DA:183,3
DA:186,1
DA:190,56
DA:193,1
DA:194,39
DA:197,1
DA:198,155
DA:199,164
DA:202,1
DA:203,2891
DA:204,4244
DA:207,1
DA:208,1427
DA:209,1427
DA:213,1427
DA:216,1
DA:217,6
DA:218,6
DA:221,1
DA:222,711
DA:223,711
DA:224,711
DA:225,704
DA:227,704
DA:230,711
DA:231,711
DA:233,711
DA:235,711
DA:237,711
DA:238,704
DA:241,7
DA:242,7
DA:244,7
DA:250,1
DA:255,6
DA:257,6
DA:258,1
DA:259,2
DA:260,1
DA:263,1
DA:264,2
DA:265,1
DA:270,6
DA:271,2
DA:272,2
DA:273,1
DA:276,2
DA:277,4
DA:278,2
DA:283,6
DA:296,1
DA:297,41
DA:298,59
DA:312,1
DA:313,38
DA:314,38
DA:315,38
DA:326,1
DA:327,74
DA:328,93
DA:331,1
DA:332,2588
DA:340,1
DA:342,468
DA:343,468
DA:344,468
DA:345,468
DA:348,468
DA:349,468
DA:350,468
DA:356,468
DA:357,460
DA:364,468
DA:369,468
DA:371,468
DA:374,1
DA:376,404
DA:377,404
DA:378,404
DA:379,404
DA:382,404
DA:383,404
DA:384,404
DA:389,404
DA:390,393
DA:397,404
DA:402,404
DA:404,404
DA:407,1
DA:409,434
DA:410,434
DA:411,434
DA:412,434
DA:414,434
DA:415,434
DA:417,434
DA:419,434
DA:424,434
DA:425,434
DA:426,434
DA:431,434
DA:433,434
DA:438,434
DA:440,434
DA:443,1
DA:445,1321
DA:446,1321
DA:447,1321
DA:448,1321
DA:450,1321
DA:454,1321
DA:458,1321
DA:462,1321
DA:466,1321
DA:470,1321
DA:474,1321
DA:475,1321
DA:477,1321
DA:480,1321
DA:483,1
DA:484,13
DA:487,13
DA:489,13
DA:490,18
DA:494,18
DA:498,18
DA:499,10
DA:503,13
DA:505,13
DA:508,13
DA:511,1
DA:517,148
DA:521,148
DA:523,148
DA:524,3
DA:525,3
DA:526,8
DA:527,13
DA:529,8
DA:530,2
DA:532,6
DA:533,6
DA:534,0
DA:536,6
DA:537,0
DA:539,6
DA:546,6
DA:547,6
DA:551,148
DA:554,1
DA:560,291
DA:564,291
DA:566,291
DA:567,7
DA:568,7
DA:569,16
DA:570,25
DA:572,16
DA:573,2
DA:575,14
DA:576,14
DA:577,1
DA:579,13
DA:580,1
DA:582,12
DA:589,12
DA:590,12
DA:594,291
LF:232
LH:230
BRDA:73,0,0,816
BRDA:73,0,1,10
BRDA:224,1,0,704
BRDA:224,1,1,7
BRDA:224,2,0,711
BRDA:224,2,1,704
BRDA:237,3,0,704
BRDA:237,3,1,7
BRDA:237,4,0,711
BRDA:237,4,1,711
BRDA:259,5,0,1
BRDA:259,5,1,1
BRDA:264,6,0,1
BRDA:264,6,1,1
BRDA:272,7,0,1
BRDA:272,7,1,1
BRDA:277,8,0,2
BRDA:277,8,1,2
BRDA:349,9,0,468
BRDA:349,9,1,0
BRDA:356,10,0,460
BRDA:383,11,0,404
BRDA:383,11,1,0
BRDA:389,12,0,393
BRDA:414,13,0,0
BRDA:414,13,1,434
BRDA:425,14,0,434
BRDA:425,14,1,0
BRDA:450,15,0,1321
BRDA:450,15,1,0
BRDA:454,16,0,1321
BRDA:454,16,1,0
BRDA:458,17,0,1321
BRDA:458,17,1,0
BRDA:462,18,0,1321
BRDA:462,18,1,0
BRDA:466,19,0,1321
BRDA:466,19,1,0
BRDA:470,20,0,1321
BRDA:470,20,1,0
BRDA:478,21,0,2
BRDA:478,21,1,1319
BRDA:490,22,0,18
BRDA:490,22,1,0
BRDA:494,23,0,18
BRDA:494,23,1,0
BRDA:498,24,0,10
BRDA:498,24,1,8
BRDA:498,25,0,18
BRDA:498,25,1,13
BRDA:506,26,0,0
BRDA:506,26,1,13
BRDA:523,27,0,3
BRDA:523,27,1,145
BRDA:529,28,0,2
BRDA:529,28,1,6
BRDA:533,29,0,0
BRDA:533,29,1,6
BRDA:536,30,0,0
BRDA:536,30,1,6
BRDA:566,31,0,7
BRDA:566,31,1,284
BRDA:572,32,0,2
BRDA:572,32,1,14
BRDA:576,33,0,1
BRDA:576,33,1,13
BRDA:579,34,0,1
BRDA:579,34,1,12
BRF:68
BRH:53
end_of_record
TN:
SF:src/message.ts
FN:34,messageSendV1
FN:85,messageRemoveV1
FN:162,messageEditV1
FN:262,messageSendDmV1
FN:313,messagePinV1
FN:383,messageUnpinV1
FN:451,searchV1
FN:498,notificationsGetV1
FN:520,messageSendLaterV1
FN:557,(anonymous_10)
FN:583,messageSendLaterDmV1
FN:619,(anonymous_12)
FN:645,messageShareV1
FN:745,messageReactV1
FN:808,(anonymous_15)
FN:851,(anonymous_16)
FN:886,messageUnreactV1
FN:944,(anonymous_18)
FN:973,(anonymous_19)
FNF:19
FNH:19
FNDA:285,messageSendV1
FNDA:16,messageRemoveV1
FNDA:19,messageEditV1
FNDA:145,messageSendDmV1
FNDA:20,messagePinV1
FNDA:11,messageUnpinV1
FNDA:5,searchV1
FNDA:19,notificationsGetV1
FNDA:10,messageSendLaterV1
FNDA:4,(anonymous_10)
FNDA:10,messageSendLaterDmV1
FNDA:4,(anonymous_12)
FNDA:13,messageShareV1
FNDA:22,messageReactV1
FNDA:1,(anonymous_15)
FNDA:2,(anonymous_16)
FNDA:13,messageUnreactV1
FNDA:1,(anonymous_18)
FNDA:3,(anonymous_19)
DA:1,1
DA:2,1
DA:19,1
DA:34,1
DA:39,285
DA:40,285
DA:41,285
DA:42,285
DA:45,285
DA:46,1
DA:48,284
DA:49,1
DA:51,283
DA:52,1
DA:54,282
DA:55,1
DA:57,281
DA:58,1
DA:61,280
DA:62,280
DA:63,280
DA:71,280
DA:73,280
DA:75,280
DA:76,280
DA:77,280
DA:85,1
DA:89,16
DA:90,16
DA:91,16
DA:92,16
DA:93,16
DA:96,16
DA:97,1
DA:100,15
DA:101,2
DA:102,13
DA:103,6
DA:104,6
DA:106,7
DA:107,7
DA:110,13
DA:111,13
DA:113,13
DA:114,2
DA:117,11
DA:118,5
DA:119,5
DA:121,5
DA:126,1
DA:132,4
DA:133,4
DA:134,4
DA:136,6
DA:137,6
DA:139,6
DA:143,2
DA:146,4
DA:147,4
DA:148,4
DA:162,1
DA:167,19
DA:168,19
DA:169,19
DA:170,19
DA:171,19
DA:174,19
DA:175,1
DA:178,18
DA:179,3
DA:180,15
DA:181,9
DA:182,9
DA:184,6
DA:185,6
DA:188,15
DA:189,15
DA:191,15
DA:192,1
DA:195,14
DA:196,8
DA:197,8
DA:199,8
DA:204,1
DA:211,7
DA:212,2
DA:213,2
DA:214,2
DA:216,5
DA:217,1
DA:220,4
DA:222,4
DA:224,4
DA:225,4
DA:227,6
DA:228,6
DA:230,6
DA:234,1
DA:238,5
DA:239,1
DA:240,1
DA:241,1
DA:243,4
DA:244,1
DA:247,3
DA:248,3
DA:250,3
DA:251,3
DA:262,1
DA:267,145
DA:268,145
DA:269,145
DA:270,145
DA:272,145
DA:273,1
DA:275,144
DA:276,1
DA:278,143
DA:279,1
DA:281,142
DA:282,1
DA:284,141
DA:285,1
DA:288,140
DA:289,140
DA:290,140
DA:298,140
DA:300,140
DA:302,140
DA:303,140
DA:304,140
DA:313,1
DA:317,20
DA:318,20
DA:319,20
DA:320,20
DA:321,20
DA:324,20
DA:325,1
DA:328,19
DA:329,1
DA:330,18
DA:331,12
DA:332,12
DA:334,6
DA:335,6
DA:338,18
DA:339,18
DA:341,18
DA:342,1
DA:345,17
DA:346,11
DA:347,11
DA:348,11
DA:349,2
DA:352,9
DA:356,1
DA:359,8
DA:361,6
DA:362,6
DA:363,6
DA:364,1
DA:367,5
DA:368,1
DA:370,4
DA:373,12
DA:374,12
DA:383,1
DA:387,11
DA:388,11
DA:389,11
DA:390,11
DA:391,11
DA:394,11
DA:395,1
DA:398,10
DA:399,1
DA:400,9
DA:401,6
DA:402,6
DA:404,3
DA:405,3
DA:408,9
DA:409,9
DA:411,9
DA:412,1
DA:415,8
DA:416,5
DA:417,5
DA:418,5
DA:419,1
DA:422,4
DA:426,1
DA:429,3
DA:431,3
DA:432,3
DA:433,3
DA:434,1
DA:437,2
DA:438,1
DA:440,1
DA:442,4
DA:443,4
DA:451,1
DA:452,5
DA:453,5
DA:454,1
DA:457,4
DA:458,1
DA:459,3
DA:460,1
DA:463,2
DA:465,2
DA:466,2
DA:467,2
DA:469,4
DA:470,4
DA:471,4
DA:473,2
DA:478,4
DA:479,4
DA:480,4
DA:482,2
DA:487,2
DA:488,2
DA:489,2
DA:495,2
DA:498,1
DA:499,19
DA:500,19
DA:501,1
DA:504,18
DA:505,18
DA:506,18
DA:507,18
DA:508,18
DA:509,18
DA:520,1
DA:526,10
DA:527,10
DA:528,10
DA:529,10
DA:532,10
DA:533,1
DA:535,9
DA:536,1
DA:538,8
DA:539,1
DA:541,7
DA:542,1
DA:544,6
DA:545,1
DA:548,5
DA:549,5
DA:550,1
DA:553,4
DA:554,4
DA:556,4
DA:557,4
DA:558,4
DA:566,4
DA:567,4
DA:568,4
DA:569,4
DA:572,4
DA:583,1
DA:589,10
DA:590,10
DA:591,10
DA:592,10
DA:594,10
DA:595,1
DA:597,9
DA:598,1
DA:600,8
DA:601,1
DA:603,7
DA:604,1
DA:606,6
DA:607,1
DA:610,5
DA:611,5
DA:612,1
DA:615,4
DA:616,4
DA:618,4
DA:619,4
DA:620,4
DA:628,4
DA:629,4
DA:630,4
DA:631,4
DA:633,4
DA:645,1
DA:652,13
DA:653,13
DA:654,13
DA:655,13
DA:656,13
DA:657,13
DA:658,13
DA:661,13
DA:662,1
DA:665,12
DA:666,1
DA:670,11
DA:671,1
DA:672,10
DA:673,9
DA:674,9
DA:676,1
DA:677,1
DA:680,10
DA:681,1
DA:683,9
DA:684,1
DA:687,8
DA:688,8
DA:689,2
DA:692,6
DA:694,6
DA:695,4
DA:696,4
DA:697,1
DA:699,3
DA:707,3
DA:708,3
DA:709,3
DA:710,3
DA:711,3
DA:712,3
DA:713,3
DA:717,2
DA:718,2
DA:719,1
DA:721,1
DA:729,1
DA:730,1
DA:731,1
DA:732,1
DA:733,1
DA:734,1
DA:735,1
DA:745,1
DA:751,22
DA:752,22
DA:754,22
DA:755,22
DA:757,22
DA:758,1
DA:761,21
DA:762,1
DA:765,20
DA:766,1
DA:769,19
DA:773,19
DA:774,9
DA:775,9
DA:776,9
DA:778,10
DA:779,10
DA:780,10
DA:783,19
DA:784,19
DA:785,2
DA:788,17
DA:790,7
DA:796,1
DA:799,6
DA:800,5
DA:804,5
DA:807,1
DA:809,1
DA:810,1
DA:817,6
DA:820,2
DA:826,2
DA:830,2
DA:834,10
DA:840,1
DA:842,9
DA:843,7
DA:847,7
DA:850,2
DA:852,2
DA:853,2
DA:860,9
DA:861,6
DA:867,6
DA:871,6
DA:875,15
DA:876,15
DA:886,1
DA:892,13
DA:893,13
DA:895,13
DA:896,13
DA:898,13
DA:899,1
DA:902,12
DA:903,1
DA:906,11
DA:907,1
DA:910,10
DA:914,10
DA:915,4
DA:916,4
DA:917,4
DA:919,6
DA:920,6
DA:921,6
DA:924,10
DA:925,10
DA:926,2
DA:929,8
DA:931,3
DA:932,1
DA:934,2
DA:939,1
DA:943,1
DA:945,1
DA:946,1
DA:952,1
DA:955,1
DA:958,5
DA:959,1
DA:963,4
DA:968,1
DA:972,3
DA:974,3
DA:975,3
DA:981,3
DA:982,2
DA:986,4
DA:987,4
LF:435
LH:435
BRDA:45,0,0,1
BRDA:45,0,1,284
BRDA:48,1,0,1
BRDA:48,1,1,283
BRDA:51,2,0,1
BRDA:51,2,1,282
BRDA:54,3,0,1
BRDA:54,3,1,281
BRDA:57,4,0,1
BRDA:57,4,1,280
BRDA:96,5,0,1
BRDA:96,5,1,15
BRDA:100,6,0,2
BRDA:100,6,1,13
BRDA:100,7,0,15
BRDA:100,7,1,9
BRDA:102,8,0,6
BRDA:102,8,1,7
BRDA:113,9,0,2
BRDA:113,9,1,11
BRDA:117,10,0,5
BRDA:117,10,1,6
BRDA:121,11,0,1
BRDA:121,11,1,4
BRDA:122,12,0,5
BRDA:122,12,1,3
BRDA:122,12,2,2
BRDA:139,13,0,2
BRDA:139,13,1,4
BRDA:140,14,0,6
BRDA:140,14,1,4
BRDA:174,15,0,1
BRDA:174,15,1,18
BRDA:178,16,0,3
BRDA:178,16,1,15
BRDA:178,17,0,18
BRDA:178,17,1,9
BRDA:180,18,0,9
BRDA:180,18,1,6
BRDA:191,19,0,1
BRDA:191,19,1,14
BRDA:195,20,0,8
BRDA:195,20,1,6
BRDA:199,21,0,1
BRDA:199,21,1,7
BRDA:200,22,0,8
BRDA:200,22,1,3
BRDA:200,22,2,2
BRDA:211,23,0,2
BRDA:211,23,1,5
BRDA:216,24,0,1
BRDA:216,24,1,4
BRDA:230,25,0,1
BRDA:230,25,1,5
BRDA:231,26,0,6
BRDA:231,26,1,1
BRDA:238,27,0,1
BRDA:238,27,1,4
BRDA:243,28,0,1
BRDA:243,28,1,3
BRDA:272,29,0,1
BRDA:272,29,1,144
BRDA:275,30,0,1
BRDA:275,30,1,143
BRDA:278,31,0,1
BRDA:278,31,1,142
BRDA:281,32,0,1
BRDA:281,32,1,141
BRDA:284,33,0,1
BRDA:284,33,1,140
BRDA:324,34,0,1
BRDA:324,34,1,19
BRDA:328,35,0,1
BRDA:328,35,1,18
BRDA:328,36,0,19
BRDA:328,36,1,7
BRDA:330,37,0,12
BRDA:330,37,1,6
BRDA:341,38,0,1
BRDA:341,38,1,17
BRDA:345,39,0,11
BRDA:345,39,1,6
BRDA:348,40,0,2
BRDA:348,40,1,9
BRDA:352,41,0,1
BRDA:352,41,1,8
BRDA:353,42,0,9
BRDA:353,42,1,3
BRDA:363,43,0,1
BRDA:363,43,1,5
BRDA:367,44,0,1
BRDA:367,44,1,4
BRDA:394,45,0,1
BRDA:394,45,1,10
BRDA:398,46,0,1
BRDA:398,46,1,9
BRDA:398,47,0,10
BRDA:398,47,1,4
BRDA:400,48,0,6
BRDA:400,48,1,3
BRDA:411,49,0,1
BRDA:411,49,1,8
BRDA:415,50,0,5
BRDA:415,50,1,3
BRDA:418,51,0,1
BRDA:418,51,1,4
BRDA:422,52,0,1
BRDA:422,52,1,3
BRDA:423,53,0,4
BRDA:423,53,1,2
BRDA:433,54,0,1
BRDA:433,54,1,2
BRDA:437,55,0,1
BRDA:437,55,1,1
BRDA:453,56,0,1
BRDA:453,56,1,4
BRDA:457,57,0,1
BRDA:457,57,1,3
BRDA:459,58,0,1
BRDA:459,58,1,2
BRDA:471,59,0,2
BRDA:471,59,1,2
BRDA:480,60,0,2
BRDA:480,60,1,2
BRDA:500,61,0,1
BRDA:500,61,1,18
BRDA:532,62,0,1
BRDA:532,62,1,9
BRDA:535,63,0,1
BRDA:535,63,1,8
BRDA:538,64,0,1
BRDA:538,64,1,7
BRDA:541,65,0,1
BRDA:541,65,1,6
BRDA:544,66,0,1
BRDA:544,66,1,5
BRDA:549,67,0,1
BRDA:549,67,1,4
BRDA:594,68,0,1
BRDA:594,68,1,9
BRDA:597,69,0,1
BRDA:597,69,1,8
BRDA:600,70,0,1
BRDA:600,70,1,7
BRDA:603,71,0,1
BRDA:603,71,1,6
BRDA:606,72,0,1
BRDA:606,72,1,5
BRDA:611,73,0,1
BRDA:611,73,1,4
BRDA:661,74,0,1
BRDA:661,74,1,12
BRDA:665,75,0,1
BRDA:665,75,1,11
BRDA:665,76,0,12
BRDA:665,76,1,3
BRDA:670,77,0,1
BRDA:670,77,1,10
BRDA:670,78,0,11
BRDA:670,78,1,2
BRDA:672,79,0,9
BRDA:672,79,1,1
BRDA:680,80,0,1
BRDA:680,80,1,9
BRDA:680,81,0,10
BRDA:680,81,1,8
BRDA:683,82,0,1
BRDA:683,82,1,8
BRDA:688,83,0,2
BRDA:688,83,1,6
BRDA:694,84,0,4
BRDA:694,84,1,2
BRDA:696,85,0,1
BRDA:696,85,1,3
BRDA:718,86,0,1
BRDA:718,86,1,1
BRDA:757,87,0,1
BRDA:757,87,1,21
BRDA:761,88,0,1
BRDA:761,88,1,20
BRDA:761,89,0,21
BRDA:761,89,1,11
BRDA:765,90,0,1
BRDA:765,90,1,19
BRDA:773,91,0,9
BRDA:773,91,1,10
BRDA:784,92,0,2
BRDA:784,92,1,17
BRDA:788,93,0,7
BRDA:788,93,1,10
BRDA:790,94,0,1
BRDA:790,94,1,6
BRDA:791,95,0,7
BRDA:791,95,1,2
BRDA:799,96,0,5
BRDA:799,96,1,1
BRDA:809,97,0,1
BRDA:809,97,1,0
BRDA:817,98,0,2
BRDA:817,98,1,4
BRDA:834,99,0,1
BRDA:834,99,1,9
BRDA:835,100,0,10
BRDA:835,100,1,3
BRDA:842,101,0,7
BRDA:842,101,1,2
BRDA:852,102,0,2
BRDA:852,102,1,0
BRDA:860,103,0,6
BRDA:860,103,1,3
BRDA:898,104,0,1
BRDA:898,104,1,12
BRDA:902,105,0,1
BRDA:902,105,1,11
BRDA:902,106,0,12
BRDA:902,106,1,7
BRDA:906,107,0,1
BRDA:906,107,1,10
BRDA:914,108,0,4
BRDA:914,108,1,6
BRDA:925,109,0,2
BRDA:925,109,1,8
BRDA:929,110,0,3
BRDA:929,110,1,5
BRDA:931,111,0,1
BRDA:931,111,1,2
BRDA:934,112,0,1
BRDA:934,112,1,1
BRDA:945,113,0,1
BRDA:945,113,1,0
BRDA:952,114,0,1
BRDA:952,114,1,0
BRDA:958,115,0,1
BRDA:958,115,1,4
BRDA:963,116,0,1
BRDA:963,116,1,3
BRDA:974,117,0,3
BRDA:974,117,1,0
BRDA:981,118,0,2
BRDA:981,118,1,1
BRF:240
BRH:235
end_of_record
TN:
SF:src/other.ts
FN:3,clearV1
FN:21,removeImages
FN:24,(anonymous_2)
FNF:3
FNH:3
FNDA:663,clearV1
FNDA:663,removeImages
FNDA:668,(anonymous_2)
DA:1,1
DA:3,1
DA:4,663
DA:5,663
DA:6,663
DA:7,663
DA:8,663
DA:9,663
DA:15,663
DA:16,663
DA:18,663
DA:22,663
DA:23,663
DA:24,663
DA:26,668
DA:27,5
DA:29,5
DA:30,5
DA:31,5
LF:19
LH:19
BRDA:26,0,0,5
BRDA:26,0,1,663
BRDA:26,1,0,668
BRDA:26,1,1,668
BRDA:29,2,0,5
BRF:5
BRH:5
end_of_record
TN:
SF:src/server.ts
FN:83,(anonymous_7)
FN:88,(anonymous_8)
FN:94,(anonymous_9)
FN:100,(anonymous_10)
FN:107,(anonymous_11)
FN:113,(anonymous_12)
FN:119,(anonymous_13)
FN:126,(anonymous_14)
FN:131,(anonymous_15)
FN:139,(anonymous_16)
FN:146,(anonymous_17)
FN:153,(anonymous_18)
FN:160,(anonymous_19)
FN:167,(anonymous_20)
FN:174,(anonymous_21)
FN:181,(anonymous_22)
FN:188,(anonymous_23)
FN:194,(anonymous_24)
FN:201,(anonymous_25)
FN:208,(anonymous_26)
FN:214,(anonymous_27)
FN:221,(anonymous_28)
FN:227,(anonymous_29)
FN:234,(anonymous_30)
FN:241,(anonymous_31)
FN:248,(anonymous_32)
FN:255,(anonymous_33)
FN:261,(anonymous_34)
FN:268,(anonymous_35)
FN:275,(anonymous_36)
FN:282,(anonymous_37)
FN:289,(anonymous_38)
FN:295,(anonymous_39)
FN:302,(anonymous_40)
FN:309,(anonymous_41)
FN:316,(anonymous_42)
FN:323,(anonymous_43)
FN:332,(anonymous_44)
FN:346,(anonymous_45)
FN:353,(anonymous_46)
FN:360,(anonymous_47)
FN:369,(anonymous_48)
FN:379,(anonymous_49)
FN:388,(anonymous_50)
FN:395,(anonymous_51)
FN:402,(anonymous_52)
FN:409,(anonymous_53)
FN:416,(anonymous_54)
FN:422,(anonymous_55)
FN:432,(anonymous_56)
FN:438,(anonymous_57)
FN:439,(anonymous_58)
FNF:52
FNH:52
FNDA:2,(anonymous_7)
FNDA:7,(anonymous_8)
FNDA:715,(anonymous_9)
FNDA:391,(anonymous_10)
FNDA:4,(anonymous_11)
FNDA:4,(anonymous_12)
FNDA:76,(anonymous_13)
FNDA:663,(anonymous_14)
FNDA:25,(anonymous_15)
FNDA:15,(anonymous_16)
FNDA:19,(anonymous_17)
FNDA:18,(anonymous_18)
FNDA:22,(anonymous_19)
FNDA:193,(anonymous_20)
FNDA:7,(anonymous_21)
FNDA:29,(anonymous_22)
FNDA:6,(anonymous_23)
FNDA:16,(anonymous_24)
FNDA:16,(anonymous_25)
FNDA:8,(anonymous_26)
FNDA:8,(anonymous_27)
FNDA:19,(anonymous_28)
FNDA:285,(anonymous_29)
FNDA:6,(anonymous_30)
FNDA:4,(anonymous_31)
FNDA:3,(anonymous_32)
FNDA:2,(anonymous_33)
FNDA:14,(anonymous_34)
FNDA:20,(anonymous_35)
FNDA:11,(anonymous_36)
FNDA:5,(anonymous_37)
FNDA:19,(anonymous_38)
FNDA:6,(anonymous_39)
FNDA:145,(anonymous_40)
FNDA:9,(anonymous_41)
FNDA:7,(anonymous_42)
FNDA:12,(anonymous_43)
FNDA:10,(anonymous_44)
FNDA:10,(anonymous_45)
FNDA:10,(anonymous_46)
FNDA:13,(anonymous_47)
FNDA:17,(anonymous_48)
FNDA:6,(anonymous_49)
FNDA:4,(anonymous_50)
FNDA:8,(anonymous_51)
FNDA:22,(anonymous_52)
FNDA:13,(anonymous_53)
FNDA:16,(anonymous_54)
FNDA:14,(anonymous_55)
FNDA:1,(anonymous_56)
FNDA:1,(anonymous_57)
FNDA:1,(anonymous_58)
DA:1,1
DA:2,1
DA:3,1
DA:4,1
DA:5,1
DA:6,1
DA:7,1
DA:15,1
DA:21,1
DA:30,1
DA:45,1
DA:55,1
DA:64,1
DA:65,1
DA:66,1
DA:69,1
DA:71,1
DA:73,1
DA:75,1
DA:77,1
DA:79,1
DA:80,1
DA:83,1
DA:84,2
DA:85,2
DA:88,1
DA:89,7
DA:90,7
DA:91,5
DA:94,1
DA:95,715
DA:96,715
DA:97,704
DA:100,1
DA:101,391
DA:102,391
DA:103,391
DA:104,388
DA:107,1
DA:108,4
DA:109,4
DA:110,3
DA:113,1
DA:114,4
DA:115,4
DA:116,3
DA:119,1
DA:120,76
DA:121,76
DA:122,76
DA:123,67
DA:126,1
DA:127,663
DA:128,663
DA:131,1
DA:132,25
DA:133,25
DA:134,25
DA:135,25
DA:136,21
DA:139,1
DA:140,15
DA:141,15
DA:142,15
DA:143,8
DA:146,1
DA:147,19
DA:148,19
DA:149,19
DA:150,6
DA:153,1
DA:154,18
DA:155,18
DA:156,18
DA:157,2
DA:160,1
DA:161,22
DA:162,22
DA:163,22
DA:164,17
DA:167,1
DA:168,193
DA:169,193
DA:170,193
DA:171,187
DA:174,1
DA:175,7
DA:176,7
DA:177,7
DA:178,4
DA:181,1
DA:182,29
DA:183,29
DA:184,29
DA:185,29
DA:186,25
DA:188,1
DA:189,6
DA:190,6
DA:191,5
DA:194,1
DA:195,16
DA:196,16
DA:197,16
DA:198,5
DA:201,1
DA:202,16
DA:203,16
DA:204,16
DA:205,8
DA:208,1
DA:209,8
DA:210,8
DA:211,5
DA:214,1
DA:215,8
DA:216,8
DA:217,8
DA:218,5
DA:221,1
DA:222,19
DA:223,19
DA:224,19
DA:225,10
DA:227,1
DA:228,285
DA:229,285
DA:230,285
DA:231,280
DA:234,1
DA:235,6
DA:236,6
DA:237,6
DA:238,1
DA:241,1
DA:242,4
DA:243,4
DA:244,4
DA:245,1
DA:248,1
DA:249,3
DA:250,3
DA:251,3
DA:252,1
DA:255,1
DA:256,2
DA:257,2
DA:258,1
DA:261,1
DA:262,14
DA:263,14
DA:264,14
DA:265,12
DA:268,1
DA:269,20
DA:270,20
DA:271,20
DA:272,12
DA:275,1
DA:276,11
DA:277,11
DA:278,11
DA:279,4
DA:282,1
DA:283,5
DA:284,5
DA:285,5
DA:286,2
DA:289,1
DA:290,19
DA:291,19
DA:292,18
DA:295,1
DA:296,6
DA:297,6
DA:298,6
DA:299,3
DA:302,1
DA:303,145
DA:304,145
DA:305,145
DA:306,140
DA:309,1
DA:310,9
DA:311,9
DA:312,9
DA:313,4
DA:316,1
DA:317,7
DA:318,7
DA:319,7
DA:320,4
DA:323,1
DA:324,12
DA:325,12
DA:326,12
DA:327,6
DA:330,1
DA:333,10
DA:334,10
DA:335,10
DA:343,2
DA:346,1
DA:347,10
DA:348,10
DA:349,10
DA:350,4
DA:353,1
DA:354,10
DA:355,10
DA:356,10
DA:357,4
DA:360,1
DA:361,13
DA:362,13
DA:363,13
DA:364,4
DA:367,1
DA:370,17
DA:371,17
DA:372,17
DA:373,5
DA:377,1
DA:380,6
DA:381,6
DA:382,6
DA:386,1
DA:389,4
DA:390,4
DA:391,2
DA:395,1
DA:396,8
DA:397,8
DA:398,8
DA:399,1
DA:402,1
DA:403,22
DA:404,22
DA:405,22
DA:406,15
DA:409,1
DA:410,13
DA:411,13
DA:412,13
DA:413,4
DA:416,1
DA:417,16
DA:418,16
DA:419,15
DA:422,1
DA:423,14
DA:424,14
DA:425,13
DA:430,1
DA:432,1
DA:434,1
DA:438,1
DA:439,1
LF:258
LH:258
BRDA:79,0,0,1
BRDA:79,0,1,1
BRDA:80,1,0,1
BRDA:80,1,1,1
BRF:4
BRH:4
end_of_record
TN:
SF:src/standup.ts
FN:19,standupStartV1
FN:57,(anonymous_2)
FN:83,standupActiveV1
FN:116,standupSendV1
FN:179,standUpEnd
FNF:5
FNH:5
FNDA:9,standupStartV1
FNDA:4,(anonymous_2)
FNDA:28,standupActiveV1
FNDA:12,standupSendV1
FNDA:4,standUpEnd
DA:1,1
DA:2,1
DA:3,1
DA:19,1
DA:24,9
DA:25,9
DA:26,9
DA:29,9
DA:30,1
DA:32,8
DA:33,1
DA:35,7
DA:36,1
DA:38,6
DA:39,1
DA:41,5
DA:42,5
DA:43,1
DA:46,4
DA:48,4
DA:49,4
DA:50,4
DA:51,4
DA:52,4
DA:54,4
DA:57,4
DA:59,4
DA:60,4
DA:62,1
DA:63,1
DA:64,1
DA:65,1
DA:66,1
DA:67,1
DA:68,1
DA:69,1
DA:73,4
DA:83,1
DA:84,28
DA:85,28
DA:86,28
DA:89,28
DA:90,1
DA:92,27
DA:93,1
DA:95,26
DA:96,1
DA:99,25
DA:100,25
DA:101,25
DA:103,25
DA:116,1
DA:121,12
DA:122,12
DA:123,12
DA:126,12
DA:127,1
DA:129,11
DA:130,1
DA:132,10
DA:133,1
DA:135,9
DA:136,1
DA:138,8
DA:139,1
DA:142,7
DA:143,7
DA:145,7
DA:147,7
DA:148,7
DA:149,1
DA:152,6
DA:167,6
DA:168,6
DA:170,6
DA:180,4
DA:181,4
DA:182,4
DA:183,4
DA:185,4
DA:186,1
DA:189,3
DA:190,1
DA:191,1
DA:192,1
DA:193,1
DA:194,1
DA:197,2
DA:198,2
DA:199,2
DA:200,6
DA:201,6
DA:202,6
DA:203,6
DA:206,6
DA:209,6
DA:210,2
DA:215,2
DA:230,2
DA:232,2
DA:233,2
DA:234,2
DA:235,2
DA:237,2
DA:239,2
LF:105
LH:105
BRDA:29,0,0,1
BRDA:29,0,1,8
BRDA:32,1,0,1
BRDA:32,1,1,7
BRDA:35,2,0,1
BRDA:35,2,1,6
BRDA:38,3,0,1
BRDA:38,3,1,5
BRDA:42,4,0,1
BRDA:42,4,1,4
BRDA:89,5,0,1
BRDA:89,5,1,27
BRDA:92,6,0,1
BRDA:92,6,1,26
BRDA:95,7,0,1
BRDA:95,7,1,25
BRDA:126,8,0,1
BRDA:126,8,1,11
BRDA:129,9,0,1
BRDA:129,9,1,10
BRDA:132,10,0,1
BRDA:132,10,1,9
BRDA:135,11,0,1
BRDA:135,11,1,8
BRDA:138,12,0,1
BRDA:138,12,1,7
BRDA:148,13,0,1
BRDA:148,13,1,6
BRDA:148,14,0,7
BRDA:148,14,1,1
BRDA:185,15,0,1
BRDA:185,15,1,3
BRDA:189,16,0,1
BRDA:189,16,1,2
BRDA:209,17,0,2
BRDA:209,17,1,4
BRF:36
BRH:36
end_of_record
TN:
SF:src/users.ts
FN:48,userProfileV2
FN:63,(anonymous_2)
FN:84,setEmail
FN:95,(anonymous_4)
FN:114,setName
FN:145,setHandle
FN:162,(anonymous_7)
FN:179,getAllUsers
FN:186,(anonymous_9)
FN:207,userProfileUploadPhotoV1
FN:278,userStatsV1
FN:293,usersStatsV1
FNF:12
FNH:12
FNDA:14,userProfileV2
FNDA:18,(anonymous_2)
FNDA:4,setEmail
FNDA:3,(anonymous_4)
FNDA:3,setName
FNDA:6,setHandle
FNDA:4,(anonymous_7)
FNDA:2,getAllUsers
FNDA:2,(anonymous_9)
FNDA:10,userProfileUploadPhotoV1
FNDA:16,userStatsV1
FNDA:14,usersStatsV1
DA:1,1
DA:9,1
DA:18,1
DA:19,1
DA:20,1
DA:21,1
DA:22,1
DA:48,1
DA:52,14
DA:53,14
DA:54,1
DA:57,13
DA:59,13
DA:60,1
DA:63,18
DA:65,12
DA:84,1
DA:85,4
DA:86,4
DA:87,1
DA:90,3
DA:91,1
DA:94,2
DA:95,3
DA:96,1
DA:98,1
DA:99,1
DA:101,1
DA:102,1
DA:103,1
DA:114,1
DA:115,3
DA:116,3
DA:117,3
DA:118,1
DA:121,2
DA:127,1
DA:129,1
DA:130,1
DA:131,1
DA:132,1
DA:133,1
DA:134,1
DA:135,1
DA:145,1
DA:149,6
DA:150,6
DA:151,6
DA:152,1
DA:155,5
DA:160,3
DA:162,4
DA:163,1
DA:165,1
DA:166,1
DA:167,1
DA:169,1
DA:170,1
DA:179,1
DA:180,2
DA:181,2
DA:182,2
DA:183,1
DA:185,1
DA:186,2
DA:207,1
DA:215,10
DA:216,10
DA:217,1
DA:220,9
DA:221,9
DA:222,1
DA:226,8
DA:227,1
DA:230,7
DA:232,7
DA:234,7
DA:235,7
DA:237,7
DA:245,5
DA:249,2
DA:250,2
DA:251,2
DA:263,2
DA:264,2
DA:265,2
DA:266,2
DA:267,2
DA:269,2
DA:271,2
DA:273,2
DA:275,2
DA:278,1
DA:279,16
DA:280,16
DA:281,1
DA:284,15
DA:286,15
DA:287,15
DA:288,15
DA:290,15
DA:293,1
DA:296,14
DA:297,14
DA:298,1
DA:302,13
DA:304,13
DA:305,13
DA:307,13
LF:109
LH:109
BRDA:53,0,0,1
BRDA:53,0,1,13
BRDA:59,1,0,1
BRDA:59,1,1,12
BRDA:86,2,0,1
BRDA:86,2,1,3
BRDA:90,3,0,1
BRDA:90,3,1,2
BRDA:95,4,0,1
BRDA:95,4,1,1
BRDA:117,5,0,1
BRDA:117,5,1,2
BRDA:121,6,0,1
BRDA:121,6,1,1
BRDA:122,7,0,2
BRDA:122,7,1,1
BRDA:122,7,2,1
BRDA:122,7,3,1
BRDA:151,8,0,1
BRDA:151,8,1,5
BRDA:155,9,0,3
BRDA:155,9,1,2
BRDA:156,10,0,5
BRDA:156,10,1,4
BRDA:156,10,2,3
BRDA:162,11,0,1
BRDA:162,11,1,1
BRDA:182,12,0,1
BRDA:182,12,1,1
BRDA:216,13,0,1
BRDA:216,13,1,9
BRDA:221,14,0,1
BRDA:221,14,1,8
BRDA:226,15,0,1
BRDA:226,15,1,7
BRDA:237,16,0,5
BRDA:237,16,1,2
BRDA:238,17,0,7
BRDA:238,17,1,7
BRDA:238,17,2,7
BRDA:238,17,3,5
BRDA:238,17,4,4
BRDA:238,17,5,2
BRDA:265,18,0,2
BRDA:265,18,1,2
BRDA:266,19,0,2
BRDA:266,19,1,2
BRDA:280,20,0,1
BRDA:280,20,1,15
BRDA:297,21,0,1
BRDA:297,21,1,13
BRF:51
BRH:51
end_of_record
